{"/Volumes/ssd/GithubCode/SPA/SPA.FE/SPA.mobile/app/_layout.tsx": {"path":"/Volumes/ssd/GithubCode/SPA/SPA.FE/SPA.mobile/app/_layout.tsx","statementMap":{"0":{"start":{"line":8,"column":33},"end":{"line":11,"column":1}},"1":{"start":{"line":16,"column":22},"end":{"line":16,"column":38}},"2":{"start":{"line":18,"column":2},"end":{"line":34,"column":4}}},"fnMap":{"0":{"name":"RootLayout","decl":{"start":{"line":15,"column":24},"end":{"line":15,"column":34}},"loc":{"start":{"line":15,"column":37},"end":{"line":35,"column":1}},"line":15}},"branchMap":{"0":{"loc":{"start":{"line":20,"column":28},"end":{"line":20,"column":77}},"type":"cond-expr","locations":[{"start":{"line":20,"column":53},"end":{"line":20,"column":62}},{"start":{"line":20,"column":65},"end":{"line":20,"column":77}}],"line":20}},"s":{"0":1,"1":1,"2":1},"f":{"0":1},"b":{"0":[1,0]},"_coverageSchema":"1a1c01bbd47fc00a2c39e90264f33305004495a9","hash":"6d9546ad2605b33a489c76b501e172afe2af8672"}
,"/Volumes/ssd/GithubCode/SPA/SPA.FE/SPA.mobile/app/modal.tsx": {"path":"/Volumes/ssd/GithubCode/SPA/SPA.FE/SPA.mobile/app/modal.tsx","statementMap":{"0":{"start":{"line":8,"column":2},"end":{"line":15,"column":4}},"1":{"start":{"line":18,"column":15},"end":{"line":29,"column":2}}},"fnMap":{"0":{"name":"ModalScreen","decl":{"start":{"line":7,"column":24},"end":{"line":7,"column":35}},"loc":{"start":{"line":7,"column":38},"end":{"line":16,"column":1}},"line":7}},"branchMap":{},"s":{"0":1,"1":1},"f":{"0":1},"b":{},"_coverageSchema":"1a1c01bbd47fc00a2c39e90264f33305004495a9","hash":"b00b03863262e680b9cfdc946453339021bce31a"}
,"/Volumes/ssd/GithubCode/SPA/SPA.FE/SPA.mobile/app/onboarding.tsx": {"path":"/Volumes/ssd/GithubCode/SPA/SPA.FE/SPA.mobile/app/onboarding.tsx","statementMap":{"0":{"start":{"line":16,"column":26},"end":{"line":16,"column":50}},"1":{"start":{"line":19,"column":27},"end":{"line":21,"column":3}},"2":{"start":{"line":20,"column":4},"end":{"line":20,"column":36}},"3":{"start":{"line":23,"column":2},"end":{"line":56,"column":4}},"4":{"start":{"line":59,"column":15},"end":{"line":124,"column":2}}},"fnMap":{"0":{"name":"OnboardingScreen","decl":{"start":{"line":18,"column":24},"end":{"line":18,"column":40}},"loc":{"start":{"line":18,"column":43},"end":{"line":57,"column":1}},"line":18},"1":{"name":"(anonymous_1)","decl":{"start":{"line":19,"column":27},"end":{"line":19,"column":28}},"loc":{"start":{"line":19,"column":33},"end":{"line":21,"column":3}},"line":19}},"branchMap":{},"s":{"0":1,"1":3,"2":1,"3":3,"4":1},"f":{"0":3,"1":1},"b":{},"_coverageSchema":"1a1c01bbd47fc00a2c39e90264f33305004495a9","hash":"4288367c93a30f6cb44a34ce7b5f95ccc918907b"}
,"/Volumes/ssd/GithubCode/SPA/SPA.FE/SPA.mobile/app/(auth)/_layout.tsx": {"path":"/Volumes/ssd/GithubCode/SPA/SPA.FE/SPA.mobile/app/(auth)/_layout.tsx","statementMap":{"0":{"start":{"line":4,"column":2},"end":{"line":8,"column":4}}},"fnMap":{"0":{"name":"AuthLayout","decl":{"start":{"line":3,"column":24},"end":{"line":3,"column":34}},"loc":{"start":{"line":3,"column":37},"end":{"line":9,"column":1}},"line":3}},"branchMap":{},"s":{"0":1},"f":{"0":1},"b":{},"_coverageSchema":"1a1c01bbd47fc00a2c39e90264f33305004495a9","hash":"3b003d79f33b373ecf78f4005f43f957703418a2"}
,"/Volumes/ssd/GithubCode/SPA/SPA.FE/SPA.mobile/app/(auth)/login.tsx": {"path":"/Volumes/ssd/GithubCode/SPA/SPA.FE/SPA.mobile/app/(auth)/login.tsx","statementMap":{"0":{"start":{"line":19,"column":34},"end":{"line":19,"column":58}},"1":{"start":{"line":22,"column":28},"end":{"line":22,"column":40}},"2":{"start":{"line":23,"column":34},"end":{"line":23,"column":46}},"3":{"start":{"line":24,"column":42},"end":{"line":24,"column":57}},"4":{"start":{"line":25,"column":42},"end":{"line":25,"column":57}},"5":{"start":{"line":26,"column":48},"end":{"line":26,"column":63}},"6":{"start":{"line":27,"column":32},"end":{"line":27,"column":47}},"7":{"start":{"line":29,"column":22},"end":{"line":35,"column":3}},"8":{"start":{"line":30,"column":4},"end":{"line":30,"column":21}},"9":{"start":{"line":31,"column":4},"end":{"line":34,"column":13}},"10":{"start":{"line":32,"column":6},"end":{"line":32,"column":24}},"11":{"start":{"line":33,"column":6},"end":{"line":33,"column":32}},"12":{"start":{"line":37,"column":2},"end":{"line":187,"column":4}},"13":{"start":{"line":95,"column":33},"end":{"line":95,"column":54}},"14":{"start":{"line":96,"column":32},"end":{"line":96,"column":54}},"15":{"start":{"line":124,"column":33},"end":{"line":124,"column":57}},"16":{"start":{"line":125,"column":32},"end":{"line":125,"column":57}},"17":{"start":{"line":127,"column":49},"end":{"line":127,"column":79}},"18":{"start":{"line":190,"column":15},"end":{"line":376,"column":2}}},"fnMap":{"0":{"name":"LoginScreen","decl":{"start":{"line":21,"column":24},"end":{"line":21,"column":35}},"loc":{"start":{"line":21,"column":38},"end":{"line":188,"column":1}},"line":21},"1":{"name":"(anonymous_1)","decl":{"start":{"line":29,"column":22},"end":{"line":29,"column":23}},"loc":{"start":{"line":29,"column":28},"end":{"line":35,"column":3}},"line":29},"2":{"name":"(anonymous_2)","decl":{"start":{"line":31,"column":15},"end":{"line":31,"column":16}},"loc":{"start":{"line":31,"column":21},"end":{"line":34,"column":5}},"line":31},"3":{"name":"(anonymous_3)","decl":{"start":{"line":95,"column":27},"end":{"line":95,"column":28}},"loc":{"start":{"line":95,"column":33},"end":{"line":95,"column":54}},"line":95},"4":{"name":"(anonymous_4)","decl":{"start":{"line":96,"column":26},"end":{"line":96,"column":27}},"loc":{"start":{"line":96,"column":32},"end":{"line":96,"column":54}},"line":96},"5":{"name":"(anonymous_5)","decl":{"start":{"line":124,"column":27},"end":{"line":124,"column":28}},"loc":{"start":{"line":124,"column":33},"end":{"line":124,"column":57}},"line":124},"6":{"name":"(anonymous_6)","decl":{"start":{"line":125,"column":26},"end":{"line":125,"column":27}},"loc":{"start":{"line":125,"column":32},"end":{"line":125,"column":57}},"line":125},"7":{"name":"(anonymous_7)","decl":{"start":{"line":127,"column":43},"end":{"line":127,"column":44}},"loc":{"start":{"line":127,"column":49},"end":{"line":127,"column":79}},"line":127}},"branchMap":{"0":{"loc":{"start":{"line":54,"column":18},"end":{"line":54,"column":62}},"type":"cond-expr","locations":[{"start":{"line":54,"column":42},"end":{"line":54,"column":51}},{"start":{"line":54,"column":54},"end":{"line":54,"column":62}}],"line":54},"1":{"loc":{"start":{"line":79,"column":45},"end":{"line":79,"column":87}},"type":"binary-expr","locations":[{"start":{"line":79,"column":45},"end":{"line":79,"column":57}},{"start":{"line":79,"column":61},"end":{"line":79,"column":87}}],"line":79},"2":{"loc":{"start":{"line":84,"column":25},"end":{"line":84,"column":77}},"type":"cond-expr","locations":[{"start":{"line":84,"column":40},"end":{"line":84,"column":53}},{"start":{"line":84,"column":56},"end":{"line":84,"column":77}}],"line":84},"3":{"loc":{"start":{"line":110,"column":45},"end":{"line":110,"column":90}},"type":"binary-expr","locations":[{"start":{"line":110,"column":45},"end":{"line":110,"column":60}},{"start":{"line":110,"column":64},"end":{"line":110,"column":90}}],"line":110},"4":{"loc":{"start":{"line":115,"column":25},"end":{"line":115,"column":80}},"type":"cond-expr","locations":[{"start":{"line":115,"column":43},"end":{"line":115,"column":56}},{"start":{"line":115,"column":59},"end":{"line":115,"column":80}}],"line":115},"5":{"loc":{"start":{"line":129,"column":26},"end":{"line":129,"column":74}},"type":"cond-expr","locations":[{"start":{"line":129,"column":41},"end":{"line":129,"column":58}},{"start":{"line":129,"column":61},"end":{"line":129,"column":74}}],"line":129},"6":{"loc":{"start":{"line":139,"column":40},"end":{"line":139,"column":74}},"type":"binary-expr","locations":[{"start":{"line":139,"column":40},"end":{"line":139,"column":47}},{"start":{"line":139,"column":51},"end":{"line":139,"column":74}}],"line":139},"7":{"loc":{"start":{"line":144,"column":15},"end":{"line":152,"column":15}},"type":"cond-expr","locations":[{"start":{"line":145,"column":16},"end":{"line":149,"column":23}},{"start":{"line":151,"column":16},"end":{"line":151,"column":65}}],"line":144}},"s":{"0":1,"1":2,"2":2,"3":2,"4":2,"5":2,"6":2,"7":2,"8":0,"9":0,"10":0,"11":0,"12":2,"13":0,"14":0,"15":0,"16":0,"17":0,"18":1},"f":{"0":2,"1":0,"2":0,"3":0,"4":0,"5":0,"6":0,"7":0},"b":{"0":[2,0],"1":[2,0],"2":[0,2],"3":[2,0],"4":[0,2],"5":[0,2],"6":[2,0],"7":[0,2]},"_coverageSchema":"1a1c01bbd47fc00a2c39e90264f33305004495a9","hash":"f81cb225319fe0d9e1c0d62e62ed9f232f80251d"}
,"/Volumes/ssd/GithubCode/SPA/SPA.FE/SPA.mobile/app/(tabs)/_layout.tsx": {"path":"/Volumes/ssd/GithubCode/SPA/SPA.FE/SPA.mobile/app/(tabs)/_layout.tsx","statementMap":{"0":{"start":{"line":8,"column":2},"end":{"line":12,"column":4}},"1":{"start":{"line":16,"column":2},"end":{"line":71,"column":4}},"2":{"start":{"line":31,"column":12},"end":{"line":31,"column":89}},"3":{"start":{"line":40,"column":12},"end":{"line":40,"column":89}},"4":{"start":{"line":48,"column":29},"end":{"line":48,"column":33}},"5":{"start":{"line":49,"column":28},"end":{"line":49,"column":42}},"6":{"start":{"line":57,"column":12},"end":{"line":57,"column":87}},"7":{"start":{"line":66,"column":12},"end":{"line":66,"column":93}},"8":{"start":{"line":74,"column":15},"end":{"line":97,"column":2}}},"fnMap":{"0":{"name":"ScanButton","decl":{"start":{"line":7,"column":9},"end":{"line":7,"column":19}},"loc":{"start":{"line":7,"column":22},"end":{"line":13,"column":1}},"line":7},"1":{"name":"TabLayout","decl":{"start":{"line":15,"column":24},"end":{"line":15,"column":33}},"loc":{"start":{"line":15,"column":36},"end":{"line":72,"column":1}},"line":15},"2":{"name":"(anonymous_2)","decl":{"start":{"line":30,"column":22},"end":{"line":30,"column":23}},"loc":{"start":{"line":31,"column":12},"end":{"line":31,"column":89}},"line":31},"3":{"name":"(anonymous_3)","decl":{"start":{"line":39,"column":22},"end":{"line":39,"column":23}},"loc":{"start":{"line":40,"column":12},"end":{"line":40,"column":89}},"line":40},"4":{"name":"(anonymous_4)","decl":{"start":{"line":48,"column":23},"end":{"line":48,"column":24}},"loc":{"start":{"line":48,"column":29},"end":{"line":48,"column":33}},"line":48},"5":{"name":"(anonymous_5)","decl":{"start":{"line":49,"column":22},"end":{"line":49,"column":23}},"loc":{"start":{"line":49,"column":28},"end":{"line":49,"column":42}},"line":49},"6":{"name":"(anonymous_6)","decl":{"start":{"line":56,"column":22},"end":{"line":56,"column":23}},"loc":{"start":{"line":57,"column":12},"end":{"line":57,"column":87}},"line":57},"7":{"name":"(anonymous_7)","decl":{"start":{"line":65,"column":22},"end":{"line":65,"column":23}},"loc":{"start":{"line":66,"column":12},"end":{"line":66,"column":93}},"line":66}},"branchMap":{"0":{"loc":{"start":{"line":31,"column":28},"end":{"line":31,"column":61}},"type":"cond-expr","locations":[{"start":{"line":31,"column":38},"end":{"line":31,"column":44}},{"start":{"line":31,"column":47},"end":{"line":31,"column":61}}],"line":31},"1":{"loc":{"start":{"line":40,"column":28},"end":{"line":40,"column":61}},"type":"cond-expr","locations":[{"start":{"line":40,"column":38},"end":{"line":40,"column":44}},{"start":{"line":40,"column":47},"end":{"line":40,"column":61}}],"line":40},"2":{"loc":{"start":{"line":57,"column":28},"end":{"line":57,"column":59}},"type":"cond-expr","locations":[{"start":{"line":57,"column":38},"end":{"line":57,"column":43}},{"start":{"line":57,"column":46},"end":{"line":57,"column":59}}],"line":57},"3":{"loc":{"start":{"line":66,"column":28},"end":{"line":66,"column":65}},"type":"cond-expr","locations":[{"start":{"line":66,"column":38},"end":{"line":66,"column":46}},{"start":{"line":66,"column":49},"end":{"line":66,"column":65}}],"line":66}},"s":{"0":0,"1":1,"2":2,"3":2,"4":1,"5":2,"6":2,"7":2,"8":1},"f":{"0":0,"1":1,"2":2,"3":2,"4":1,"5":2,"6":2,"7":2},"b":{"0":[1,1],"1":[1,1],"2":[1,1],"3":[1,1]},"_coverageSchema":"1a1c01bbd47fc00a2c39e90264f33305004495a9","hash":"c032ccb4495f447d00052a2ca9b0e5371267c0ad"}
,"/Volumes/ssd/GithubCode/SPA/SPA.FE/SPA.mobile/app/(tabs)/explore.tsx": {"path":"/Volumes/ssd/GithubCode/SPA/SPA.FE/SPA.mobile/app/(tabs)/explore.tsx","statementMap":{"0":{"start":{"line":5,"column":2},"end":{"line":5,"column":23}}},"fnMap":{"0":{"name":"ExploreScreen","decl":{"start":{"line":4,"column":24},"end":{"line":4,"column":37}},"loc":{"start":{"line":4,"column":40},"end":{"line":6,"column":1}},"line":4}},"branchMap":{},"s":{"0":1},"f":{"0":1},"b":{},"_coverageSchema":"1a1c01bbd47fc00a2c39e90264f33305004495a9","hash":"7395387fd3ddf5fb3950288ffd380decf10a1dc9"}
,"/Volumes/ssd/GithubCode/SPA/SPA.FE/SPA.mobile/app/(tabs)/index.tsx": {"path":"/Volumes/ssd/GithubCode/SPA/SPA.FE/SPA.mobile/app/(tabs)/index.tsx","statementMap":{"0":{"start":{"line":27,"column":19},"end":{"line":27,"column":23}},"1":{"start":{"line":28,"column":28},"end":{"line":28,"column":32}},"2":{"start":{"line":29,"column":0},"end":{"line":33,"column":1}},"3":{"start":{"line":30,"column":15},"end":{"line":30,"column":43}},"4":{"start":{"line":31,"column":2},"end":{"line":31,"column":25}},"5":{"start":{"line":32,"column":2},"end":{"line":32,"column":43}},"6":{"start":{"line":35,"column":18},"end":{"line":35,"column":42}},"7":{"start":{"line":39,"column":56},"end":{"line":44,"column":1}},"8":{"start":{"line":47,"column":50},"end":{"line":47,"column":75}},"9":{"start":{"line":49,"column":2},"end":{"line":163,"column":4}},"10":{"start":{"line":78,"column":31},"end":{"line":78,"column":53}},"11":{"start":{"line":140,"column":12},"end":{"line":146,"column":14}},"12":{"start":{"line":145,"column":29},"end":{"line":145,"column":58}},"13":{"start":{"line":156,"column":12},"end":{"line":156,"column":50}},"14":{"start":{"line":166,"column":15},"end":{"line":332,"column":2}}},"fnMap":{"0":{"name":"HomeScreen","decl":{"start":{"line":46,"column":24},"end":{"line":46,"column":34}},"loc":{"start":{"line":46,"column":37},"end":{"line":164,"column":1}},"line":46},"1":{"name":"(anonymous_1)","decl":{"start":{"line":78,"column":25},"end":{"line":78,"column":26}},"loc":{"start":{"line":78,"column":31},"end":{"line":78,"column":53}},"line":78},"2":{"name":"(anonymous_2)","decl":{"start":{"line":139,"column":26},"end":{"line":139,"column":27}},"loc":{"start":{"line":140,"column":12},"end":{"line":146,"column":14}},"line":140},"3":{"name":"(anonymous_3)","decl":{"start":{"line":145,"column":23},"end":{"line":145,"column":24}},"loc":{"start":{"line":145,"column":29},"end":{"line":145,"column":58}},"line":145},"4":{"name":"(anonymous_4)","decl":{"start":{"line":155,"column":31},"end":{"line":155,"column":32}},"loc":{"start":{"line":156,"column":12},"end":{"line":156,"column":50}},"line":156}},"branchMap":{"0":{"loc":{"start":{"line":29,"column":0},"end":{"line":33,"column":1}},"type":"if","locations":[{"start":{"line":29,"column":0},"end":{"line":33,"column":1}},{"start":{},"end":{}}],"line":29},"1":{"loc":{"start":{"line":59,"column":15},"end":{"line":68,"column":15}},"type":"cond-expr","locations":[{"start":{"line":60,"column":16},"end":{"line":63,"column":18}},{"start":{"line":65,"column":16},"end":{"line":67,"column":23}}],"line":59},"2":{"loc":{"start":{"line":107,"column":11},"end":{"line":121,"column":11}},"type":"cond-expr","locations":[{"start":{"line":108,"column":12},"end":{"line":116,"column":14}},{"start":{"line":118,"column":12},"end":{"line":120,"column":19}}],"line":107}},"s":{"0":1,"1":1,"2":1,"3":1,"4":1,"5":1,"6":1,"7":1,"8":3,"9":3,"10":1,"11":12,"12":0,"13":15,"14":1},"f":{"0":3,"1":1,"2":12,"3":0,"4":15},"b":{"0":[1,0],"1":[0,3],"2":[3,0]},"_coverageSchema":"1a1c01bbd47fc00a2c39e90264f33305004495a9","hash":"02b1b8f66e994178bfa390df84834e5fd48ac08f"}
,"/Volumes/ssd/GithubCode/SPA/SPA.FE/SPA.mobile/app/(tabs)/map.tsx": {"path":"/Volumes/ssd/GithubCode/SPA/SPA.FE/SPA.mobile/app/(tabs)/map.tsx","statementMap":{"0":{"start":{"line":24,"column":19},"end":{"line":24,"column":23}},"1":{"start":{"line":25,"column":18},"end":{"line":25,"column":22}},"2":{"start":{"line":26,"column":28},"end":{"line":26,"column":32}},"3":{"start":{"line":27,"column":0},"end":{"line":32,"column":1}},"4":{"start":{"line":28,"column":15},"end":{"line":28,"column":43}},"5":{"start":{"line":29,"column":2},"end":{"line":29,"column":25}},"6":{"start":{"line":30,"column":2},"end":{"line":30,"column":23}},"7":{"start":{"line":31,"column":2},"end":{"line":31,"column":43}},"8":{"start":{"line":36,"column":34},"end":{"line":36,"column":58}},"9":{"start":{"line":39,"column":30},"end":{"line":39,"column":42}},"10":{"start":{"line":40,"column":38},"end":{"line":40,"column":67}},"11":{"start":{"line":41,"column":40},"end":{"line":41,"column":72}},"12":{"start":{"line":42,"column":32},"end":{"line":42,"column":47}},"13":{"start":{"line":43,"column":17},"end":{"line":43,"column":34}},"14":{"start":{"line":45,"column":2},"end":{"line":64,"column":9}},"15":{"start":{"line":46,"column":22},"end":{"line":61,"column":5}},"16":{"start":{"line":47,"column":6},"end":{"line":47,"column":23}},"17":{"start":{"line":48,"column":6},"end":{"line":60,"column":7}},"18":{"start":{"line":49,"column":21},"end":{"line":52,"column":9}},"19":{"start":{"line":53,"column":8},"end":{"line":55,"column":9}},"20":{"start":{"line":54,"column":10},"end":{"line":54,"column":31}},"21":{"start":{"line":57,"column":8},"end":{"line":57,"column":67}},"22":{"start":{"line":59,"column":8},"end":{"line":59,"column":26}},"23":{"start":{"line":63,"column":4},"end":{"line":63,"column":16}},"24":{"start":{"line":67,"column":25},"end":{"line":67,"column":50}},"25":{"start":{"line":68,"column":21},"end":{"line":68,"column":61}},"26":{"start":{"line":68,"column":35},"end":{"line":68,"column":56}},"27":{"start":{"line":70,"column":29},"end":{"line":74,"column":8}},"28":{"start":{"line":71,"column":4},"end":{"line":73,"column":5}},"29":{"start":{"line":72,"column":6},"end":{"line":72,"column":61}},"30":{"start":{"line":76,"column":23},"end":{"line":80,"column":3}},"31":{"start":{"line":78,"column":6},"end":{"line":79,"column":60}},"32":{"start":{"line":82,"column":24},"end":{"line":95,"column":3}},"33":{"start":{"line":83,"column":4},"end":{"line":83,"column":26}},"34":{"start":{"line":84,"column":4},"end":{"line":86,"column":5}},"35":{"start":{"line":85,"column":6},"end":{"line":85,"column":31}},"36":{"start":{"line":87,"column":4},"end":{"line":87,"column":43}},"37":{"start":{"line":89,"column":4},"end":{"line":94,"column":12}},"38":{"start":{"line":97,"column":19},"end":{"line":99,"column":3}},"39":{"start":{"line":98,"column":4},"end":{"line":98,"column":59}},"40":{"start":{"line":101,"column":2},"end":{"line":206,"column":4}},"41":{"start":{"line":113,"column":12},"end":{"line":113,"column":32}},"42":{"start":{"line":114,"column":12},"end":{"line":114,"column":31}},"43":{"start":{"line":118,"column":12},"end":{"line":143,"column":21}},"44":{"start":{"line":121,"column":29},"end":{"line":121,"column":47}},"45":{"start":{"line":158,"column":66},"end":{"line":158,"column":79}},"46":{"start":{"line":195,"column":34},"end":{"line":195,"column":41}},"47":{"start":{"line":197,"column":12},"end":{"line":199,"column":19}},"48":{"start":{"line":209,"column":15},"end":{"line":355,"column":2}}},"fnMap":{"0":{"name":"MapScreen","decl":{"start":{"line":38,"column":24},"end":{"line":38,"column":33}},"loc":{"start":{"line":38,"column":36},"end":{"line":207,"column":1}},"line":38},"1":{"name":"(anonymous_1)","decl":{"start":{"line":45,"column":18},"end":{"line":45,"column":19}},"loc":{"start":{"line":45,"column":24},"end":{"line":64,"column":3}},"line":45},"2":{"name":"(anonymous_2)","decl":{"start":{"line":46,"column":22},"end":{"line":46,"column":23}},"loc":{"start":{"line":46,"column":34},"end":{"line":61,"column":5}},"line":46},"3":{"name":"(anonymous_3)","decl":{"start":{"line":68,"column":29},"end":{"line":68,"column":30}},"loc":{"start":{"line":68,"column":35},"end":{"line":68,"column":56}},"line":68},"4":{"name":"(anonymous_4)","decl":{"start":{"line":70,"column":41},"end":{"line":70,"column":42}},"loc":{"start":{"line":70,"column":60},"end":{"line":74,"column":3}},"line":70},"5":{"name":"(anonymous_5)","decl":{"start":{"line":77,"column":4},"end":{"line":77,"column":5}},"loc":{"start":{"line":78,"column":6},"end":{"line":79,"column":60}},"line":78},"6":{"name":"(anonymous_6)","decl":{"start":{"line":82,"column":24},"end":{"line":82,"column":25}},"loc":{"start":{"line":82,"column":38},"end":{"line":95,"column":3}},"line":82},"7":{"name":"(anonymous_7)","decl":{"start":{"line":97,"column":19},"end":{"line":97,"column":20}},"loc":{"start":{"line":97,"column":25},"end":{"line":99,"column":3}},"line":97},"8":{"name":"(anonymous_8)","decl":{"start":{"line":112,"column":19},"end":{"line":112,"column":20}},"loc":{"start":{"line":112,"column":25},"end":{"line":115,"column":11}},"line":112},"9":{"name":"(anonymous_9)","decl":{"start":{"line":117,"column":37},"end":{"line":117,"column":38}},"loc":{"start":{"line":118,"column":12},"end":{"line":143,"column":21}},"line":118},"10":{"name":"(anonymous_10)","decl":{"start":{"line":121,"column":23},"end":{"line":121,"column":24}},"loc":{"start":{"line":121,"column":29},"end":{"line":121,"column":47}},"line":121},"11":{"name":"(anonymous_11)","decl":{"start":{"line":158,"column":60},"end":{"line":158,"column":61}},"loc":{"start":{"line":158,"column":66},"end":{"line":158,"column":79}},"line":158},"12":{"name":"(anonymous_12)","decl":{"start":{"line":195,"column":24},"end":{"line":195,"column":25}},"loc":{"start":{"line":195,"column":34},"end":{"line":195,"column":41}},"line":195},"13":{"name":"(anonymous_13)","decl":{"start":{"line":196,"column":22},"end":{"line":196,"column":23}},"loc":{"start":{"line":197,"column":12},"end":{"line":199,"column":19}},"line":197}},"branchMap":{"0":{"loc":{"start":{"line":27,"column":0},"end":{"line":32,"column":1}},"type":"if","locations":[{"start":{"line":27,"column":0},"end":{"line":32,"column":1}},{"start":{},"end":{}}],"line":27},"1":{"loc":{"start":{"line":53,"column":8},"end":{"line":55,"column":9}},"type":"if","locations":[{"start":{"line":53,"column":8},"end":{"line":55,"column":9}},{"start":{},"end":{}}],"line":53},"2":{"loc":{"start":{"line":53,"column":12},"end":{"line":53,"column":35}},"type":"binary-expr","locations":[{"start":{"line":53,"column":12},"end":{"line":53,"column":16}},{"start":{"line":53,"column":20},"end":{"line":53,"column":35}}],"line":53},"3":{"loc":{"start":{"line":71,"column":4},"end":{"line":73,"column":5}},"type":"if","locations":[{"start":{"line":71,"column":4},"end":{"line":73,"column":5}},{"start":{},"end":{}}],"line":71},"4":{"loc":{"start":{"line":78,"column":6},"end":{"line":79,"column":60}},"type":"binary-expr","locations":[{"start":{"line":78,"column":6},"end":{"line":78,"column":57}},{"start":{"line":79,"column":6},"end":{"line":79,"column":60}}],"line":78},"5":{"loc":{"start":{"line":84,"column":4},"end":{"line":86,"column":5}},"type":"if","locations":[{"start":{"line":84,"column":4},"end":{"line":86,"column":5}},{"start":{},"end":{}}],"line":84},"6":{"loc":{"start":{"line":104,"column":7},"end":{"line":153,"column":7}},"type":"cond-expr","locations":[{"start":{"line":105,"column":8},"end":{"line":145,"column":18}},{"start":{"line":147,"column":8},"end":{"line":152,"column":15}}],"line":104},"7":{"loc":{"start":{"line":117,"column":11},"end":{"line":144,"column":12}},"type":"binary-expr","locations":[{"start":{"line":117,"column":11},"end":{"line":117,"column":17}},{"start":{"line":117,"column":21},"end":{"line":144,"column":12}}],"line":117},"8":{"loc":{"start":{"line":126,"column":18},"end":{"line":126,"column":64}},"type":"binary-expr","locations":[{"start":{"line":126,"column":18},"end":{"line":126,"column":39}},{"start":{"line":126,"column":43},"end":{"line":126,"column":64}}],"line":126},"9":{"loc":{"start":{"line":129,"column":53},"end":{"line":129,"column":107}},"type":"binary-expr","locations":[{"start":{"line":129,"column":53},"end":{"line":129,"column":74}},{"start":{"line":129,"column":78},"end":{"line":129,"column":107}}],"line":129},"10":{"loc":{"start":{"line":130,"column":49},"end":{"line":130,"column":96}},"type":"binary-expr","locations":[{"start":{"line":130,"column":49},"end":{"line":130,"column":70}},{"start":{"line":130,"column":74},"end":{"line":130,"column":96}}],"line":130},"11":{"loc":{"start":{"line":132,"column":17},"end":{"line":141,"column":17}},"type":"binary-expr","locations":[{"start":{"line":132,"column":17},"end":{"line":132,"column":38}},{"start":{"line":133,"column":18},"end":{"line":140,"column":25}}],"line":132}},"s":{"0":1,"1":1,"2":1,"3":1,"4":1,"5":1,"6":1,"7":1,"8":1,"9":7,"10":7,"11":7,"12":7,"13":7,"14":7,"15":2,"16":2,"17":2,"18":2,"19":2,"20":0,"21":0,"22":2,"23":2,"24":7,"25":7,"26":2,"27":7,"28":0,"29":0,"30":7,"31":35,"32":7,"33":1,"34":1,"35":1,"36":0,"37":0,"38":7,"39":0,"40":7,"41":0,"42":0,"43":35,"44":1,"45":0,"46":0,"47":35,"48":1},"f":{"0":7,"1":2,"2":2,"3":2,"4":0,"5":35,"6":1,"7":0,"8":0,"9":35,"10":1,"11":0,"12":0,"13":35},"b":{"0":[1,0],"1":[0,2],"2":[2,2],"3":[0,0],"4":[35,0],"5":[1,0],"6":[7,0],"7":[7,7],"8":[35,2],"9":[35,2],"10":[35,2],"11":[35,2]},"_coverageSchema":"1a1c01bbd47fc00a2c39e90264f33305004495a9","hash":"d7d77b63895361019e1d5f64e801a096c253f187"}
,"/Volumes/ssd/GithubCode/SPA/SPA.FE/SPA.mobile/app/(tabs)/profile.tsx": {"path":"/Volumes/ssd/GithubCode/SPA/SPA.FE/SPA.mobile/app/(tabs)/profile.tsx","statementMap":{"0":{"start":{"line":17,"column":19},"end":{"line":26,"column":1}},"1":{"start":{"line":29,"column":28},"end":{"line":29,"column":87}},"2":{"start":{"line":29,"column":55},"end":{"line":29,"column":79}},"3":{"start":{"line":31,"column":2},"end":{"line":124,"column":4}},"4":{"start":{"line":88,"column":12},"end":{"line":116,"column":29}},"5":{"start":{"line":93,"column":18},"end":{"line":95,"column":19}},"6":{"start":{"line":94,"column":20},"end":{"line":94,"column":43}},"7":{"start":{"line":96,"column":18},"end":{"line":98,"column":19}},"8":{"start":{"line":97,"column":20},"end":{"line":97,"column":52}},"9":{"start":{"line":127,"column":15},"end":{"line":225,"column":2}}},"fnMap":{"0":{"name":"ProfileScreen","decl":{"start":{"line":28,"column":24},"end":{"line":28,"column":37}},"loc":{"start":{"line":28,"column":40},"end":{"line":125,"column":1}},"line":28},"1":{"name":"(anonymous_1)","decl":{"start":{"line":29,"column":48},"end":{"line":29,"column":49}},"loc":{"start":{"line":29,"column":55},"end":{"line":29,"column":79}},"line":29},"2":{"name":"(anonymous_2)","decl":{"start":{"line":87,"column":26},"end":{"line":87,"column":27}},"loc":{"start":{"line":88,"column":12},"end":{"line":116,"column":29}},"line":88},"3":{"name":"(anonymous_3)","decl":{"start":{"line":92,"column":25},"end":{"line":92,"column":26}},"loc":{"start":{"line":92,"column":31},"end":{"line":99,"column":17}},"line":92}},"branchMap":{"0":{"loc":{"start":{"line":47,"column":13},"end":{"line":53,"column":13}},"type":"cond-expr","locations":[{"start":{"line":48,"column":14},"end":{"line":48,"column":82}},{"start":{"line":50,"column":14},"end":{"line":52,"column":21}}],"line":47},"1":{"loc":{"start":{"line":93,"column":18},"end":{"line":95,"column":19}},"type":"if","locations":[{"start":{"line":93,"column":18},"end":{"line":95,"column":19}},{"start":{},"end":{}}],"line":93},"2":{"loc":{"start":{"line":93,"column":22},"end":{"line":93,"column":84}},"type":"binary-expr","locations":[{"start":{"line":93,"column":22},"end":{"line":93,"column":48}},{"start":{"line":93,"column":52},"end":{"line":93,"column":84}}],"line":93},"3":{"loc":{"start":{"line":96,"column":18},"end":{"line":98,"column":19}},"type":"if","locations":[{"start":{"line":96,"column":18},"end":{"line":98,"column":19}},{"start":{},"end":{}}],"line":96},"4":{"loc":{"start":{"line":101,"column":49},"end":{"line":101,"column":87}},"type":"binary-expr","locations":[{"start":{"line":101,"column":49},"end":{"line":101,"column":60}},{"start":{"line":101,"column":64},"end":{"line":101,"column":87}}],"line":101},"5":{"loc":{"start":{"line":105,"column":27},"end":{"line":105,"column":77}},"type":"cond-expr","locations":[{"start":{"line":105,"column":41},"end":{"line":105,"column":55}},{"start":{"line":105,"column":58},"end":{"line":105,"column":77}}],"line":105},"6":{"loc":{"start":{"line":108,"column":48},"end":{"line":108,"column":85}},"type":"binary-expr","locations":[{"start":{"line":108,"column":48},"end":{"line":108,"column":59}},{"start":{"line":108,"column":63},"end":{"line":108,"column":85}}],"line":108},"7":{"loc":{"start":{"line":111,"column":17},"end":{"line":113,"column":17}},"type":"binary-expr","locations":[{"start":{"line":111,"column":17},"end":{"line":111,"column":29}},{"start":{"line":112,"column":18},"end":{"line":112,"column":93}}],"line":111},"8":{"loc":{"start":{"line":115,"column":15},"end":{"line":115,"column":83}},"type":"binary-expr","locations":[{"start":{"line":115,"column":15},"end":{"line":115,"column":44}},{"start":{"line":115,"column":48},"end":{"line":115,"column":83}}],"line":115}},"s":{"0":1,"1":1,"2":1,"3":1,"4":8,"5":0,"6":0,"7":0,"8":0,"9":1},"f":{"0":1,"1":1,"2":8,"3":0},"b":{"0":[0,1],"1":[0,0],"2":[0,0],"3":[0,0],"4":[8,1],"5":[1,7],"6":[8,1],"7":[8,7],"8":[8,7]},"_coverageSchema":"1a1c01bbd47fc00a2c39e90264f33305004495a9","hash":"664a3db5691a4ac3b002f721a0c6d3099303863b"}
,"/Volumes/ssd/GithubCode/SPA/SPA.FE/SPA.mobile/app/(tabs)/sessions.tsx": {"path":"/Volumes/ssd/GithubCode/SPA/SPA.FE/SPA.mobile/app/(tabs)/sessions.tsx","statementMap":{"0":{"start":{"line":15,"column":22},"end":{"line":19,"column":1}},"1":{"start":{"line":21,"column":22},"end":{"line":25,"column":1}},"2":{"start":{"line":28,"column":2},"end":{"line":68,"column":4}},"3":{"start":{"line":82,"column":2},"end":{"line":90,"column":4}},"4":{"start":{"line":94,"column":30},"end":{"line":94,"column":91}},"5":{"start":{"line":97,"column":4},"end":{"line":97,"column":85}},"6":{"start":{"line":97,"column":65},"end":{"line":97,"column":84}},"7":{"start":{"line":99,"column":18},"end":{"line":104,"column":12}},"8":{"start":{"line":106,"column":2},"end":{"line":154,"column":4}},"9":{"start":{"line":119,"column":14},"end":{"line":132,"column":33}},"10":{"start":{"line":122,"column":31},"end":{"line":122,"column":47}},"11":{"start":{"line":149,"column":30},"end":{"line":149,"column":68}},"12":{"start":{"line":157,"column":15},"end":{"line":251,"column":2}}},"fnMap":{"0":{"name":"SessionCard","decl":{"start":{"line":27,"column":9},"end":{"line":27,"column":20}},"loc":{"start":{"line":27,"column":63},"end":{"line":69,"column":1}},"line":27},"1":{"name":"DetailItem","decl":{"start":{"line":71,"column":9},"end":{"line":71,"column":19}},"loc":{"start":{"line":81,"column":3},"end":{"line":91,"column":1}},"line":81},"2":{"name":"SessionsScreen","decl":{"start":{"line":93,"column":24},"end":{"line":93,"column":38}},"loc":{"start":{"line":93,"column":41},"end":{"line":155,"column":1}},"line":93},"3":{"name":"(anonymous_3)","decl":{"start":{"line":97,"column":58},"end":{"line":97,"column":59}},"loc":{"start":{"line":97,"column":65},"end":{"line":97,"column":84}},"line":97},"4":{"name":"(anonymous_4)","decl":{"start":{"line":118,"column":25},"end":{"line":118,"column":26}},"loc":{"start":{"line":119,"column":14},"end":{"line":132,"column":33}},"line":119},"5":{"name":"(anonymous_5)","decl":{"start":{"line":122,"column":25},"end":{"line":122,"column":26}},"loc":{"start":{"line":122,"column":31},"end":{"line":122,"column":47}},"line":122},"6":{"name":"(anonymous_6)","decl":{"start":{"line":149,"column":23},"end":{"line":149,"column":24}},"loc":{"start":{"line":149,"column":30},"end":{"line":149,"column":68}},"line":149}},"branchMap":{"0":{"loc":{"start":{"line":86,"column":40},"end":{"line":86,"column":80}},"type":"binary-expr","locations":[{"start":{"line":86,"column":40},"end":{"line":86,"column":49}},{"start":{"line":86,"column":53},"end":{"line":86,"column":80}}],"line":86},"1":{"loc":{"start":{"line":97,"column":4},"end":{"line":97,"column":85}},"type":"cond-expr","locations":[{"start":{"line":97,"column":23},"end":{"line":97,"column":35}},{"start":{"line":97,"column":38},"end":{"line":97,"column":85}}],"line":97},"2":{"loc":{"start":{"line":121,"column":43},"end":{"line":121,"column":86}},"type":"binary-expr","locations":[{"start":{"line":121,"column":43},"end":{"line":121,"column":59}},{"start":{"line":121,"column":63},"end":{"line":121,"column":86}}],"line":121},"3":{"loc":{"start":{"line":127,"column":20},"end":{"line":127,"column":67}},"type":"binary-expr","locations":[{"start":{"line":127,"column":20},"end":{"line":127,"column":36}},{"start":{"line":127,"column":40},"end":{"line":127,"column":67}}],"line":127},"4":{"loc":{"start":{"line":143,"column":9},"end":{"line":150,"column":9}},"type":"cond-expr","locations":[{"start":{"line":144,"column":10},"end":{"line":147,"column":17}},{"start":{"line":149,"column":10},"end":{"line":149,"column":69}}],"line":143}},"s":{"0":1,"1":1,"2":1,"3":4,"4":1,"5":1,"6":0,"7":1,"8":1,"9":4,"10":0,"11":1,"12":1},"f":{"0":1,"1":4,"2":1,"3":0,"4":4,"5":0,"6":1},"b":{"0":[4,1],"1":[1,0],"2":[4,1],"3":[4,1],"4":[0,1]},"_coverageSchema":"1a1c01bbd47fc00a2c39e90264f33305004495a9","hash":"f9f1eea91f39e04517870ace77655bd33bd9dd58"}
,"/Volumes/ssd/GithubCode/SPA/SPA.FE/SPA.mobile/app/parking/[id].tsx": {"path":"/Volumes/ssd/GithubCode/SPA/SPA.FE/SPA.mobile/app/parking/[id].tsx","statementMap":{"0":{"start":{"line":19,"column":32},"end":{"line":19,"column":56}},"1":{"start":{"line":20,"column":18},"end":{"line":20,"column":19}},"2":{"start":{"line":21,"column":19},"end":{"line":21,"column":75}},"3":{"start":{"line":23,"column":21},"end":{"line":31,"column":1}},"4":{"start":{"line":40,"column":2},"end":{"line":59,"column":3}},"5":{"start":{"line":41,"column":4},"end":{"line":58,"column":6}},"6":{"start":{"line":61,"column":2},"end":{"line":74,"column":3}},"7":{"start":{"line":62,"column":4},"end":{"line":73,"column":6}},"8":{"start":{"line":65,"column":23},"end":{"line":65,"column":36}},"9":{"start":{"line":76,"column":2},"end":{"line":84,"column":4}},"10":{"start":{"line":79,"column":21},"end":{"line":79,"column":34}},"11":{"start":{"line":88,"column":17},"end":{"line":88,"column":55}},"12":{"start":{"line":89,"column":14},"end":{"line":89,"column":76}},"13":{"start":{"line":89,"column":42},"end":{"line":89,"column":53}},"14":{"start":{"line":91,"column":44},"end":{"line":91,"column":84}},"15":{"start":{"line":92,"column":42},"end":{"line":92,"column":67}},"16":{"start":{"line":93,"column":46},"end":{"line":93,"column":61}},"17":{"start":{"line":94,"column":44},"end":{"line":94,"column":59}},"18":{"start":{"line":95,"column":28},"end":{"line":97,"column":3}},"19":{"start":{"line":96,"column":4},"end":{"line":96,"column":39}},"20":{"start":{"line":98,"column":42},"end":{"line":98,"column":76}},"21":{"start":{"line":100,"column":28},"end":{"line":105,"column":3}},"22":{"start":{"line":101,"column":4},"end":{"line":101,"column":28}},"23":{"start":{"line":102,"column":4},"end":{"line":102,"column":42}},"24":{"start":{"line":103,"column":4},"end":{"line":103,"column":26}},"25":{"start":{"line":104,"column":4},"end":{"line":104,"column":29}},"26":{"start":{"line":107,"column":26},"end":{"line":115,"column":3}},"27":{"start":{"line":108,"column":4},"end":{"line":113,"column":6}},"28":{"start":{"line":109,"column":6},"end":{"line":112,"column":9}},"29":{"start":{"line":109,"column":23},"end":{"line":112,"column":7}},"30":{"start":{"line":114,"column":4},"end":{"line":114,"column":68}},"31":{"start":{"line":114,"column":31},"end":{"line":114,"column":65}},"32":{"start":{"line":118,"column":25},"end":{"line":120,"column":46}},"33":{"start":{"line":120,"column":16},"end":{"line":120,"column":45}},"34":{"start":{"line":121,"column":16},"end":{"line":121,"column":29}},"35":{"start":{"line":122,"column":21},"end":{"line":122,"column":38}},"36":{"start":{"line":125,"column":20},"end":{"line":125,"column":55}},"37":{"start":{"line":125,"column":43},"end":{"line":125,"column":54}},"38":{"start":{"line":126,"column":21},"end":{"line":126,"column":56}},"39":{"start":{"line":126,"column":44},"end":{"line":126,"column":55}},"40":{"start":{"line":128,"column":2},"end":{"line":297,"column":4}},"41":{"start":{"line":135,"column":66},"end":{"line":135,"column":79}},"42":{"start":{"line":147,"column":27},"end":{"line":147,"column":50}},"43":{"start":{"line":156,"column":27},"end":{"line":156,"column":49}},"44":{"start":{"line":183,"column":14},"end":{"line":183,"column":78}},"45":{"start":{"line":188,"column":14},"end":{"line":188,"column":78}},"46":{"start":{"line":210,"column":12},"end":{"line":217,"column":15}},"47":{"start":{"line":229,"column":25},"end":{"line":229,"column":49}},"48":{"start":{"line":234,"column":14},"end":{"line":253,"column":33}},"49":{"start":{"line":240,"column":31},"end":{"line":240,"column":55}},"50":{"start":{"line":264,"column":25},"end":{"line":264,"column":48}},"51":{"start":{"line":269,"column":14},"end":{"line":291,"column":33}},"52":{"start":{"line":276,"column":18},"end":{"line":276,"column":37}},"53":{"start":{"line":277,"column":18},"end":{"line":277,"column":42}},"54":{"start":{"line":300,"column":15},"end":{"line":527,"column":2}}},"fnMap":{"0":{"name":"SlotCell","decl":{"start":{"line":33,"column":9},"end":{"line":33,"column":17}},"loc":{"start":{"line":39,"column":3},"end":{"line":85,"column":1}},"line":39},"1":{"name":"(anonymous_1)","decl":{"start":{"line":65,"column":17},"end":{"line":65,"column":18}},"loc":{"start":{"line":65,"column":23},"end":{"line":65,"column":36}},"line":65},"2":{"name":"(anonymous_2)","decl":{"start":{"line":79,"column":15},"end":{"line":79,"column":16}},"loc":{"start":{"line":79,"column":21},"end":{"line":79,"column":34}},"line":79},"3":{"name":"ParkingDetailScreen","decl":{"start":{"line":87,"column":24},"end":{"line":87,"column":43}},"loc":{"start":{"line":87,"column":46},"end":{"line":298,"column":1}},"line":87},"4":{"name":"(anonymous_4)","decl":{"start":{"line":89,"column":35},"end":{"line":89,"column":36}},"loc":{"start":{"line":89,"column":42},"end":{"line":89,"column":53}},"line":89},"5":{"name":"(anonymous_5)","decl":{"start":{"line":95,"column":52},"end":{"line":95,"column":53}},"loc":{"start":{"line":96,"column":4},"end":{"line":96,"column":39}},"line":96},"6":{"name":"(anonymous_6)","decl":{"start":{"line":100,"column":28},"end":{"line":100,"column":29}},"loc":{"start":{"line":100,"column":47},"end":{"line":105,"column":3}},"line":100},"7":{"name":"(anonymous_7)","decl":{"start":{"line":107,"column":26},"end":{"line":107,"column":27}},"loc":{"start":{"line":107,"column":49},"end":{"line":115,"column":3}},"line":107},"8":{"name":"(anonymous_8)","decl":{"start":{"line":108,"column":13},"end":{"line":108,"column":14}},"loc":{"start":{"line":109,"column":6},"end":{"line":112,"column":9}},"line":109},"9":{"name":"(anonymous_9)","decl":{"start":{"line":109,"column":15},"end":{"line":109,"column":16}},"loc":{"start":{"line":109,"column":23},"end":{"line":112,"column":7}},"line":109},"10":{"name":"(anonymous_10)","decl":{"start":{"line":114,"column":20},"end":{"line":114,"column":21}},"loc":{"start":{"line":114,"column":31},"end":{"line":114,"column":65}},"line":114},"11":{"name":"(anonymous_11)","decl":{"start":{"line":120,"column":9},"end":{"line":120,"column":10}},"loc":{"start":{"line":120,"column":16},"end":{"line":120,"column":45}},"line":120},"12":{"name":"(anonymous_12)","decl":{"start":{"line":125,"column":33},"end":{"line":125,"column":34}},"loc":{"start":{"line":125,"column":43},"end":{"line":125,"column":54}},"line":125},"13":{"name":"(anonymous_13)","decl":{"start":{"line":126,"column":34},"end":{"line":126,"column":35}},"loc":{"start":{"line":126,"column":44},"end":{"line":126,"column":55}},"line":126},"14":{"name":"(anonymous_14)","decl":{"start":{"line":135,"column":60},"end":{"line":135,"column":61}},"loc":{"start":{"line":135,"column":66},"end":{"line":135,"column":79}},"line":135},"15":{"name":"(anonymous_15)","decl":{"start":{"line":147,"column":21},"end":{"line":147,"column":22}},"loc":{"start":{"line":147,"column":27},"end":{"line":147,"column":50}},"line":147},"16":{"name":"(anonymous_16)","decl":{"start":{"line":156,"column":21},"end":{"line":156,"column":22}},"loc":{"start":{"line":156,"column":27},"end":{"line":156,"column":49}},"line":156},"17":{"name":"(anonymous_17)","decl":{"start":{"line":182,"column":27},"end":{"line":182,"column":28}},"loc":{"start":{"line":183,"column":14},"end":{"line":183,"column":78}},"line":183},"18":{"name":"(anonymous_18)","decl":{"start":{"line":187,"column":28},"end":{"line":187,"column":29}},"loc":{"start":{"line":188,"column":14},"end":{"line":188,"column":78}},"line":188},"19":{"name":"(anonymous_19)","decl":{"start":{"line":209,"column":19},"end":{"line":209,"column":20}},"loc":{"start":{"line":209,"column":25},"end":{"line":218,"column":11}},"line":209},"20":{"name":"(anonymous_20)","decl":{"start":{"line":229,"column":19},"end":{"line":229,"column":20}},"loc":{"start":{"line":229,"column":25},"end":{"line":229,"column":49}},"line":229},"21":{"name":"(anonymous_21)","decl":{"start":{"line":233,"column":28},"end":{"line":233,"column":29}},"loc":{"start":{"line":234,"column":14},"end":{"line":253,"column":33}},"line":234},"22":{"name":"(anonymous_22)","decl":{"start":{"line":240,"column":25},"end":{"line":240,"column":26}},"loc":{"start":{"line":240,"column":31},"end":{"line":240,"column":55}},"line":240},"23":{"name":"(anonymous_23)","decl":{"start":{"line":264,"column":19},"end":{"line":264,"column":20}},"loc":{"start":{"line":264,"column":25},"end":{"line":264,"column":48}},"line":264},"24":{"name":"(anonymous_24)","decl":{"start":{"line":268,"column":30},"end":{"line":268,"column":31}},"loc":{"start":{"line":269,"column":14},"end":{"line":291,"column":33}},"line":269},"25":{"name":"(anonymous_25)","decl":{"start":{"line":275,"column":25},"end":{"line":275,"column":26}},"loc":{"start":{"line":275,"column":31},"end":{"line":278,"column":17}},"line":275}},"branchMap":{"0":{"loc":{"start":{"line":40,"column":2},"end":{"line":59,"column":3}},"type":"if","locations":[{"start":{"line":40,"column":2},"end":{"line":59,"column":3}},{"start":{},"end":{}}],"line":40},"1":{"loc":{"start":{"line":61,"column":2},"end":{"line":74,"column":3}},"type":"if","locations":[{"start":{"line":61,"column":2},"end":{"line":74,"column":3}},{"start":{},"end":{}}],"line":61},"2":{"loc":{"start":{"line":89,"column":14},"end":{"line":89,"column":76}},"type":"binary-expr","locations":[{"start":{"line":89,"column":14},"end":{"line":89,"column":54}},{"start":{"line":89,"column":58},"end":{"line":89,"column":76}}],"line":89},"3":{"loc":{"start":{"line":91,"column":53},"end":{"line":91,"column":83}},"type":"binary-expr","locations":[{"start":{"line":91,"column":53},"end":{"line":91,"column":66}},{"start":{"line":91,"column":70},"end":{"line":91,"column":83}}],"line":91},"4":{"loc":{"start":{"line":111,"column":20},"end":{"line":111,"column":60}},"type":"cond-expr","locations":[{"start":{"line":111,"column":39},"end":{"line":111,"column":52}},{"start":{"line":111,"column":55},"end":{"line":111,"column":60}}],"line":111},"5":{"loc":{"start":{"line":114,"column":31},"end":{"line":114,"column":65}},"type":"cond-expr","locations":[{"start":{"line":114,"column":54},"end":{"line":114,"column":58}},{"start":{"line":114,"column":61},"end":{"line":114,"column":65}}],"line":114},"6":{"loc":{"start":{"line":206,"column":34},"end":{"line":206,"column":73}},"type":"binary-expr","locations":[{"start":{"line":206,"column":34},"end":{"line":206,"column":47}},{"start":{"line":206,"column":51},"end":{"line":206,"column":73}}],"line":206},"7":{"loc":{"start":{"line":238,"column":18},"end":{"line":238,"column":71}},"type":"binary-expr","locations":[{"start":{"line":238,"column":18},"end":{"line":238,"column":41}},{"start":{"line":238,"column":45},"end":{"line":238,"column":71}}],"line":238},"8":{"loc":{"start":{"line":245,"column":20},"end":{"line":245,"column":77}},"type":"binary-expr","locations":[{"start":{"line":245,"column":20},"end":{"line":245,"column":43}},{"start":{"line":245,"column":47},"end":{"line":245,"column":77}}],"line":245},"9":{"loc":{"start":{"line":250,"column":17},"end":{"line":252,"column":17}},"type":"binary-expr","locations":[{"start":{"line":250,"column":17},"end":{"line":250,"column":40}},{"start":{"line":251,"column":18},"end":{"line":251,"column":79}}],"line":250},"10":{"loc":{"start":{"line":273,"column":18},"end":{"line":273,"column":66}},"type":"binary-expr","locations":[{"start":{"line":273,"column":18},"end":{"line":273,"column":36}},{"start":{"line":273,"column":40},"end":{"line":273,"column":66}}],"line":273},"11":{"loc":{"start":{"line":283,"column":20},"end":{"line":283,"column":72}},"type":"binary-expr","locations":[{"start":{"line":283,"column":20},"end":{"line":283,"column":38}},{"start":{"line":283,"column":42},"end":{"line":283,"column":72}}],"line":283},"12":{"loc":{"start":{"line":288,"column":17},"end":{"line":290,"column":17}},"type":"binary-expr","locations":[{"start":{"line":288,"column":17},"end":{"line":288,"column":35}},{"start":{"line":289,"column":18},"end":{"line":289,"column":79}}],"line":288}},"s":{"0":1,"1":1,"2":1,"3":1,"4":52,"5":22,"6":30,"7":1,"8":0,"9":29,"10":1,"11":2,"12":2,"13":2,"14":2,"15":2,"16":2,"17":2,"18":2,"19":1,"20":2,"21":2,"22":0,"23":0,"24":0,"25":0,"26":2,"27":1,"28":1,"29":26,"30":1,"31":1,"32":2,"33":4,"34":2,"35":2,"36":2,"37":52,"38":2,"39":52,"40":2,"41":0,"42":0,"43":0,"44":26,"45":26,"46":1,"47":0,"48":6,"49":0,"50":0,"51":14,"52":0,"53":0,"54":1},"f":{"0":52,"1":0,"2":1,"3":2,"4":2,"5":1,"6":0,"7":1,"8":1,"9":26,"10":1,"11":4,"12":52,"13":52,"14":0,"15":0,"16":0,"17":26,"18":26,"19":1,"20":0,"21":6,"22":0,"23":0,"24":14,"25":0},"b":{"0":[22,30],"1":[1,29],"2":[2,0],"3":[2,0],"4":[1,25],"5":[0,1],"6":[2,1],"7":[6,2],"8":[6,2],"9":[6,2],"10":[14,2],"11":[14,2],"12":[14,2]},"_coverageSchema":"1a1c01bbd47fc00a2c39e90264f33305004495a9","hash":"c1452bc01db8725559d75e52346fffc750af0a9b"}
,"/Volumes/ssd/GithubCode/SPA/SPA.FE/SPA.mobile/app/payment/checkout.tsx": {"path":"/Volumes/ssd/GithubCode/SPA/SPA.FE/SPA.mobile/app/payment/checkout.tsx","statementMap":{"0":{"start":{"line":19,"column":17},"end":{"line":19,"column":39}},"1":{"start":{"line":20,"column":16},"end":{"line":20,"column":38}},"2":{"start":{"line":21,"column":19},"end":{"line":21,"column":44}},"3":{"start":{"line":22,"column":16},"end":{"line":22,"column":59}},"4":{"start":{"line":24,"column":14},"end":{"line":24,"column":77}},"5":{"start":{"line":24,"column":40},"end":{"line":24,"column":54}},"6":{"start":{"line":25,"column":46},"end":{"line":25,"column":92}},"7":{"start":{"line":26,"column":32},"end":{"line":26,"column":47}},"8":{"start":{"line":28,"column":24},"end":{"line":35,"column":3}},"9":{"start":{"line":29,"column":4},"end":{"line":29,"column":21}},"10":{"start":{"line":30,"column":4},"end":{"line":34,"column":13}},"11":{"start":{"line":31,"column":6},"end":{"line":31,"column":24}},"12":{"start":{"line":33,"column":6},"end":{"line":33,"column":41}},"13":{"start":{"line":37,"column":2},"end":{"line":151,"column":4}},"14":{"start":{"line":43,"column":66},"end":{"line":43,"column":79}},"15":{"start":{"line":96,"column":45},"end":{"line":96,"column":67}},"16":{"start":{"line":103,"column":14},"end":{"line":128,"column":33}},"17":{"start":{"line":106,"column":31},"end":{"line":106,"column":56}},"18":{"start":{"line":154,"column":15},"end":{"line":204,"column":2}}},"fnMap":{"0":{"name":"CheckoutScreen","decl":{"start":{"line":18,"column":24},"end":{"line":18,"column":38}},"loc":{"start":{"line":18,"column":41},"end":{"line":152,"column":1}},"line":18},"1":{"name":"(anonymous_1)","decl":{"start":{"line":24,"column":35},"end":{"line":24,"column":36}},"loc":{"start":{"line":24,"column":40},"end":{"line":24,"column":54}},"line":24},"2":{"name":"(anonymous_2)","decl":{"start":{"line":28,"column":24},"end":{"line":28,"column":25}},"loc":{"start":{"line":28,"column":30},"end":{"line":35,"column":3}},"line":28},"3":{"name":"(anonymous_3)","decl":{"start":{"line":30,"column":15},"end":{"line":30,"column":16}},"loc":{"start":{"line":30,"column":21},"end":{"line":34,"column":5}},"line":30},"4":{"name":"(anonymous_4)","decl":{"start":{"line":43,"column":60},"end":{"line":43,"column":61}},"loc":{"start":{"line":43,"column":66},"end":{"line":43,"column":79}},"line":43},"5":{"name":"(anonymous_5)","decl":{"start":{"line":96,"column":39},"end":{"line":96,"column":40}},"loc":{"start":{"line":96,"column":45},"end":{"line":96,"column":67}},"line":96},"6":{"name":"(anonymous_6)","decl":{"start":{"line":102,"column":36},"end":{"line":102,"column":37}},"loc":{"start":{"line":103,"column":14},"end":{"line":128,"column":33}},"line":103},"7":{"name":"(anonymous_7)","decl":{"start":{"line":106,"column":25},"end":{"line":106,"column":26}},"loc":{"start":{"line":106,"column":31},"end":{"line":106,"column":56}},"line":106}},"branchMap":{"0":{"loc":{"start":{"line":22,"column":25},"end":{"line":22,"column":54}},"type":"binary-expr","locations":[{"start":{"line":22,"column":25},"end":{"line":22,"column":47}},{"start":{"line":22,"column":51},"end":{"line":22,"column":54}}],"line":22},"1":{"loc":{"start":{"line":24,"column":14},"end":{"line":24,"column":77}},"type":"binary-expr","locations":[{"start":{"line":24,"column":14},"end":{"line":24,"column":55}},{"start":{"line":24,"column":59},"end":{"line":24,"column":77}}],"line":24},"2":{"loc":{"start":{"line":66,"column":55},"end":{"line":66,"column":72}},"type":"binary-expr","locations":[{"start":{"line":66,"column":55},"end":{"line":66,"column":63}},{"start":{"line":66,"column":67},"end":{"line":66,"column":72}}],"line":66},"3":{"loc":{"start":{"line":105,"column":43},"end":{"line":105,"column":103}},"type":"binary-expr","locations":[{"start":{"line":105,"column":43},"end":{"line":105,"column":74}},{"start":{"line":105,"column":78},"end":{"line":105,"column":103}}],"line":105},"4":{"loc":{"start":{"line":108,"column":51},"end":{"line":108,"column":127}},"type":"binary-expr","locations":[{"start":{"line":108,"column":51},"end":{"line":108,"column":82}},{"start":{"line":108,"column":86},"end":{"line":108,"column":127}}],"line":108},"5":{"loc":{"start":{"line":110,"column":27},"end":{"line":110,"column":80}},"type":"cond-expr","locations":[{"start":{"line":110,"column":55},"end":{"line":110,"column":63}},{"start":{"line":110,"column":66},"end":{"line":110,"column":80}}],"line":110},"6":{"loc":{"start":{"line":112,"column":28},"end":{"line":112,"column":97}},"type":"cond-expr","locations":[{"start":{"line":112,"column":62},"end":{"line":112,"column":75}},{"start":{"line":112,"column":78},"end":{"line":112,"column":97}}],"line":112},"7":{"loc":{"start":{"line":116,"column":52},"end":{"line":116,"column":103}},"type":"binary-expr","locations":[{"start":{"line":116,"column":52},"end":{"line":116,"column":83}},{"start":{"line":116,"column":87},"end":{"line":116,"column":103}}],"line":116},"8":{"loc":{"start":{"line":119,"column":19},"end":{"line":123,"column":19}},"type":"binary-expr","locations":[{"start":{"line":119,"column":19},"end":{"line":119,"column":44}},{"start":{"line":120,"column":20},"end":{"line":122,"column":27}}],"line":119},"9":{"loc":{"start":{"line":120,"column":54},"end":{"line":120,"column":110}},"type":"binary-expr","locations":[{"start":{"line":120,"column":54},"end":{"line":120,"column":85}},{"start":{"line":120,"column":89},"end":{"line":120,"column":110}}],"line":120},"10":{"loc":{"start":{"line":125,"column":44},"end":{"line":125,"column":97}},"type":"binary-expr","locations":[{"start":{"line":125,"column":44},"end":{"line":125,"column":75}},{"start":{"line":125,"column":79},"end":{"line":125,"column":97}}],"line":125},"11":{"loc":{"start":{"line":126,"column":19},"end":{"line":126,"column":88}},"type":"binary-expr","locations":[{"start":{"line":126,"column":19},"end":{"line":126,"column":50}},{"start":{"line":126,"column":54},"end":{"line":126,"column":88}}],"line":126},"12":{"loc":{"start":{"line":143,"column":34},"end":{"line":143,"column":63}},"type":"binary-expr","locations":[{"start":{"line":143,"column":34},"end":{"line":143,"column":41}},{"start":{"line":143,"column":45},"end":{"line":143,"column":63}}],"line":143},"13":{"loc":{"start":{"line":147,"column":44},"end":{"line":147,"column":95}},"type":"cond-expr","locations":[{"start":{"line":147,"column":54},"end":{"line":147,"column":74}},{"start":{"line":147,"column":77},"end":{"line":147,"column":95}}],"line":147}},"s":{"0":1,"1":1,"2":1,"3":1,"4":1,"5":1,"6":1,"7":1,"8":1,"9":0,"10":0,"11":0,"12":0,"13":1,"14":0,"15":0,"16":4,"17":0,"18":1},"f":{"0":1,"1":1,"2":0,"3":0,"4":0,"5":0,"6":4,"7":0},"b":{"0":[1,0],"1":[1,0],"2":[1,0],"3":[4,1],"4":[4,1],"5":[1,3],"6":[1,3],"7":[4,1],"8":[4,1],"9":[1,1],"10":[4,1],"11":[4,1],"12":[1,0],"13":[0,1]},"_coverageSchema":"1a1c01bbd47fc00a2c39e90264f33305004495a9","hash":"9b5f0df38d70585203c4f896291c721cc0fbbce8"}
,"/Volumes/ssd/GithubCode/SPA/SPA.FE/SPA.mobile/app/wallet/add-card.tsx": {"path":"/Volumes/ssd/GithubCode/SPA/SPA.FE/SPA.mobile/app/wallet/add-card.tsx","statementMap":{"0":{"start":{"line":19,"column":38},"end":{"line":19,"column":50}},"1":{"start":{"line":20,"column":30},"end":{"line":20,"column":42}},"2":{"start":{"line":21,"column":24},"end":{"line":21,"column":36}},"3":{"start":{"line":22,"column":38},"end":{"line":22,"column":50}},"4":{"start":{"line":23,"column":32},"end":{"line":23,"column":47}},"5":{"start":{"line":25,"column":27},"end":{"line":29,"column":3}},"6":{"start":{"line":26,"column":20},"end":{"line":26,"column":47}},"7":{"start":{"line":27,"column":19},"end":{"line":27,"column":43}},"8":{"start":{"line":28,"column":4},"end":{"line":28,"column":47}},"9":{"start":{"line":31,"column":23},"end":{"line":37,"column":3}},"10":{"start":{"line":32,"column":20},"end":{"line":32,"column":47}},"11":{"start":{"line":33,"column":4},"end":{"line":35,"column":5}},"12":{"start":{"line":34,"column":6},"end":{"line":34,"column":61}},"13":{"start":{"line":36,"column":4},"end":{"line":36,"column":19}},"14":{"start":{"line":39,"column":24},"end":{"line":45,"column":3}},"15":{"start":{"line":40,"column":4},"end":{"line":40,"column":21}},"16":{"start":{"line":41,"column":4},"end":{"line":44,"column":13}},"17":{"start":{"line":42,"column":6},"end":{"line":42,"column":24}},"18":{"start":{"line":43,"column":6},"end":{"line":43,"column":20}},"19":{"start":{"line":47,"column":23},"end":{"line":51,"column":3}},"20":{"start":{"line":48,"column":4},"end":{"line":48,"column":46}},"21":{"start":{"line":48,"column":32},"end":{"line":48,"column":46}},"22":{"start":{"line":49,"column":4},"end":{"line":49,"column":52}},"23":{"start":{"line":49,"column":32},"end":{"line":49,"column":52}},"24":{"start":{"line":50,"column":4},"end":{"line":50,"column":16}},"25":{"start":{"line":53,"column":20},"end":{"line":53,"column":62}},"26":{"start":{"line":55,"column":2},"end":{"line":193,"column":4}},"27":{"start":{"line":61,"column":66},"end":{"line":61,"column":79}},"28":{"start":{"line":121,"column":39},"end":{"line":121,"column":73}},"29":{"start":{"line":136,"column":41},"end":{"line":136,"column":67}},"30":{"start":{"line":196,"column":15},"end":{"line":249,"column":2}}},"fnMap":{"0":{"name":"AddCardScreen","decl":{"start":{"line":18,"column":24},"end":{"line":18,"column":37}},"loc":{"start":{"line":18,"column":40},"end":{"line":194,"column":1}},"line":18},"1":{"name":"(anonymous_1)","decl":{"start":{"line":25,"column":27},"end":{"line":25,"column":28}},"loc":{"start":{"line":25,"column":45},"end":{"line":29,"column":3}},"line":25},"2":{"name":"(anonymous_2)","decl":{"start":{"line":31,"column":23},"end":{"line":31,"column":24}},"loc":{"start":{"line":31,"column":41},"end":{"line":37,"column":3}},"line":31},"3":{"name":"(anonymous_3)","decl":{"start":{"line":39,"column":24},"end":{"line":39,"column":25}},"loc":{"start":{"line":39,"column":30},"end":{"line":45,"column":3}},"line":39},"4":{"name":"(anonymous_4)","decl":{"start":{"line":41,"column":15},"end":{"line":41,"column":16}},"loc":{"start":{"line":41,"column":21},"end":{"line":44,"column":5}},"line":41},"5":{"name":"(anonymous_5)","decl":{"start":{"line":47,"column":23},"end":{"line":47,"column":24}},"loc":{"start":{"line":47,"column":43},"end":{"line":51,"column":3}},"line":47},"6":{"name":"(anonymous_6)","decl":{"start":{"line":61,"column":60},"end":{"line":61,"column":61}},"loc":{"start":{"line":61,"column":66},"end":{"line":61,"column":79}},"line":61},"7":{"name":"(anonymous_7)","decl":{"start":{"line":121,"column":32},"end":{"line":121,"column":33}},"loc":{"start":{"line":121,"column":39},"end":{"line":121,"column":73}},"line":121},"8":{"name":"(anonymous_8)","decl":{"start":{"line":136,"column":34},"end":{"line":136,"column":35}},"loc":{"start":{"line":136,"column":41},"end":{"line":136,"column":67}},"line":136}},"branchMap":{"0":{"loc":{"start":{"line":28,"column":11},"end":{"line":28,"column":46}},"type":"cond-expr","locations":[{"start":{"line":28,"column":20},"end":{"line":28,"column":36}},{"start":{"line":28,"column":39},"end":{"line":28,"column":46}}],"line":28},"1":{"loc":{"start":{"line":33,"column":4},"end":{"line":35,"column":5}},"type":"if","locations":[{"start":{"line":33,"column":4},"end":{"line":35,"column":5}},{"start":{},"end":{}}],"line":33},"2":{"loc":{"start":{"line":48,"column":4},"end":{"line":48,"column":46}},"type":"if","locations":[{"start":{"line":48,"column":4},"end":{"line":48,"column":46}},{"start":{},"end":{}}],"line":48},"3":{"loc":{"start":{"line":49,"column":4},"end":{"line":49,"column":52}},"type":"if","locations":[{"start":{"line":49,"column":4},"end":{"line":49,"column":52}},{"start":{},"end":{}}],"line":49},"4":{"loc":{"start":{"line":71,"column":18},"end":{"line":71,"column":62}},"type":"cond-expr","locations":[{"start":{"line":71,"column":42},"end":{"line":71,"column":51}},{"start":{"line":71,"column":54},"end":{"line":71,"column":62}}],"line":71},"5":{"loc":{"start":{"line":82,"column":15},"end":{"line":90,"column":15}},"type":"binary-expr","locations":[{"start":{"line":82,"column":15},"end":{"line":82,"column":24}},{"start":{"line":83,"column":16},"end":{"line":89,"column":23}}],"line":82},"6":{"loc":{"start":{"line":85,"column":27},"end":{"line":85,"column":89}},"type":"cond-expr","locations":[{"start":{"line":85,"column":50},"end":{"line":85,"column":62}},{"start":{"line":85,"column":65},"end":{"line":85,"column":89}}],"line":85},"7":{"loc":{"start":{"line":95,"column":18},"end":{"line":95,"column":53}},"type":"binary-expr","locations":[{"start":{"line":95,"column":18},"end":{"line":95,"column":28}},{"start":{"line":95,"column":32},"end":{"line":95,"column":53}}],"line":95},"8":{"loc":{"start":{"line":102,"column":51},"end":{"line":102,"column":94}},"type":"binary-expr","locations":[{"start":{"line":102,"column":51},"end":{"line":102,"column":75}},{"start":{"line":102,"column":79},"end":{"line":102,"column":94}}],"line":102},"9":{"loc":{"start":{"line":106,"column":51},"end":{"line":106,"column":68}},"type":"binary-expr","locations":[{"start":{"line":106,"column":51},"end":{"line":106,"column":57}},{"start":{"line":106,"column":61},"end":{"line":106,"column":68}}],"line":106},"10":{"loc":{"start":{"line":184,"column":40},"end":{"line":184,"column":69}},"type":"binary-expr","locations":[{"start":{"line":184,"column":40},"end":{"line":184,"column":47}},{"start":{"line":184,"column":51},"end":{"line":184,"column":69}}],"line":184},"11":{"loc":{"start":{"line":188,"column":50},"end":{"line":188,"column":90}},"type":"cond-expr","locations":[{"start":{"line":188,"column":60},"end":{"line":188,"column":73}},{"start":{"line":188,"column":76},"end":{"line":188,"column":90}}],"line":188}},"s":{"0":1,"1":1,"2":1,"3":1,"4":1,"5":1,"6":0,"7":0,"8":0,"9":1,"10":0,"11":0,"12":0,"13":0,"14":1,"15":0,"16":0,"17":0,"18":0,"19":1,"20":1,"21":0,"22":1,"23":0,"24":1,"25":1,"26":1,"27":0,"28":0,"29":0,"30":1},"f":{"0":1,"1":0,"2":0,"3":0,"4":0,"5":1,"6":0,"7":0,"8":0},"b":{"0":[0,0],"1":[0,0],"2":[0,1],"3":[0,1],"4":[1,0],"5":[1,0],"6":[0,0],"7":[1,1],"8":[1,1],"9":[1,1],"10":[1,0],"11":[0,1]},"_coverageSchema":"1a1c01bbd47fc00a2c39e90264f33305004495a9","hash":"a11e9e05760412a03df8221a95b3683d59fe7cba"}
,"/Volumes/ssd/GithubCode/SPA/SPA.FE/SPA.mobile/app/wallet/index.tsx": {"path":"/Volumes/ssd/GithubCode/SPA/SPA.FE/SPA.mobile/app/wallet/index.tsx","statementMap":{"0":{"start":{"line":18,"column":32},"end":{"line":18,"column":56}},"1":{"start":{"line":21,"column":21},"end":{"line":21,"column":44}},"2":{"start":{"line":22,"column":19},"end":{"line":22,"column":107}},"3":{"start":{"line":23,"column":20},"end":{"line":23,"column":118}},"4":{"start":{"line":25,"column":2},"end":{"line":46,"column":4}},"5":{"start":{"line":50,"column":2},"end":{"line":162,"column":4}},"6":{"start":{"line":58,"column":68},"end":{"line":58,"column":81}},"7":{"start":{"line":109,"column":27},"end":{"line":109,"column":56}},"8":{"start":{"line":119,"column":27},"end":{"line":119,"column":58}},"9":{"start":{"line":152,"column":12},"end":{"line":155,"column":29}},"10":{"start":{"line":165,"column":15},"end":{"line":218,"column":2}}},"fnMap":{"0":{"name":"TransactionItem","decl":{"start":{"line":20,"column":9},"end":{"line":20,"column":24}},"loc":{"start":{"line":20,"column":58},"end":{"line":47,"column":1}},"line":20},"1":{"name":"WalletScreen","decl":{"start":{"line":49,"column":24},"end":{"line":49,"column":36}},"loc":{"start":{"line":49,"column":39},"end":{"line":163,"column":1}},"line":49},"2":{"name":"(anonymous_2)","decl":{"start":{"line":58,"column":62},"end":{"line":58,"column":63}},"loc":{"start":{"line":58,"column":68},"end":{"line":58,"column":81}},"line":58},"3":{"name":"(anonymous_3)","decl":{"start":{"line":109,"column":21},"end":{"line":109,"column":22}},"loc":{"start":{"line":109,"column":27},"end":{"line":109,"column":56}},"line":109},"4":{"name":"(anonymous_4)","decl":{"start":{"line":119,"column":21},"end":{"line":119,"column":22}},"loc":{"start":{"line":119,"column":27},"end":{"line":119,"column":58}},"line":119},"5":{"name":"(anonymous_5)","decl":{"start":{"line":151,"column":32},"end":{"line":151,"column":33}},"loc":{"start":{"line":152,"column":12},"end":{"line":155,"column":29}},"line":152}},"branchMap":{"0":{"loc":{"start":{"line":22,"column":19},"end":{"line":22,"column":107}},"type":"cond-expr","locations":[{"start":{"line":22,"column":43},"end":{"line":22,"column":55}},{"start":{"line":22,"column":58},"end":{"line":22,"column":107}}],"line":22},"1":{"loc":{"start":{"line":22,"column":58},"end":{"line":22,"column":107}},"type":"cond-expr","locations":[{"start":{"line":22,"column":83},"end":{"line":22,"column":99}},{"start":{"line":22,"column":102},"end":{"line":22,"column":107}}],"line":22},"2":{"loc":{"start":{"line":23,"column":20},"end":{"line":23,"column":118}},"type":"cond-expr","locations":[{"start":{"line":23,"column":44},"end":{"line":23,"column":59}},{"start":{"line":23,"column":62},"end":{"line":23,"column":118}}],"line":23},"3":{"loc":{"start":{"line":23,"column":62},"end":{"line":23,"column":118}},"type":"cond-expr","locations":[{"start":{"line":23,"column":87},"end":{"line":23,"column":96}},{"start":{"line":23,"column":99},"end":{"line":23,"column":118}}],"line":23},"4":{"loc":{"start":{"line":36,"column":48},"end":{"line":36,"column":79}},"type":"binary-expr","locations":[{"start":{"line":36,"column":48},"end":{"line":36,"column":58}},{"start":{"line":36,"column":62},"end":{"line":36,"column":79}}],"line":36},"5":{"loc":{"start":{"line":37,"column":11},"end":{"line":37,"column":33}},"type":"cond-expr","locations":[{"start":{"line":37,"column":24},"end":{"line":37,"column":27}},{"start":{"line":37,"column":30},"end":{"line":37,"column":33}}],"line":37},"6":{"loc":{"start":{"line":39,"column":61},"end":{"line":39,"column":114}},"type":"cond-expr","locations":[{"start":{"line":39,"column":89},"end":{"line":39,"column":100}},{"start":{"line":39,"column":103},"end":{"line":39,"column":114}}],"line":39},"7":{"loc":{"start":{"line":40,"column":52},"end":{"line":40,"column":101}},"type":"cond-expr","locations":[{"start":{"line":40,"column":80},"end":{"line":40,"column":89}},{"start":{"line":40,"column":92},"end":{"line":40,"column":101}}],"line":40},"8":{"loc":{"start":{"line":41,"column":13},"end":{"line":41,"column":67}},"type":"cond-expr","locations":[{"start":{"line":41,"column":41},"end":{"line":41,"column":53}},{"start":{"line":41,"column":56},"end":{"line":41,"column":67}}],"line":41},"9":{"loc":{"start":{"line":154,"column":15},"end":{"line":154,"column":81}},"type":"binary-expr","locations":[{"start":{"line":154,"column":15},"end":{"line":154,"column":46}},{"start":{"line":154,"column":50},"end":{"line":154,"column":81}}],"line":154}},"s":{"0":1,"1":5,"2":5,"3":5,"4":5,"5":1,"6":0,"7":0,"8":0,"9":5,"10":1},"f":{"0":5,"1":1,"2":0,"3":0,"4":0,"5":5},"b":{"0":[1,4],"1":[1,3],"2":[1,4],"3":[1,3],"4":[5,3],"5":[3,2],"6":[5,0],"7":[5,0],"8":[5,0],"9":[5,4]},"_coverageSchema":"1a1c01bbd47fc00a2c39e90264f33305004495a9","hash":"dd82492716fb170e3e0e446a7b1a93db41949c36"}
,"/Volumes/ssd/GithubCode/SPA/SPA.FE/SPA.mobile/app/wallet/top-up.tsx": {"path":"/Volumes/ssd/GithubCode/SPA/SPA.FE/SPA.mobile/app/wallet/top-up.tsx","statementMap":{"0":{"start":{"line":18,"column":23},"end":{"line":18,"column":72}},"1":{"start":{"line":21,"column":30},"end":{"line":21,"column":48}},"2":{"start":{"line":22,"column":46},"end":{"line":22,"column":92}},"3":{"start":{"line":23,"column":32},"end":{"line":23,"column":47}},"4":{"start":{"line":25,"column":22},"end":{"line":31,"column":3}},"5":{"start":{"line":26,"column":4},"end":{"line":26,"column":21}},"6":{"start":{"line":27,"column":4},"end":{"line":30,"column":13}},"7":{"start":{"line":28,"column":6},"end":{"line":28,"column":24}},"8":{"start":{"line":29,"column":6},"end":{"line":29,"column":20}},"9":{"start":{"line":33,"column":2},"end":{"line":136,"column":4}},"10":{"start":{"line":39,"column":66},"end":{"line":39,"column":79}},"11":{"start":{"line":60,"column":36},"end":{"line":60,"column":71}},"12":{"start":{"line":68,"column":14},"end":{"line":76,"column":33}},"13":{"start":{"line":71,"column":31},"end":{"line":71,"column":56}},"14":{"start":{"line":85,"column":45},"end":{"line":85,"column":76}},"15":{"start":{"line":91,"column":44},"end":{"line":91,"column":64}},"16":{"start":{"line":92,"column":14},"end":{"line":117,"column":33}},"17":{"start":{"line":95,"column":31},"end":{"line":95,"column":56}},"18":{"start":{"line":139,"column":15},"end":{"line":177,"column":2}}},"fnMap":{"0":{"name":"TopUpScreen","decl":{"start":{"line":20,"column":24},"end":{"line":20,"column":35}},"loc":{"start":{"line":20,"column":38},"end":{"line":137,"column":1}},"line":20},"1":{"name":"(anonymous_1)","decl":{"start":{"line":25,"column":22},"end":{"line":25,"column":23}},"loc":{"start":{"line":25,"column":28},"end":{"line":31,"column":3}},"line":25},"2":{"name":"(anonymous_2)","decl":{"start":{"line":27,"column":15},"end":{"line":27,"column":16}},"loc":{"start":{"line":27,"column":21},"end":{"line":30,"column":5}},"line":27},"3":{"name":"(anonymous_3)","decl":{"start":{"line":39,"column":60},"end":{"line":39,"column":61}},"loc":{"start":{"line":39,"column":66},"end":{"line":39,"column":79}},"line":39},"4":{"name":"(anonymous_4)","decl":{"start":{"line":60,"column":29},"end":{"line":60,"column":30}},"loc":{"start":{"line":60,"column":36},"end":{"line":60,"column":71}},"line":60},"5":{"name":"(anonymous_5)","decl":{"start":{"line":67,"column":32},"end":{"line":67,"column":33}},"loc":{"start":{"line":68,"column":14},"end":{"line":76,"column":33}},"line":68},"6":{"name":"(anonymous_6)","decl":{"start":{"line":71,"column":25},"end":{"line":71,"column":26}},"loc":{"start":{"line":71,"column":31},"end":{"line":71,"column":56}},"line":71},"7":{"name":"(anonymous_7)","decl":{"start":{"line":85,"column":39},"end":{"line":85,"column":40}},"loc":{"start":{"line":85,"column":45},"end":{"line":85,"column":76}},"line":85},"8":{"name":"(anonymous_8)","decl":{"start":{"line":91,"column":39},"end":{"line":91,"column":40}},"loc":{"start":{"line":91,"column":44},"end":{"line":91,"column":64}},"line":91},"9":{"name":"(anonymous_9)","decl":{"start":{"line":91,"column":70},"end":{"line":91,"column":71}},"loc":{"start":{"line":92,"column":14},"end":{"line":117,"column":33}},"line":92},"10":{"name":"(anonymous_10)","decl":{"start":{"line":95,"column":25},"end":{"line":95,"column":26}},"loc":{"start":{"line":95,"column":31},"end":{"line":95,"column":56}},"line":95}},"branchMap":{"0":{"loc":{"start":{"line":59,"column":31},"end":{"line":59,"column":44}},"type":"binary-expr","locations":[{"start":{"line":59,"column":31},"end":{"line":59,"column":37}},{"start":{"line":59,"column":41},"end":{"line":59,"column":44}}],"line":59},"1":{"loc":{"start":{"line":70,"column":47},"end":{"line":70,"column":103}},"type":"binary-expr","locations":[{"start":{"line":70,"column":47},"end":{"line":70,"column":72}},{"start":{"line":70,"column":76},"end":{"line":70,"column":103}}],"line":70},"2":{"loc":{"start":{"line":73,"column":54},"end":{"line":73,"column":111}},"type":"binary-expr","locations":[{"start":{"line":73,"column":54},"end":{"line":73,"column":79}},{"start":{"line":73,"column":83},"end":{"line":73,"column":111}}],"line":73},"3":{"loc":{"start":{"line":74,"column":19},"end":{"line":74,"column":75}},"type":"cond-expr","locations":[{"start":{"line":74,"column":36},"end":{"line":74,"column":56}},{"start":{"line":74,"column":59},"end":{"line":74,"column":75}}],"line":74},"4":{"loc":{"start":{"line":94,"column":43},"end":{"line":94,"column":103}},"type":"binary-expr","locations":[{"start":{"line":94,"column":43},"end":{"line":94,"column":74}},{"start":{"line":94,"column":78},"end":{"line":94,"column":103}}],"line":94},"5":{"loc":{"start":{"line":99,"column":27},"end":{"line":99,"column":86}},"type":"cond-expr","locations":[{"start":{"line":99,"column":53},"end":{"line":99,"column":69}},{"start":{"line":99,"column":72},"end":{"line":99,"column":86}}],"line":99},"6":{"loc":{"start":{"line":101,"column":28},"end":{"line":101,"column":97}},"type":"cond-expr","locations":[{"start":{"line":101,"column":62},"end":{"line":101,"column":75}},{"start":{"line":101,"column":78},"end":{"line":101,"column":97}}],"line":101},"7":{"loc":{"start":{"line":105,"column":52},"end":{"line":105,"column":103}},"type":"binary-expr","locations":[{"start":{"line":105,"column":52},"end":{"line":105,"column":83}},{"start":{"line":105,"column":87},"end":{"line":105,"column":103}}],"line":105},"8":{"loc":{"start":{"line":108,"column":19},"end":{"line":112,"column":19}},"type":"binary-expr","locations":[{"start":{"line":108,"column":19},"end":{"line":108,"column":32}},{"start":{"line":109,"column":20},"end":{"line":111,"column":27}}],"line":108},"9":{"loc":{"start":{"line":109,"column":55},"end":{"line":109,"column":111}},"type":"binary-expr","locations":[{"start":{"line":109,"column":55},"end":{"line":109,"column":86}},{"start":{"line":109,"column":90},"end":{"line":109,"column":111}}],"line":109},"10":{"loc":{"start":{"line":114,"column":17},"end":{"line":116,"column":17}},"type":"binary-expr","locations":[{"start":{"line":114,"column":17},"end":{"line":114,"column":48}},{"start":{"line":115,"column":18},"end":{"line":115,"column":86}}],"line":114},"11":{"loc":{"start":{"line":128,"column":38},"end":{"line":128,"column":67}},"type":"binary-expr","locations":[{"start":{"line":128,"column":38},"end":{"line":128,"column":45}},{"start":{"line":128,"column":49},"end":{"line":128,"column":67}}],"line":128},"12":{"loc":{"start":{"line":132,"column":48},"end":{"line":132,"column":91}},"type":"cond-expr","locations":[{"start":{"line":132,"column":58},"end":{"line":132,"column":73}},{"start":{"line":132,"column":76},"end":{"line":132,"column":91}}],"line":132}},"s":{"0":1,"1":2,"2":2,"3":2,"4":2,"5":1,"6":1,"7":0,"8":0,"9":2,"10":0,"11":0,"12":12,"13":0,"14":0,"15":8,"16":6,"17":0,"18":1},"f":{"0":2,"1":1,"2":0,"3":0,"4":0,"5":12,"6":0,"7":0,"8":8,"9":6,"10":0},"b":{"0":[2,0],"1":[12,2],"2":[12,2],"3":[4,8],"4":[6,2],"5":[2,4],"6":[2,4],"7":[6,2],"8":[6,4],"9":[4,2],"10":[6,2],"11":[2,1],"12":[1,1]},"_coverageSchema":"1a1c01bbd47fc00a2c39e90264f33305004495a9","hash":"e6fe523aa2ec5e27ea867b368251e9321ec1a8c6"}
,"/Volumes/ssd/GithubCode/SPA/SPA.FE/SPA.mobile/components/external-link.tsx": {"path":"/Volumes/ssd/GithubCode/SPA/SPA.FE/SPA.mobile/components/external-link.tsx","statementMap":{"0":{"start":{"line":8,"column":2},"end":{"line":24,"column":4}},"1":{"start":{"line":14,"column":8},"end":{"line":21,"column":9}},"2":{"start":{"line":16,"column":10},"end":{"line":16,"column":33}},"3":{"start":{"line":18,"column":10},"end":{"line":20,"column":13}}},"fnMap":{"0":{"name":"ExternalLink","decl":{"start":{"line":7,"column":16},"end":{"line":7,"column":28}},"loc":{"start":{"line":7,"column":55},"end":{"line":25,"column":1}},"line":7},"1":{"name":"(anonymous_1)","decl":{"start":{"line":13,"column":15},"end":{"line":13,"column":16}},"loc":{"start":{"line":13,"column":32},"end":{"line":22,"column":7}},"line":13}},"branchMap":{"0":{"loc":{"start":{"line":14,"column":8},"end":{"line":21,"column":9}},"type":"if","locations":[{"start":{"line":14,"column":8},"end":{"line":21,"column":9}},{"start":{},"end":{}}],"line":14}},"s":{"0":1,"1":0,"2":0,"3":0},"f":{"0":1,"1":0},"b":{"0":[0,0]},"_coverageSchema":"1a1c01bbd47fc00a2c39e90264f33305004495a9","hash":"d6666d16459a63acde7e8f1c442caef4f483ab7b"}
,"/Volumes/ssd/GithubCode/SPA/SPA.FE/SPA.mobile/components/haptic-tab.tsx": {"path":"/Volumes/ssd/GithubCode/SPA/SPA.FE/SPA.mobile/components/haptic-tab.tsx","statementMap":{"0":{"start":{"line":6,"column":2},"end":{"line":17,"column":4}},"1":{"start":{"line":10,"column":8},"end":{"line":13,"column":9}},"2":{"start":{"line":12,"column":10},"end":{"line":12,"column":65}},"3":{"start":{"line":14,"column":8},"end":{"line":14,"column":30}}},"fnMap":{"0":{"name":"HapticTab","decl":{"start":{"line":5,"column":16},"end":{"line":5,"column":25}},"loc":{"start":{"line":5,"column":58},"end":{"line":18,"column":1}},"line":5},"1":{"name":"(anonymous_1)","decl":{"start":{"line":9,"column":17},"end":{"line":9,"column":18}},"loc":{"start":{"line":9,"column":25},"end":{"line":15,"column":7}},"line":9}},"branchMap":{"0":{"loc":{"start":{"line":10,"column":8},"end":{"line":13,"column":9}},"type":"if","locations":[{"start":{"line":10,"column":8},"end":{"line":13,"column":9}},{"start":{},"end":{}}],"line":10}},"s":{"0":1,"1":0,"2":0,"3":0},"f":{"0":1,"1":0},"b":{"0":[0,0]},"_coverageSchema":"1a1c01bbd47fc00a2c39e90264f33305004495a9","hash":"bfd6fb59483a4323ed1b2ccea30a894fda75d08d"}
,"/Volumes/ssd/GithubCode/SPA/SPA.FE/SPA.mobile/components/hello-wave.tsx": {"path":"/Volumes/ssd/GithubCode/SPA/SPA.FE/SPA.mobile/components/hello-wave.tsx","statementMap":{"0":{"start":{"line":4,"column":2},"end":{"line":18,"column":4}}},"fnMap":{"0":{"name":"HelloWave","decl":{"start":{"line":3,"column":16},"end":{"line":3,"column":25}},"loc":{"start":{"line":3,"column":28},"end":{"line":19,"column":1}},"line":3}},"branchMap":{},"s":{"0":1},"f":{"0":1},"b":{},"_coverageSchema":"1a1c01bbd47fc00a2c39e90264f33305004495a9","hash":"df027b86eed6d0f3271b4b459f53c3b05b0b9ff6"}
,"/Volumes/ssd/GithubCode/SPA/SPA.FE/SPA.mobile/components/parallax-scroll-view.tsx": {"path":"/Volumes/ssd/GithubCode/SPA/SPA.FE/SPA.mobile/components/parallax-scroll-view.tsx","statementMap":{"0":{"start":{"line":14,"column":22},"end":{"line":14,"column":25}},"1":{"start":{"line":26,"column":26},"end":{"line":26,"column":57}},"2":{"start":{"line":27,"column":22},"end":{"line":27,"column":49}},"3":{"start":{"line":28,"column":20},"end":{"line":28,"column":57}},"4":{"start":{"line":29,"column":23},"end":{"line":29,"column":49}},"5":{"start":{"line":30,"column":30},"end":{"line":45,"column":4}},"6":{"start":{"line":31,"column":4},"end":{"line":44,"column":6}},"7":{"start":{"line":47,"column":2},"end":{"line":62,"column":4}},"8":{"start":{"line":65,"column":15},"end":{"line":79,"column":2}}},"fnMap":{"0":{"name":"ParallaxScrollView","decl":{"start":{"line":21,"column":24},"end":{"line":21,"column":42}},"loc":{"start":{"line":25,"column":10},"end":{"line":63,"column":1}},"line":25},"1":{"name":"(anonymous_1)","decl":{"start":{"line":30,"column":47},"end":{"line":30,"column":48}},"loc":{"start":{"line":30,"column":53},"end":{"line":45,"column":3}},"line":30}},"branchMap":{"0":{"loc":{"start":{"line":27,"column":22},"end":{"line":27,"column":49}},"type":"binary-expr","locations":[{"start":{"line":27,"column":22},"end":{"line":27,"column":38}},{"start":{"line":27,"column":42},"end":{"line":27,"column":49}}],"line":27}},"s":{"0":1,"1":1,"2":1,"3":1,"4":1,"5":1,"6":1,"7":1,"8":1},"f":{"0":1,"1":1},"b":{"0":[1,0]},"_coverageSchema":"1a1c01bbd47fc00a2c39e90264f33305004495a9","hash":"ead4bd9b8c69a3360fc33c4e5f545e55b1dd2743"}
,"/Volumes/ssd/GithubCode/SPA/SPA.FE/SPA.mobile/components/themed-text.tsx": {"path":"/Volumes/ssd/GithubCode/SPA/SPA.FE/SPA.mobile/components/themed-text.tsx","statementMap":{"0":{"start":{"line":18,"column":16},"end":{"line":18,"column":77}},"1":{"start":{"line":20,"column":2},"end":{"line":33,"column":4}},"2":{"start":{"line":36,"column":15},"end":{"line":60,"column":2}}},"fnMap":{"0":{"name":"ThemedText","decl":{"start":{"line":11,"column":16},"end":{"line":11,"column":26}},"loc":{"start":{"line":17,"column":20},"end":{"line":34,"column":1}},"line":17}},"branchMap":{"0":{"loc":{"start":{"line":15,"column":2},"end":{"line":15,"column":18}},"type":"default-arg","locations":[{"start":{"line":15,"column":9},"end":{"line":15,"column":18}}],"line":15},"1":{"loc":{"start":{"line":24,"column":8},"end":{"line":24,"column":55}},"type":"cond-expr","locations":[{"start":{"line":24,"column":29},"end":{"line":24,"column":43}},{"start":{"line":24,"column":46},"end":{"line":24,"column":55}}],"line":24},"2":{"loc":{"start":{"line":25,"column":8},"end":{"line":25,"column":51}},"type":"cond-expr","locations":[{"start":{"line":25,"column":27},"end":{"line":25,"column":39}},{"start":{"line":25,"column":42},"end":{"line":25,"column":51}}],"line":25},"3":{"loc":{"start":{"line":26,"column":8},"end":{"line":26,"column":71}},"type":"cond-expr","locations":[{"start":{"line":26,"column":37},"end":{"line":26,"column":59}},{"start":{"line":26,"column":62},"end":{"line":26,"column":71}}],"line":26},"4":{"loc":{"start":{"line":27,"column":8},"end":{"line":27,"column":57}},"type":"cond-expr","locations":[{"start":{"line":27,"column":30},"end":{"line":27,"column":45}},{"start":{"line":27,"column":48},"end":{"line":27,"column":57}}],"line":27},"5":{"loc":{"start":{"line":28,"column":8},"end":{"line":28,"column":49}},"type":"cond-expr","locations":[{"start":{"line":28,"column":26},"end":{"line":28,"column":37}},{"start":{"line":28,"column":40},"end":{"line":28,"column":49}}],"line":28}},"s":{"0":3,"1":3,"2":1},"f":{"0":3},"b":{"0":[0],"1":[0,3],"2":[1,2],"3":[1,2],"4":[0,3],"5":[1,2]},"_coverageSchema":"1a1c01bbd47fc00a2c39e90264f33305004495a9","hash":"f9067ca7cb9aeec4888f89b27b389155b48d5354"}
,"/Volumes/ssd/GithubCode/SPA/SPA.FE/SPA.mobile/components/themed-view.tsx": {"path":"/Volumes/ssd/GithubCode/SPA/SPA.FE/SPA.mobile/components/themed-view.tsx","statementMap":{"0":{"start":{"line":11,"column":26},"end":{"line":11,"column":93}},"1":{"start":{"line":13,"column":2},"end":{"line":13,"column":71}}},"fnMap":{"0":{"name":"ThemedView","decl":{"start":{"line":10,"column":16},"end":{"line":10,"column":26}},"loc":{"start":{"line":10,"column":93},"end":{"line":14,"column":1}},"line":10}},"branchMap":{},"s":{"0":3,"1":3},"f":{"0":3},"b":{},"_coverageSchema":"1a1c01bbd47fc00a2c39e90264f33305004495a9","hash":"49893cc94aa777d4588b9c0cad223e393dfc9290"}
,"/Volumes/ssd/GithubCode/SPA/SPA.FE/SPA.mobile/components/ui/CategoryButton.tsx": {"path":"/Volumes/ssd/GithubCode/SPA/SPA.FE/SPA.mobile/components/ui/CategoryButton.tsx","statementMap":{"0":{"start":{"line":15,"column":66},"end":{"line":20,"column":1}},"1":{"start":{"line":22,"column":74},"end":{"line":27,"column":1}},"2":{"start":{"line":30,"column":2},"end":{"line":43,"column":4}},"3":{"start":{"line":46,"column":15},"end":{"line":71,"column":2}}},"fnMap":{"0":{"name":"CategoryButton","decl":{"start":{"line":29,"column":16},"end":{"line":29,"column":30}},"loc":{"start":{"line":29,"column":90},"end":{"line":44,"column":1}},"line":29}},"branchMap":{"0":{"loc":{"start":{"line":32,"column":26},"end":{"line":32,"column":58}},"type":"binary-expr","locations":[{"start":{"line":32,"column":26},"end":{"line":32,"column":36}},{"start":{"line":32,"column":40},"end":{"line":32,"column":58}}],"line":32},"1":{"loc":{"start":{"line":37,"column":14},"end":{"line":37,"column":64}},"type":"cond-expr","locations":[{"start":{"line":37,"column":27},"end":{"line":37,"column":48}},{"start":{"line":37,"column":51},"end":{"line":37,"column":64}}],"line":37},"2":{"loc":{"start":{"line":39,"column":15},"end":{"line":39,"column":71}},"type":"cond-expr","locations":[{"start":{"line":39,"column":28},"end":{"line":39,"column":47}},{"start":{"line":39,"column":50},"end":{"line":39,"column":71}}],"line":39},"3":{"loc":{"start":{"line":41,"column":34},"end":{"line":41,"column":68}},"type":"binary-expr","locations":[{"start":{"line":41,"column":34},"end":{"line":41,"column":44}},{"start":{"line":41,"column":48},"end":{"line":41,"column":68}}],"line":41}},"s":{"0":1,"1":1,"2":12,"3":1},"f":{"0":12},"b":{"0":[12,3],"1":[3,9],"2":[3,9],"3":[12,3]},"_coverageSchema":"1a1c01bbd47fc00a2c39e90264f33305004495a9","hash":"56183d4fe740ddbaf03c93d04afac2ba28105967"}
,"/Volumes/ssd/GithubCode/SPA/SPA.FE/SPA.mobile/components/ui/ParkingCard.tsx": {"path":"/Volumes/ssd/GithubCode/SPA/SPA.FE/SPA.mobile/components/ui/ParkingCard.tsx","statementMap":{"0":{"start":{"line":13,"column":2},"end":{"line":34,"column":4}},"1":{"start":{"line":17,"column":21},"end":{"line":17,"column":54}},"2":{"start":{"line":37,"column":15},"end":{"line":90,"column":2}}},"fnMap":{"0":{"name":"ParkingCard","decl":{"start":{"line":12,"column":16},"end":{"line":12,"column":27}},"loc":{"start":{"line":12,"column":76},"end":{"line":35,"column":1}},"line":12},"1":{"name":"(anonymous_1)","decl":{"start":{"line":17,"column":15},"end":{"line":17,"column":16}},"loc":{"start":{"line":17,"column":21},"end":{"line":17,"column":54}},"line":17}},"branchMap":{"0":{"loc":{"start":{"line":12,"column":35},"end":{"line":12,"column":54}},"type":"default-arg","locations":[{"start":{"line":12,"column":45},"end":{"line":12,"column":54}}],"line":12},"1":{"loc":{"start":{"line":15,"column":27},"end":{"line":15,"column":70}},"type":"binary-expr","locations":[{"start":{"line":15,"column":27},"end":{"line":15,"column":48}},{"start":{"line":15,"column":52},"end":{"line":15,"column":70}}],"line":15}},"s":{"0":50,"1":0,"2":2},"f":{"0":50,"1":0},"b":{"0":[15],"1":[50,0]},"_coverageSchema":"1a1c01bbd47fc00a2c39e90264f33305004495a9","hash":"b15dd7aba63d0e24da0c3dbfdb28effcdf505590"}
,"/Volumes/ssd/GithubCode/SPA/SPA.FE/SPA.mobile/components/ui/SearchBar.tsx": {"path":"/Volumes/ssd/GithubCode/SPA/SPA.FE/SPA.mobile/components/ui/SearchBar.tsx","statementMap":{"0":{"start":{"line":13,"column":2},"end":{"line":24,"column":4}},"1":{"start":{"line":27,"column":15},"end":{"line":42,"column":2}}},"fnMap":{"0":{"name":"SearchBar","decl":{"start":{"line":12,"column":16},"end":{"line":12,"column":25}},"loc":{"start":{"line":12,"column":94},"end":{"line":25,"column":1}},"line":12}},"branchMap":{"0":{"loc":{"start":{"line":12,"column":49},"end":{"line":12,"column":74}},"type":"default-arg","locations":[{"start":{"line":12,"column":63},"end":{"line":12,"column":74}}],"line":12}},"s":{"0":1,"1":1},"f":{"0":1},"b":{"0":[0]},"_coverageSchema":"1a1c01bbd47fc00a2c39e90264f33305004495a9","hash":"4615af73d7811ab1261c0c94025977d192d1ca88"}
,"/Volumes/ssd/GithubCode/SPA/SPA.FE/SPA.mobile/components/ui/collapsible.tsx": {"path":"/Volumes/ssd/GithubCode/SPA/SPA.FE/SPA.mobile/components/ui/collapsible.tsx","statementMap":{"0":{"start":{"line":11,"column":30},"end":{"line":11,"column":45}},"1":{"start":{"line":12,"column":16},"end":{"line":12,"column":43}},"2":{"start":{"line":14,"column":2},"end":{"line":32,"column":4}},"3":{"start":{"line":18,"column":23},"end":{"line":18,"column":51}},"4":{"start":{"line":18,"column":44},"end":{"line":18,"column":50}},"5":{"start":{"line":35,"column":15},"end":{"line":45,"column":2}}},"fnMap":{"0":{"name":"Collapsible","decl":{"start":{"line":10,"column":16},"end":{"line":10,"column":27}},"loc":{"start":{"line":10,"column":88},"end":{"line":33,"column":1}},"line":10},"1":{"name":"(anonymous_1)","decl":{"start":{"line":18,"column":17},"end":{"line":18,"column":18}},"loc":{"start":{"line":18,"column":23},"end":{"line":18,"column":51}},"line":18},"2":{"name":"(anonymous_2)","decl":{"start":{"line":18,"column":33},"end":{"line":18,"column":34}},"loc":{"start":{"line":18,"column":44},"end":{"line":18,"column":50}},"line":18}},"branchMap":{"0":{"loc":{"start":{"line":12,"column":16},"end":{"line":12,"column":43}},"type":"binary-expr","locations":[{"start":{"line":12,"column":16},"end":{"line":12,"column":32}},{"start":{"line":12,"column":36},"end":{"line":12,"column":43}}],"line":12},"1":{"loc":{"start":{"line":24,"column":17},"end":{"line":24,"column":73}},"type":"cond-expr","locations":[{"start":{"line":24,"column":37},"end":{"line":24,"column":54}},{"start":{"line":24,"column":57},"end":{"line":24,"column":73}}],"line":24},"2":{"loc":{"start":{"line":25,"column":41},"end":{"line":25,"column":66}},"type":"cond-expr","locations":[{"start":{"line":25,"column":50},"end":{"line":25,"column":57}},{"start":{"line":25,"column":60},"end":{"line":25,"column":66}}],"line":25},"3":{"loc":{"start":{"line":30,"column":7},"end":{"line":30,"column":75}},"type":"binary-expr","locations":[{"start":{"line":30,"column":7},"end":{"line":30,"column":13}},{"start":{"line":30,"column":17},"end":{"line":30,"column":75}}],"line":30}},"s":{"0":1,"1":1,"2":1,"3":0,"4":0,"5":1},"f":{"0":1,"1":0,"2":0},"b":{"0":[1,0],"1":[1,0],"2":[0,1],"3":[1,0]},"_coverageSchema":"1a1c01bbd47fc00a2c39e90264f33305004495a9","hash":"1c67ffe9d2950e62ba17802cd92c351350f0f613"}
,"/Volumes/ssd/GithubCode/SPA/SPA.FE/SPA.mobile/components/ui/icon-symbol.tsx": {"path":"/Volumes/ssd/GithubCode/SPA/SPA.FE/SPA.mobile/components/ui/icon-symbol.tsx","statementMap":{"0":{"start":{"line":6,"column":16},"end":{"line":17,"column":10}},"1":{"start":{"line":34,"column":2},"end":{"line":34,"column":83}}},"fnMap":{"0":{"name":"IconSymbol","decl":{"start":{"line":21,"column":16},"end":{"line":21,"column":26}},"loc":{"start":{"line":31,"column":3},"end":{"line":35,"column":1}},"line":31}},"branchMap":{"0":{"loc":{"start":{"line":23,"column":2},"end":{"line":23,"column":11}},"type":"default-arg","locations":[{"start":{"line":23,"column":9},"end":{"line":23,"column":11}}],"line":23}},"s":{"0":2,"1":3},"f":{"0":3},"b":{"0":[2]},"_coverageSchema":"1a1c01bbd47fc00a2c39e90264f33305004495a9","hash":"9706112b355f2420aedfabab9a7f73db46a0972e"}
}
