{"/Volumes/ssd/GithubCode/SPA/SPA.FE/SPA.mobile/app/_layout.tsx": {"path":"/Volumes/ssd/GithubCode/SPA/SPA.FE/SPA.mobile/app/_layout.tsx","statementMap":{"0":{"start":{"line":20,"column":33},"end":{"line":22,"column":1}},"1":{"start":{"line":25,"column":19},"end":{"line":25,"column":32}},"2":{"start":{"line":27,"column":2},"end":{"line":31,"column":17}},"3":{"start":{"line":28,"column":4},"end":{"line":30,"column":5}},"4":{"start":{"line":29,"column":6},"end":{"line":29,"column":47}},"5":{"start":{"line":33,"column":2},"end":{"line":33,"column":14}},"6":{"start":{"line":37,"column":22},"end":{"line":37,"column":38}},"7":{"start":{"line":39,"column":2},"end":{"line":47,"column":4}},"8":{"start":{"line":53,"column":0},"end":{"line":59,"column":3}},"9":{"start":{"line":62,"column":2},"end":{"line":82,"column":9}},"10":{"start":{"line":63,"column":4},"end":{"line":63,"column":60}},"11":{"start":{"line":66,"column":4},"end":{"line":66,"column":36}},"12":{"start":{"line":69,"column":4},"end":{"line":69,"column":41}},"13":{"start":{"line":72,"column":4},"end":{"line":75,"column":7}},"14":{"start":{"line":77,"column":4},"end":{"line":77,"column":42}},"15":{"start":{"line":79,"column":4},"end":{"line":81,"column":6}},"16":{"start":{"line":80,"column":6},"end":{"line":80,"column":36}},"17":{"start":{"line":84,"column":2},"end":{"line":106,"column":4}}},"fnMap":{"0":{"name":"ScreenViewTracker","decl":{"start":{"line":24,"column":9},"end":{"line":24,"column":26}},"loc":{"start":{"line":24,"column":29},"end":{"line":34,"column":1}},"line":24},"1":{"name":"(anonymous_1)","decl":{"start":{"line":27,"column":12},"end":{"line":27,"column":13}},"loc":{"start":{"line":27,"column":18},"end":{"line":31,"column":3}},"line":27},"2":{"name":"RootNavigator","decl":{"start":{"line":36,"column":9},"end":{"line":36,"column":22}},"loc":{"start":{"line":36,"column":25},"end":{"line":48,"column":1}},"line":36},"3":{"name":"RootLayout","decl":{"start":{"line":61,"column":9},"end":{"line":61,"column":19}},"loc":{"start":{"line":61,"column":22},"end":{"line":107,"column":1}},"line":61},"4":{"name":"(anonymous_4)","decl":{"start":{"line":62,"column":12},"end":{"line":62,"column":13}},"loc":{"start":{"line":62,"column":18},"end":{"line":82,"column":3}},"line":62},"5":{"name":"(anonymous_5)","decl":{"start":{"line":79,"column":11},"end":{"line":79,"column":12}},"loc":{"start":{"line":79,"column":17},"end":{"line":81,"column":5}},"line":79}},"branchMap":{"0":{"loc":{"start":{"line":28,"column":4},"end":{"line":30,"column":5}},"type":"if","locations":[{"start":{"line":28,"column":4},"end":{"line":30,"column":5}},{"start":{},"end":{}}],"line":28},"1":{"loc":{"start":{"line":40,"column":26},"end":{"line":40,"column":75}},"type":"cond-expr","locations":[{"start":{"line":40,"column":51},"end":{"line":40,"column":60}},{"start":{"line":40,"column":63},"end":{"line":40,"column":75}}],"line":40}},"s":{"0":1,"1":0,"2":0,"3":0,"4":0,"5":0,"6":0,"7":0,"8":1,"9":3,"10":1,"11":1,"12":1,"13":1,"14":1,"15":1,"16":1,"17":2},"f":{"0":0,"1":0,"2":0,"3":3,"4":1,"5":1},"b":{"0":[0,0],"1":[0,0]},"_coverageSchema":"1a1c01bbd47fc00a2c39e90264f33305004495a9","hash":"7b8e72eb8cbaa1551182fbd4b43c400a8dd03b92"}
,"/Volumes/ssd/GithubCode/SPA/SPA.FE/SPA.mobile/app/modal.tsx": {"path":"/Volumes/ssd/GithubCode/SPA/SPA.FE/SPA.mobile/app/modal.tsx","statementMap":{"0":{"start":{"line":8,"column":2},"end":{"line":15,"column":4}},"1":{"start":{"line":18,"column":15},"end":{"line":29,"column":2}}},"fnMap":{"0":{"name":"ModalScreen","decl":{"start":{"line":7,"column":24},"end":{"line":7,"column":35}},"loc":{"start":{"line":7,"column":38},"end":{"line":16,"column":1}},"line":7}},"branchMap":{},"s":{"0":1,"1":1},"f":{"0":1},"b":{},"_coverageSchema":"1a1c01bbd47fc00a2c39e90264f33305004495a9","hash":"b00b03863262e680b9cfdc946453339021bce31a"}
,"/Volumes/ssd/GithubCode/SPA/SPA.FE/SPA.mobile/app/onboarding.tsx": {"path":"/Volumes/ssd/GithubCode/SPA/SPA.FE/SPA.mobile/app/onboarding.tsx","statementMap":{"0":{"start":{"line":16,"column":26},"end":{"line":16,"column":50}},"1":{"start":{"line":19,"column":27},"end":{"line":21,"column":3}},"2":{"start":{"line":20,"column":4},"end":{"line":20,"column":30}},"3":{"start":{"line":23,"column":2},"end":{"line":56,"column":4}},"4":{"start":{"line":59,"column":15},"end":{"line":124,"column":2}}},"fnMap":{"0":{"name":"OnboardingScreen","decl":{"start":{"line":18,"column":24},"end":{"line":18,"column":40}},"loc":{"start":{"line":18,"column":43},"end":{"line":57,"column":1}},"line":18},"1":{"name":"(anonymous_1)","decl":{"start":{"line":19,"column":27},"end":{"line":19,"column":28}},"loc":{"start":{"line":19,"column":33},"end":{"line":21,"column":3}},"line":19}},"branchMap":{},"s":{"0":1,"1":3,"2":1,"3":3,"4":1},"f":{"0":3,"1":1},"b":{},"_coverageSchema":"1a1c01bbd47fc00a2c39e90264f33305004495a9","hash":"9736fd9cc5cad98de5fb9f13430bb8faeeea863d"}
,"/Volumes/ssd/GithubCode/SPA/SPA.FE/SPA.mobile/app/(auth)/_layout.tsx": {"path":"/Volumes/ssd/GithubCode/SPA/SPA.FE/SPA.mobile/app/(auth)/_layout.tsx","statementMap":{"0":{"start":{"line":4,"column":2},"end":{"line":9,"column":4}}},"fnMap":{"0":{"name":"AuthLayout","decl":{"start":{"line":3,"column":24},"end":{"line":3,"column":34}},"loc":{"start":{"line":3,"column":37},"end":{"line":10,"column":1}},"line":3}},"branchMap":{},"s":{"0":1},"f":{"0":1},"b":{},"_coverageSchema":"1a1c01bbd47fc00a2c39e90264f33305004495a9","hash":"7f3400c36dcff744aa03fe1a7e4c6b720a4edea4"}
,"/Volumes/ssd/GithubCode/SPA/SPA.FE/SPA.mobile/app/(auth)/login.tsx": {"path":"/Volumes/ssd/GithubCode/SPA/SPA.FE/SPA.mobile/app/(auth)/login.tsx","statementMap":{"0":{"start":{"line":20,"column":34},"end":{"line":20,"column":58}},"1":{"start":{"line":26,"column":17},"end":{"line":26,"column":36}},"2":{"start":{"line":27,"column":20},"end":{"line":27,"column":29}},"3":{"start":{"line":28,"column":28},"end":{"line":28,"column":40}},"4":{"start":{"line":29,"column":34},"end":{"line":29,"column":46}},"5":{"start":{"line":30,"column":42},"end":{"line":30,"column":57}},"6":{"start":{"line":31,"column":42},"end":{"line":31,"column":57}},"7":{"start":{"line":32,"column":48},"end":{"line":32,"column":63}},"8":{"start":{"line":33,"column":32},"end":{"line":33,"column":47}},"9":{"start":{"line":34,"column":28},"end":{"line":34,"column":40}},"10":{"start":{"line":36,"column":22},"end":{"line":58,"column":3}},"11":{"start":{"line":37,"column":4},"end":{"line":40,"column":5}},"12":{"start":{"line":38,"column":6},"end":{"line":38,"column":50}},"13":{"start":{"line":39,"column":6},"end":{"line":39,"column":13}},"14":{"start":{"line":41,"column":4},"end":{"line":41,"column":17}},"15":{"start":{"line":42,"column":4},"end":{"line":42,"column":21}},"16":{"start":{"line":43,"column":4},"end":{"line":57,"column":5}},"17":{"start":{"line":44,"column":6},"end":{"line":44,"column":39}},"18":{"start":{"line":46,"column":6},"end":{"line":50,"column":7}},"19":{"start":{"line":47,"column":8},"end":{"line":47,"column":42}},"20":{"start":{"line":49,"column":8},"end":{"line":49,"column":58}},"21":{"start":{"line":51,"column":6},"end":{"line":51,"column":32}},"22":{"start":{"line":53,"column":18},"end":{"line":53,"column":46}},"23":{"start":{"line":54,"column":6},"end":{"line":54,"column":93}},"24":{"start":{"line":56,"column":6},"end":{"line":56,"column":24}},"25":{"start":{"line":60,"column":2},"end":{"line":216,"column":4}},"26":{"start":{"line":124,"column":33},"end":{"line":124,"column":54}},"27":{"start":{"line":125,"column":32},"end":{"line":125,"column":54}},"28":{"start":{"line":153,"column":33},"end":{"line":153,"column":57}},"29":{"start":{"line":154,"column":32},"end":{"line":154,"column":57}},"30":{"start":{"line":156,"column":49},"end":{"line":156,"column":79}},"31":{"start":{"line":207,"column":45},"end":{"line":207,"column":76}},"32":{"start":{"line":219,"column":15},"end":{"line":406,"column":2}}},"fnMap":{"0":{"name":"LoginScreen","decl":{"start":{"line":25,"column":24},"end":{"line":25,"column":35}},"loc":{"start":{"line":25,"column":38},"end":{"line":217,"column":1}},"line":25},"1":{"name":"(anonymous_1)","decl":{"start":{"line":36,"column":22},"end":{"line":36,"column":23}},"loc":{"start":{"line":36,"column":34},"end":{"line":58,"column":3}},"line":36},"2":{"name":"(anonymous_2)","decl":{"start":{"line":124,"column":27},"end":{"line":124,"column":28}},"loc":{"start":{"line":124,"column":33},"end":{"line":124,"column":54}},"line":124},"3":{"name":"(anonymous_3)","decl":{"start":{"line":125,"column":26},"end":{"line":125,"column":27}},"loc":{"start":{"line":125,"column":32},"end":{"line":125,"column":54}},"line":125},"4":{"name":"(anonymous_4)","decl":{"start":{"line":153,"column":27},"end":{"line":153,"column":28}},"loc":{"start":{"line":153,"column":33},"end":{"line":153,"column":57}},"line":153},"5":{"name":"(anonymous_5)","decl":{"start":{"line":154,"column":26},"end":{"line":154,"column":27}},"loc":{"start":{"line":154,"column":32},"end":{"line":154,"column":57}},"line":154},"6":{"name":"(anonymous_6)","decl":{"start":{"line":156,"column":43},"end":{"line":156,"column":44}},"loc":{"start":{"line":156,"column":49},"end":{"line":156,"column":79}},"line":156},"7":{"name":"(anonymous_7)","decl":{"start":{"line":207,"column":39},"end":{"line":207,"column":40}},"loc":{"start":{"line":207,"column":45},"end":{"line":207,"column":76}},"line":207}},"branchMap":{"0":{"loc":{"start":{"line":37,"column":4},"end":{"line":40,"column":5}},"type":"if","locations":[{"start":{"line":37,"column":4},"end":{"line":40,"column":5}},{"start":{},"end":{}}],"line":37},"1":{"loc":{"start":{"line":37,"column":8},"end":{"line":37,"column":27}},"type":"binary-expr","locations":[{"start":{"line":37,"column":8},"end":{"line":37,"column":14}},{"start":{"line":37,"column":18},"end":{"line":37,"column":27}}],"line":37},"2":{"loc":{"start":{"line":54,"column":15},"end":{"line":54,"column":91}},"type":"cond-expr","locations":[{"start":{"line":54,"column":36},"end":{"line":54,"column":42}},{"start":{"line":54,"column":46},"end":{"line":54,"column":90}}],"line":54},"3":{"loc":{"start":{"line":54,"column":46},"end":{"line":54,"column":90}},"type":"binary-expr","locations":[{"start":{"line":54,"column":46},"end":{"line":54,"column":49}},{"start":{"line":54,"column":53},"end":{"line":54,"column":90}}],"line":54},"4":{"loc":{"start":{"line":77,"column":18},"end":{"line":77,"column":62}},"type":"cond-expr","locations":[{"start":{"line":77,"column":42},"end":{"line":77,"column":51}},{"start":{"line":77,"column":54},"end":{"line":77,"column":62}}],"line":77},"5":{"loc":{"start":{"line":98,"column":13},"end":{"line":102,"column":20}},"type":"cond-expr","locations":[{"start":{"line":99,"column":14},"end":{"line":101,"column":21}},{"start":{"line":102,"column":16},"end":{"line":102,"column":20}}],"line":98},"6":{"loc":{"start":{"line":108,"column":45},"end":{"line":108,"column":87}},"type":"binary-expr","locations":[{"start":{"line":108,"column":45},"end":{"line":108,"column":57}},{"start":{"line":108,"column":61},"end":{"line":108,"column":87}}],"line":108},"7":{"loc":{"start":{"line":113,"column":25},"end":{"line":113,"column":77}},"type":"cond-expr","locations":[{"start":{"line":113,"column":40},"end":{"line":113,"column":53}},{"start":{"line":113,"column":56},"end":{"line":113,"column":77}}],"line":113},"8":{"loc":{"start":{"line":139,"column":45},"end":{"line":139,"column":90}},"type":"binary-expr","locations":[{"start":{"line":139,"column":45},"end":{"line":139,"column":60}},{"start":{"line":139,"column":64},"end":{"line":139,"column":90}}],"line":139},"9":{"loc":{"start":{"line":144,"column":25},"end":{"line":144,"column":80}},"type":"cond-expr","locations":[{"start":{"line":144,"column":43},"end":{"line":144,"column":56}},{"start":{"line":144,"column":59},"end":{"line":144,"column":80}}],"line":144},"10":{"loc":{"start":{"line":158,"column":26},"end":{"line":158,"column":74}},"type":"cond-expr","locations":[{"start":{"line":158,"column":41},"end":{"line":158,"column":58}},{"start":{"line":158,"column":61},"end":{"line":158,"column":74}}],"line":158},"11":{"loc":{"start":{"line":168,"column":40},"end":{"line":168,"column":74}},"type":"binary-expr","locations":[{"start":{"line":168,"column":40},"end":{"line":168,"column":47}},{"start":{"line":168,"column":51},"end":{"line":168,"column":74}}],"line":168},"12":{"loc":{"start":{"line":173,"column":15},"end":{"line":181,"column":15}},"type":"cond-expr","locations":[{"start":{"line":174,"column":16},"end":{"line":178,"column":23}},{"start":{"line":180,"column":16},"end":{"line":180,"column":67}}],"line":173}},"s":{"0":1,"1":2,"2":2,"3":2,"4":2,"5":2,"6":2,"7":2,"8":2,"9":2,"10":2,"11":0,"12":0,"13":0,"14":0,"15":0,"16":0,"17":0,"18":0,"19":0,"20":0,"21":0,"22":0,"23":0,"24":0,"25":2,"26":0,"27":0,"28":0,"29":0,"30":0,"31":0,"32":1},"f":{"0":2,"1":0,"2":0,"3":0,"4":0,"5":0,"6":0,"7":0},"b":{"0":[0,0],"1":[0,0],"2":[0,0],"3":[0,0],"4":[2,0],"5":[0,2],"6":[2,0],"7":[0,2],"8":[2,0],"9":[0,2],"10":[0,2],"11":[2,0],"12":[0,2]},"_coverageSchema":"1a1c01bbd47fc00a2c39e90264f33305004495a9","hash":"708a2c80e82f4cb0708722ea6f1d378e4d058fb2"}
,"/Volumes/ssd/GithubCode/SPA/SPA.FE/SPA.mobile/app/(auth)/register.tsx": {"path":"/Volumes/ssd/GithubCode/SPA/SPA.FE/SPA.mobile/app/(auth)/register.tsx","statementMap":{"0":{"start":{"line":15,"column":17},"end":{"line":15,"column":36}},"1":{"start":{"line":16,"column":23},"end":{"line":16,"column":32}},"2":{"start":{"line":17,"column":36},"end":{"line":17,"column":48}},"3":{"start":{"line":18,"column":34},"end":{"line":18,"column":46}},"4":{"start":{"line":19,"column":28},"end":{"line":19,"column":40}},"5":{"start":{"line":20,"column":34},"end":{"line":20,"column":46}},"6":{"start":{"line":21,"column":42},"end":{"line":21,"column":57}},"7":{"start":{"line":22,"column":32},"end":{"line":22,"column":47}},"8":{"start":{"line":23,"column":28},"end":{"line":23,"column":40}},"9":{"start":{"line":25,"column":25},"end":{"line":43,"column":3}},"10":{"start":{"line":26,"column":4},"end":{"line":29,"column":5}},"11":{"start":{"line":27,"column":6},"end":{"line":27,"column":53}},"12":{"start":{"line":28,"column":6},"end":{"line":28,"column":13}},"13":{"start":{"line":30,"column":4},"end":{"line":30,"column":17}},"14":{"start":{"line":31,"column":4},"end":{"line":31,"column":21}},"15":{"start":{"line":32,"column":4},"end":{"line":42,"column":5}},"16":{"start":{"line":33,"column":6},"end":{"line":33,"column":63}},"17":{"start":{"line":34,"column":6},"end":{"line":36,"column":9}},"18":{"start":{"line":35,"column":37},"end":{"line":35,"column":68}},"19":{"start":{"line":38,"column":18},"end":{"line":38,"column":46}},"20":{"start":{"line":39,"column":6},"end":{"line":39,"column":82}},"21":{"start":{"line":41,"column":6},"end":{"line":41,"column":24}},"22":{"start":{"line":45,"column":2},"end":{"line":110,"column":4}},"23":{"start":{"line":73,"column":14},"end":{"line":80,"column":21}},"24":{"start":{"line":89,"column":49},"end":{"line":89,"column":79}},"25":{"start":{"line":102,"column":45},"end":{"line":102,"column":58}},"26":{"start":{"line":113,"column":15},"end":{"line":139,"column":2}}},"fnMap":{"0":{"name":"RegisterScreen","decl":{"start":{"line":14,"column":24},"end":{"line":14,"column":38}},"loc":{"start":{"line":14,"column":41},"end":{"line":111,"column":1}},"line":14},"1":{"name":"(anonymous_1)","decl":{"start":{"line":25,"column":25},"end":{"line":25,"column":26}},"loc":{"start":{"line":25,"column":37},"end":{"line":43,"column":3}},"line":25},"2":{"name":"(anonymous_2)","decl":{"start":{"line":35,"column":31},"end":{"line":35,"column":32}},"loc":{"start":{"line":35,"column":37},"end":{"line":35,"column":68}},"line":35},"3":{"name":"(anonymous_3)","decl":{"start":{"line":72,"column":18},"end":{"line":72,"column":19}},"loc":{"start":{"line":73,"column":14},"end":{"line":80,"column":21}},"line":73},"4":{"name":"(anonymous_4)","decl":{"start":{"line":89,"column":43},"end":{"line":89,"column":44}},"loc":{"start":{"line":89,"column":49},"end":{"line":89,"column":79}},"line":89},"5":{"name":"(anonymous_5)","decl":{"start":{"line":102,"column":39},"end":{"line":102,"column":40}},"loc":{"start":{"line":102,"column":45},"end":{"line":102,"column":58}},"line":102}},"branchMap":{"0":{"loc":{"start":{"line":26,"column":4},"end":{"line":29,"column":5}},"type":"if","locations":[{"start":{"line":26,"column":4},"end":{"line":29,"column":5}},{"start":{},"end":{}}],"line":26},"1":{"loc":{"start":{"line":26,"column":8},"end":{"line":26,"column":54}},"type":"binary-expr","locations":[{"start":{"line":26,"column":8},"end":{"line":26,"column":18}},{"start":{"line":26,"column":22},"end":{"line":26,"column":31}},{"start":{"line":26,"column":35},"end":{"line":26,"column":41}},{"start":{"line":26,"column":45},"end":{"line":26,"column":54}}],"line":26},"2":{"loc":{"start":{"line":39,"column":15},"end":{"line":39,"column":80}},"type":"cond-expr","locations":[{"start":{"line":39,"column":36},"end":{"line":39,"column":50}},{"start":{"line":39,"column":54},"end":{"line":39,"column":79}}],"line":39},"3":{"loc":{"start":{"line":39,"column":54},"end":{"line":39,"column":79}},"type":"binary-expr","locations":[{"start":{"line":39,"column":54},"end":{"line":39,"column":57}},{"start":{"line":39,"column":61},"end":{"line":39,"column":79}}],"line":39},"4":{"loc":{"start":{"line":52,"column":57},"end":{"line":52,"column":101}},"type":"cond-expr","locations":[{"start":{"line":52,"column":81},"end":{"line":52,"column":90}},{"start":{"line":52,"column":93},"end":{"line":52,"column":101}}],"line":52},"5":{"loc":{"start":{"line":66,"column":13},"end":{"line":66,"column":110}},"type":"cond-expr","locations":[{"start":{"line":66,"column":21},"end":{"line":66,"column":103}},{"start":{"line":66,"column":106},"end":{"line":66,"column":110}}],"line":66},"6":{"loc":{"start":{"line":90,"column":34},"end":{"line":90,"column":82}},"type":"cond-expr","locations":[{"start":{"line":90,"column":49},"end":{"line":90,"column":66}},{"start":{"line":90,"column":69},"end":{"line":90,"column":82}}],"line":90},"7":{"loc":{"start":{"line":95,"column":50},"end":{"line":95,"column":78}},"type":"binary-expr","locations":[{"start":{"line":95,"column":50},"end":{"line":95,"column":57}},{"start":{"line":95,"column":61},"end":{"line":95,"column":78}}],"line":95},"8":{"loc":{"start":{"line":96,"column":44},"end":{"line":96,"column":93}},"type":"cond-expr","locations":[{"start":{"line":96,"column":54},"end":{"line":96,"column":75}},{"start":{"line":96,"column":78},"end":{"line":96,"column":93}}],"line":96}},"s":{"0":0,"1":0,"2":0,"3":0,"4":0,"5":0,"6":0,"7":0,"8":0,"9":0,"10":0,"11":0,"12":0,"13":0,"14":0,"15":0,"16":0,"17":0,"18":0,"19":0,"20":0,"21":0,"22":0,"23":0,"24":0,"25":0,"26":0},"f":{"0":0,"1":0,"2":0,"3":0,"4":0,"5":0},"b":{"0":[0,0],"1":[0,0,0,0],"2":[0,0],"3":[0,0],"4":[0,0],"5":[0,0],"6":[0,0],"7":[0,0],"8":[0,0]}}
,"/Volumes/ssd/GithubCode/SPA/SPA.FE/SPA.mobile/app/(tabs)/_layout.tsx": {"path":"/Volumes/ssd/GithubCode/SPA/SPA.FE/SPA.mobile/app/(tabs)/_layout.tsx","statementMap":{"0":{"start":{"line":8,"column":2},"end":{"line":12,"column":4}},"1":{"start":{"line":16,"column":2},"end":{"line":83,"column":4}},"2":{"start":{"line":32,"column":12},"end":{"line":32,"column":89}},"3":{"start":{"line":43,"column":12},"end":{"line":43,"column":89}},"4":{"start":{"line":53,"column":29},"end":{"line":53,"column":33}},"5":{"start":{"line":54,"column":28},"end":{"line":54,"column":42}},"6":{"start":{"line":64,"column":12},"end":{"line":64,"column":91}},"7":{"start":{"line":75,"column":12},"end":{"line":75,"column":93}},"8":{"start":{"line":86,"column":15},"end":{"line":109,"column":2}}},"fnMap":{"0":{"name":"ScanButton","decl":{"start":{"line":7,"column":9},"end":{"line":7,"column":19}},"loc":{"start":{"line":7,"column":22},"end":{"line":13,"column":1}},"line":7},"1":{"name":"TabLayout","decl":{"start":{"line":15,"column":24},"end":{"line":15,"column":33}},"loc":{"start":{"line":15,"column":36},"end":{"line":84,"column":1}},"line":15},"2":{"name":"(anonymous_2)","decl":{"start":{"line":31,"column":22},"end":{"line":31,"column":23}},"loc":{"start":{"line":32,"column":12},"end":{"line":32,"column":89}},"line":32},"3":{"name":"(anonymous_3)","decl":{"start":{"line":42,"column":22},"end":{"line":42,"column":23}},"loc":{"start":{"line":43,"column":12},"end":{"line":43,"column":89}},"line":43},"4":{"name":"(anonymous_4)","decl":{"start":{"line":53,"column":23},"end":{"line":53,"column":24}},"loc":{"start":{"line":53,"column":29},"end":{"line":53,"column":33}},"line":53},"5":{"name":"(anonymous_5)","decl":{"start":{"line":54,"column":22},"end":{"line":54,"column":23}},"loc":{"start":{"line":54,"column":28},"end":{"line":54,"column":42}},"line":54},"6":{"name":"(anonymous_6)","decl":{"start":{"line":63,"column":22},"end":{"line":63,"column":23}},"loc":{"start":{"line":64,"column":12},"end":{"line":64,"column":91}},"line":64},"7":{"name":"(anonymous_7)","decl":{"start":{"line":74,"column":22},"end":{"line":74,"column":23}},"loc":{"start":{"line":75,"column":12},"end":{"line":75,"column":93}},"line":75}},"branchMap":{"0":{"loc":{"start":{"line":32,"column":28},"end":{"line":32,"column":61}},"type":"cond-expr","locations":[{"start":{"line":32,"column":38},"end":{"line":32,"column":44}},{"start":{"line":32,"column":47},"end":{"line":32,"column":61}}],"line":32},"1":{"loc":{"start":{"line":43,"column":28},"end":{"line":43,"column":61}},"type":"cond-expr","locations":[{"start":{"line":43,"column":38},"end":{"line":43,"column":44}},{"start":{"line":43,"column":47},"end":{"line":43,"column":61}}],"line":43},"2":{"loc":{"start":{"line":64,"column":28},"end":{"line":64,"column":63}},"type":"cond-expr","locations":[{"start":{"line":64,"column":38},"end":{"line":64,"column":45}},{"start":{"line":64,"column":48},"end":{"line":64,"column":63}}],"line":64},"3":{"loc":{"start":{"line":75,"column":28},"end":{"line":75,"column":65}},"type":"cond-expr","locations":[{"start":{"line":75,"column":38},"end":{"line":75,"column":46}},{"start":{"line":75,"column":49},"end":{"line":75,"column":65}}],"line":75}},"s":{"0":0,"1":1,"2":2,"3":2,"4":1,"5":2,"6":2,"7":2,"8":1},"f":{"0":0,"1":1,"2":2,"3":2,"4":1,"5":2,"6":2,"7":2},"b":{"0":[1,1],"1":[1,1],"2":[1,1],"3":[1,1]},"_coverageSchema":"1a1c01bbd47fc00a2c39e90264f33305004495a9","hash":"bcfe9992c0daa3dcc9aa15dba9ed7562ebe7d30b"}
,"/Volumes/ssd/GithubCode/SPA/SPA.FE/SPA.mobile/app/(tabs)/history.tsx": {"path":"/Volumes/ssd/GithubCode/SPA/SPA.FE/SPA.mobile/app/(tabs)/history.tsx","statementMap":{"0":{"start":{"line":16,"column":12},"end":{"line":16,"column":25}},"1":{"start":{"line":17,"column":2},"end":{"line":17,"column":196}},"2":{"start":{"line":21,"column":2},"end":{"line":21,"column":21}},"3":{"start":{"line":21,"column":11},"end":{"line":21,"column":21}},"4":{"start":{"line":22,"column":15},"end":{"line":22,"column":37}},"5":{"start":{"line":23,"column":2},"end":{"line":23,"column":39}},"6":{"start":{"line":23,"column":17},"end":{"line":23,"column":39}},"7":{"start":{"line":24,"column":12},"end":{"line":24,"column":33}},"8":{"start":{"line":25,"column":12},"end":{"line":25,"column":21}},"9":{"start":{"line":26,"column":2},"end":{"line":26,"column":44}},"10":{"start":{"line":30,"column":18},"end":{"line":30,"column":65}},"11":{"start":{"line":31,"column":24},"end":{"line":31,"column":76}},"12":{"start":{"line":33,"column":2},"end":{"line":64,"column":4}},"13":{"start":{"line":34,"column":64},"end":{"line":34,"column":92}},"14":{"start":{"line":54,"column":71},"end":{"line":54,"column":99}},"15":{"start":{"line":58,"column":100},"end":{"line":58,"column":128}},"16":{"start":{"line":68,"column":24},"end":{"line":68,"column":76}},"17":{"start":{"line":69,"column":2},"end":{"line":92,"column":4}},"18":{"start":{"line":72,"column":21},"end":{"line":72,"column":60}},"19":{"start":{"line":96,"column":49},"end":{"line":96,"column":62}},"20":{"start":{"line":97,"column":58},"end":{"line":97,"column":74}},"21":{"start":{"line":98,"column":17},"end":{"line":98,"column":36}},"22":{"start":{"line":100,"column":18},"end":{"line":100,"column":49}},"23":{"start":{"line":101,"column":21},"end":{"line":101,"column":77}},"24":{"start":{"line":103,"column":2},"end":{"line":118,"column":3}},"25":{"start":{"line":104,"column":4},"end":{"line":117,"column":6}},"26":{"start":{"line":113,"column":12},"end":{"line":113,"column":107}},"27":{"start":{"line":120,"column":2},"end":{"line":218,"column":4}},"28":{"start":{"line":140,"column":27},"end":{"line":140,"column":53}},"29":{"start":{"line":160,"column":68},"end":{"line":160,"column":93}},"30":{"start":{"line":172,"column":18},"end":{"line":175,"column":35}},"31":{"start":{"line":187,"column":18},"end":{"line":208,"column":35}},"32":{"start":{"line":191,"column":37},"end":{"line":191,"column":71}},"33":{"start":{"line":221,"column":15},"end":{"line":303,"column":2}}},"fnMap":{"0":{"name":"formatDate","decl":{"start":{"line":15,"column":9},"end":{"line":15,"column":19}},"loc":{"start":{"line":15,"column":33},"end":{"line":18,"column":1}},"line":15},"1":{"name":"formatDuration","decl":{"start":{"line":20,"column":9},"end":{"line":20,"column":23}},"loc":{"start":{"line":20,"column":37},"end":{"line":27,"column":1}},"line":20},"2":{"name":"CurrentSpotCard","decl":{"start":{"line":29,"column":9},"end":{"line":29,"column":24}},"loc":{"start":{"line":29,"column":58},"end":{"line":65,"column":1}},"line":29},"3":{"name":"(anonymous_3)","decl":{"start":{"line":34,"column":58},"end":{"line":34,"column":59}},"loc":{"start":{"line":34,"column":64},"end":{"line":34,"column":92}},"line":34},"4":{"name":"(anonymous_4)","decl":{"start":{"line":54,"column":65},"end":{"line":54,"column":66}},"loc":{"start":{"line":54,"column":71},"end":{"line":54,"column":99}},"line":54},"5":{"name":"(anonymous_5)","decl":{"start":{"line":58,"column":94},"end":{"line":58,"column":95}},"loc":{"start":{"line":58,"column":100},"end":{"line":58,"column":128}},"line":58},"6":{"name":"SpotHistoryCard","decl":{"start":{"line":67,"column":9},"end":{"line":67,"column":24}},"loc":{"start":{"line":67,"column":58},"end":{"line":93,"column":1}},"line":67},"7":{"name":"(anonymous_7)","decl":{"start":{"line":72,"column":15},"end":{"line":72,"column":16}},"loc":{"start":{"line":72,"column":21},"end":{"line":72,"column":60}},"line":72},"8":{"name":"HistoryScreen","decl":{"start":{"line":95,"column":24},"end":{"line":95,"column":37}},"loc":{"start":{"line":95,"column":40},"end":{"line":219,"column":1}},"line":95},"9":{"name":"(anonymous_9)","decl":{"start":{"line":112,"column":25},"end":{"line":112,"column":26}},"loc":{"start":{"line":113,"column":12},"end":{"line":113,"column":107}},"line":113},"10":{"name":"(anonymous_10)","decl":{"start":{"line":140,"column":21},"end":{"line":140,"column":22}},"loc":{"start":{"line":140,"column":27},"end":{"line":140,"column":53}},"line":140},"11":{"name":"(anonymous_11)","decl":{"start":{"line":160,"column":62},"end":{"line":160,"column":63}},"loc":{"start":{"line":160,"column":68},"end":{"line":160,"column":93}},"line":160},"12":{"name":"(anonymous_12)","decl":{"start":{"line":171,"column":29},"end":{"line":171,"column":30}},"loc":{"start":{"line":172,"column":18},"end":{"line":175,"column":35}},"line":172},"13":{"name":"(anonymous_13)","decl":{"start":{"line":186,"column":30},"end":{"line":186,"column":31}},"loc":{"start":{"line":187,"column":18},"end":{"line":208,"column":35}},"line":187},"14":{"name":"(anonymous_14)","decl":{"start":{"line":191,"column":31},"end":{"line":191,"column":32}},"loc":{"start":{"line":191,"column":37},"end":{"line":191,"column":71}},"line":191}},"branchMap":{"0":{"loc":{"start":{"line":21,"column":2},"end":{"line":21,"column":21}},"type":"if","locations":[{"start":{"line":21,"column":2},"end":{"line":21,"column":21}},{"start":{},"end":{}}],"line":21},"1":{"loc":{"start":{"line":23,"column":2},"end":{"line":23,"column":39}},"type":"if","locations":[{"start":{"line":23,"column":2},"end":{"line":23,"column":39}},{"start":{},"end":{}}],"line":23},"2":{"loc":{"start":{"line":26,"column":9},"end":{"line":26,"column":43}},"type":"cond-expr","locations":[{"start":{"line":26,"column":17},"end":{"line":26,"column":30}},{"start":{"line":26,"column":33},"end":{"line":26,"column":43}}],"line":26},"3":{"loc":{"start":{"line":41,"column":13},"end":{"line":41,"column":61}},"type":"binary-expr","locations":[{"start":{"line":41,"column":13},"end":{"line":41,"column":37}},{"start":{"line":41,"column":41},"end":{"line":41,"column":61}}],"line":41},"4":{"loc":{"start":{"line":43,"column":11},"end":{"line":45,"column":11}},"type":"binary-expr","locations":[{"start":{"line":43,"column":11},"end":{"line":43,"column":35}},{"start":{"line":44,"column":12},"end":{"line":44,"column":82}}],"line":43},"5":{"loc":{"start":{"line":50,"column":7},"end":{"line":52,"column":7}},"type":"binary-expr","locations":[{"start":{"line":50,"column":7},"end":{"line":50,"column":29}},{"start":{"line":51,"column":8},"end":{"line":51,"column":86}}],"line":50},"6":{"loc":{"start":{"line":80,"column":11},"end":{"line":80,"column":54}},"type":"binary-expr","locations":[{"start":{"line":80,"column":11},"end":{"line":80,"column":35}},{"start":{"line":80,"column":39},"end":{"line":80,"column":54}}],"line":80},"7":{"loc":{"start":{"line":82,"column":9},"end":{"line":84,"column":9}},"type":"binary-expr","locations":[{"start":{"line":82,"column":9},"end":{"line":82,"column":33}},{"start":{"line":83,"column":10},"end":{"line":83,"column":80}}],"line":82},"8":{"loc":{"start":{"line":87,"column":7},"end":{"line":89,"column":7}},"type":"binary-expr","locations":[{"start":{"line":87,"column":7},"end":{"line":87,"column":29}},{"start":{"line":88,"column":8},"end":{"line":88,"column":86}}],"line":87},"9":{"loc":{"start":{"line":100,"column":18},"end":{"line":100,"column":49}},"type":"binary-expr","locations":[{"start":{"line":100,"column":18},"end":{"line":100,"column":33}},{"start":{"line":100,"column":37},"end":{"line":100,"column":49}}],"line":100},"10":{"loc":{"start":{"line":101,"column":21},"end":{"line":101,"column":77}},"type":"binary-expr","locations":[{"start":{"line":101,"column":21},"end":{"line":101,"column":32}},{"start":{"line":101,"column":36},"end":{"line":101,"column":54}},{"start":{"line":101,"column":58},"end":{"line":101,"column":77}}],"line":101},"11":{"loc":{"start":{"line":103,"column":2},"end":{"line":118,"column":3}},"type":"if","locations":[{"start":{"line":103,"column":2},"end":{"line":118,"column":3}},{"start":{},"end":{}}],"line":103},"12":{"loc":{"start":{"line":103,"column":6},"end":{"line":103,"column":28}},"type":"binary-expr","locations":[{"start":{"line":103,"column":6},"end":{"line":103,"column":13}},{"start":{"line":103,"column":17},"end":{"line":103,"column":28}}],"line":103},"13":{"loc":{"start":{"line":129,"column":7},"end":{"line":216,"column":7}},"type":"cond-expr","locations":[{"start":{"line":130,"column":8},"end":{"line":146,"column":15}},{"start":{"line":148,"column":8},"end":{"line":215,"column":21}}],"line":129},"14":{"loc":{"start":{"line":151,"column":11},"end":{"line":156,"column":11}},"type":"binary-expr","locations":[{"start":{"line":151,"column":11},"end":{"line":151,"column":22}},{"start":{"line":152,"column":12},"end":{"line":155,"column":19}}],"line":151},"15":{"loc":{"start":{"line":159,"column":11},"end":{"line":164,"column":11}},"type":"binary-expr","locations":[{"start":{"line":159,"column":11},"end":{"line":159,"column":23}},{"start":{"line":160,"column":12},"end":{"line":163,"column":31}}],"line":159},"16":{"loc":{"start":{"line":167,"column":11},"end":{"line":179,"column":11}},"type":"binary-expr","locations":[{"start":{"line":167,"column":11},"end":{"line":167,"column":29}},{"start":{"line":168,"column":12},"end":{"line":178,"column":19}}],"line":167},"17":{"loc":{"start":{"line":174,"column":21},"end":{"line":174,"column":78}},"type":"binary-expr","locations":[{"start":{"line":174,"column":21},"end":{"line":174,"column":43}},{"start":{"line":174,"column":47},"end":{"line":174,"column":78}}],"line":174},"18":{"loc":{"start":{"line":182,"column":11},"end":{"line":212,"column":11}},"type":"binary-expr","locations":[{"start":{"line":182,"column":11},"end":{"line":182,"column":30}},{"start":{"line":183,"column":12},"end":{"line":211,"column":19}}],"line":182},"19":{"loc":{"start":{"line":202,"column":58},"end":{"line":202,"column":106}},"type":"binary-expr","locations":[{"start":{"line":202,"column":58},"end":{"line":202,"column":85}},{"start":{"line":202,"column":89},"end":{"line":202,"column":106}}],"line":202},"20":{"loc":{"start":{"line":203,"column":59},"end":{"line":203,"column":107}},"type":"cond-expr","locations":[{"start":{"line":203,"column":86},"end":{"line":203,"column":96}},{"start":{"line":203,"column":99},"end":{"line":203,"column":107}}],"line":203},"21":{"loc":{"start":{"line":207,"column":21},"end":{"line":207,"column":79}},"type":"binary-expr","locations":[{"start":{"line":207,"column":21},"end":{"line":207,"column":44}},{"start":{"line":207,"column":48},"end":{"line":207,"column":79}}],"line":207}},"s":{"0":0,"1":0,"2":0,"3":0,"4":0,"5":0,"6":0,"7":0,"8":0,"9":0,"10":0,"11":0,"12":0,"13":0,"14":0,"15":0,"16":0,"17":0,"18":0,"19":0,"20":0,"21":0,"22":0,"23":0,"24":0,"25":0,"26":0,"27":0,"28":0,"29":0,"30":0,"31":0,"32":0,"33":0},"f":{"0":0,"1":0,"2":0,"3":0,"4":0,"5":0,"6":0,"7":0,"8":0,"9":0,"10":0,"11":0,"12":0,"13":0,"14":0},"b":{"0":[0,0],"1":[0,0],"2":[0,0],"3":[0,0],"4":[0,0],"5":[0,0],"6":[0,0],"7":[0,0],"8":[0,0],"9":[0,0],"10":[0,0,0],"11":[0,0],"12":[0,0],"13":[0,0],"14":[0,0],"15":[0,0],"16":[0,0],"17":[0,0],"18":[0,0],"19":[0,0],"20":[0,0],"21":[0,0]}}
,"/Volumes/ssd/GithubCode/SPA/SPA.FE/SPA.mobile/app/(tabs)/index.tsx": {"path":"/Volumes/ssd/GithubCode/SPA/SPA.FE/SPA.mobile/app/(tabs)/index.tsx","statementMap":{"0":{"start":{"line":29,"column":19},"end":{"line":29,"column":23}},"1":{"start":{"line":30,"column":28},"end":{"line":30,"column":32}},"2":{"start":{"line":31,"column":0},"end":{"line":35,"column":1}},"3":{"start":{"line":32,"column":15},"end":{"line":32,"column":43}},"4":{"start":{"line":33,"column":2},"end":{"line":33,"column":25}},"5":{"start":{"line":34,"column":2},"end":{"line":34,"column":43}},"6":{"start":{"line":37,"column":18},"end":{"line":37,"column":42}},"7":{"start":{"line":41,"column":56},"end":{"line":46,"column":1}},"8":{"start":{"line":49,"column":50},"end":{"line":49,"column":75}},"9":{"start":{"line":50,"column":30},"end":{"line":50,"column":42}},"10":{"start":{"line":51,"column":32},"end":{"line":51,"column":51}},"11":{"start":{"line":52,"column":40},"end":{"line":52,"column":59}},"12":{"start":{"line":53,"column":32},"end":{"line":53,"column":46}},"13":{"start":{"line":54,"column":30},"end":{"line":54,"column":41}},"14":{"start":{"line":55,"column":17},"end":{"line":55,"column":36}},"15":{"start":{"line":57,"column":19},"end":{"line":71,"column":3}},"16":{"start":{"line":58,"column":4},"end":{"line":70,"column":5}},"17":{"start":{"line":60,"column":6},"end":{"line":62,"column":39}},"18":{"start":{"line":61,"column":24},"end":{"line":61,"column":40}},"19":{"start":{"line":62,"column":21},"end":{"line":62,"column":37}},"20":{"start":{"line":64,"column":22},"end":{"line":64,"column":90}},"21":{"start":{"line":65,"column":6},"end":{"line":65,"column":76}},"22":{"start":{"line":67,"column":6},"end":{"line":67,"column":43}},"23":{"start":{"line":69,"column":6},"end":{"line":69,"column":24}},"24":{"start":{"line":73,"column":2},"end":{"line":76,"column":10}},"25":{"start":{"line":74,"column":4},"end":{"line":74,"column":15}},"26":{"start":{"line":75,"column":4},"end":{"line":75,"column":13}},"27":{"start":{"line":79,"column":2},"end":{"line":95,"column":15}},"28":{"start":{"line":80,"column":4},"end":{"line":83,"column":5}},"29":{"start":{"line":81,"column":6},"end":{"line":81,"column":17}},"30":{"start":{"line":82,"column":6},"end":{"line":82,"column":13}},"31":{"start":{"line":84,"column":28},"end":{"line":93,"column":11}},"32":{"start":{"line":85,"column":6},"end":{"line":85,"column":23}},"33":{"start":{"line":86,"column":6},"end":{"line":92,"column":7}},"34":{"start":{"line":87,"column":21},"end":{"line":87,"column":77}},"35":{"start":{"line":88,"column":8},"end":{"line":88,"column":69}},"36":{"start":{"line":91,"column":8},"end":{"line":91,"column":26}},"37":{"start":{"line":94,"column":4},"end":{"line":94,"column":47}},"38":{"start":{"line":94,"column":17},"end":{"line":94,"column":46}},"39":{"start":{"line":97,"column":22},"end":{"line":99,"column":13}},"40":{"start":{"line":101,"column":2},"end":{"line":239,"column":4}},"41":{"start":{"line":109,"column":66},"end":{"line":109,"column":96}},"42":{"start":{"line":129,"column":29},"end":{"line":129,"column":51}},"43":{"start":{"line":159,"column":45},"end":{"line":159,"column":58}},"44":{"start":{"line":173,"column":64},"end":{"line":173,"column":90}},"45":{"start":{"line":205,"column":12},"end":{"line":211,"column":14}},"46":{"start":{"line":210,"column":29},"end":{"line":210,"column":58}},"47":{"start":{"line":230,"column":16},"end":{"line":230,"column":54}},"48":{"start":{"line":242,"column":15},"end":{"line":431,"column":2}}},"fnMap":{"0":{"name":"HomeScreen","decl":{"start":{"line":48,"column":24},"end":{"line":48,"column":34}},"loc":{"start":{"line":48,"column":37},"end":{"line":240,"column":1}},"line":48},"1":{"name":"(anonymous_1)","decl":{"start":{"line":57,"column":19},"end":{"line":57,"column":20}},"loc":{"start":{"line":57,"column":31},"end":{"line":71,"column":3}},"line":57},"2":{"name":"(anonymous_2)","decl":{"start":{"line":61,"column":14},"end":{"line":61,"column":15}},"loc":{"start":{"line":61,"column":24},"end":{"line":61,"column":40}},"line":61},"3":{"name":"(anonymous_3)","decl":{"start":{"line":62,"column":15},"end":{"line":62,"column":16}},"loc":{"start":{"line":62,"column":21},"end":{"line":62,"column":37}},"line":62},"4":{"name":"(anonymous_4)","decl":{"start":{"line":73,"column":29},"end":{"line":73,"column":30}},"loc":{"start":{"line":73,"column":35},"end":{"line":76,"column":3}},"line":73},"5":{"name":"(anonymous_5)","decl":{"start":{"line":79,"column":12},"end":{"line":79,"column":13}},"loc":{"start":{"line":79,"column":18},"end":{"line":95,"column":3}},"line":79},"6":{"name":"(anonymous_6)","decl":{"start":{"line":84,"column":39},"end":{"line":84,"column":40}},"loc":{"start":{"line":84,"column":51},"end":{"line":93,"column":5}},"line":84},"7":{"name":"(anonymous_7)","decl":{"start":{"line":94,"column":11},"end":{"line":94,"column":12}},"loc":{"start":{"line":94,"column":17},"end":{"line":94,"column":46}},"line":94},"8":{"name":"(anonymous_8)","decl":{"start":{"line":109,"column":60},"end":{"line":109,"column":61}},"loc":{"start":{"line":109,"column":66},"end":{"line":109,"column":96}},"line":109},"9":{"name":"(anonymous_9)","decl":{"start":{"line":129,"column":23},"end":{"line":129,"column":24}},"loc":{"start":{"line":129,"column":29},"end":{"line":129,"column":51}},"line":129},"10":{"name":"(anonymous_10)","decl":{"start":{"line":159,"column":39},"end":{"line":159,"column":40}},"loc":{"start":{"line":159,"column":45},"end":{"line":159,"column":58}},"line":159},"11":{"name":"(anonymous_11)","decl":{"start":{"line":173,"column":58},"end":{"line":173,"column":59}},"loc":{"start":{"line":173,"column":64},"end":{"line":173,"column":90}},"line":173},"12":{"name":"(anonymous_12)","decl":{"start":{"line":204,"column":26},"end":{"line":204,"column":27}},"loc":{"start":{"line":205,"column":12},"end":{"line":211,"column":14}},"line":205},"13":{"name":"(anonymous_13)","decl":{"start":{"line":210,"column":23},"end":{"line":210,"column":24}},"loc":{"start":{"line":210,"column":29},"end":{"line":210,"column":58}},"line":210},"14":{"name":"(anonymous_14)","decl":{"start":{"line":229,"column":30},"end":{"line":229,"column":31}},"loc":{"start":{"line":230,"column":16},"end":{"line":230,"column":54}},"line":230}},"branchMap":{"0":{"loc":{"start":{"line":31,"column":0},"end":{"line":35,"column":1}},"type":"if","locations":[{"start":{"line":31,"column":0},"end":{"line":35,"column":1}},{"start":{},"end":{}}],"line":31},"1":{"loc":{"start":{"line":65,"column":21},"end":{"line":65,"column":74}},"type":"cond-expr","locations":[{"start":{"line":65,"column":46},"end":{"line":65,"column":53}},{"start":{"line":65,"column":56},"end":{"line":65,"column":74}}],"line":65},"2":{"loc":{"start":{"line":65,"column":56},"end":{"line":65,"column":74}},"type":"binary-expr","locations":[{"start":{"line":65,"column":56},"end":{"line":65,"column":68}},{"start":{"line":65,"column":72},"end":{"line":65,"column":74}}],"line":65},"3":{"loc":{"start":{"line":80,"column":4},"end":{"line":83,"column":5}},"type":"if","locations":[{"start":{"line":80,"column":4},"end":{"line":83,"column":5}},{"start":{},"end":{}}],"line":80},"4":{"loc":{"start":{"line":88,"column":23},"end":{"line":88,"column":67}},"type":"cond-expr","locations":[{"start":{"line":88,"column":45},"end":{"line":88,"column":49}},{"start":{"line":88,"column":52},"end":{"line":88,"column":67}}],"line":88},"5":{"loc":{"start":{"line":88,"column":52},"end":{"line":88,"column":67}},"type":"binary-expr","locations":[{"start":{"line":88,"column":52},"end":{"line":88,"column":61}},{"start":{"line":88,"column":65},"end":{"line":88,"column":67}}],"line":88},"6":{"loc":{"start":{"line":97,"column":22},"end":{"line":99,"column":13}},"type":"cond-expr","locations":[{"start":{"line":98,"column":6},"end":{"line":98,"column":77}},{"start":{"line":99,"column":6},"end":{"line":99,"column":13}}],"line":97},"7":{"loc":{"start":{"line":98,"column":6},"end":{"line":98,"column":77}},"type":"binary-expr","locations":[{"start":{"line":98,"column":6},"end":{"line":98,"column":67}},{"start":{"line":98,"column":71},"end":{"line":98,"column":77}}],"line":98},"8":{"loc":{"start":{"line":98,"column":9},"end":{"line":98,"column":31}},"type":"binary-expr","locations":[{"start":{"line":98,"column":9},"end":{"line":98,"column":25}},{"start":{"line":98,"column":29},"end":{"line":98,"column":31}}],"line":98},"9":{"loc":{"start":{"line":98,"column":35},"end":{"line":98,"column":58}},"type":"binary-expr","locations":[{"start":{"line":98,"column":35},"end":{"line":98,"column":52}},{"start":{"line":98,"column":56},"end":{"line":98,"column":58}}],"line":98},"10":{"loc":{"start":{"line":110,"column":13},"end":{"line":119,"column":13}},"type":"cond-expr","locations":[{"start":{"line":111,"column":14},"end":{"line":114,"column":16}},{"start":{"line":116,"column":14},"end":{"line":118,"column":21}}],"line":110},"11":{"loc":{"start":{"line":158,"column":11},"end":{"line":162,"column":11}},"type":"binary-expr","locations":[{"start":{"line":158,"column":11},"end":{"line":158,"column":28}},{"start":{"line":159,"column":12},"end":{"line":161,"column":31}}],"line":158},"12":{"loc":{"start":{"line":174,"column":11},"end":{"line":186,"column":11}},"type":"cond-expr","locations":[{"start":{"line":175,"column":12},"end":{"line":181,"column":14}},{"start":{"line":183,"column":12},"end":{"line":185,"column":19}}],"line":174},"13":{"loc":{"start":{"line":218,"column":13},"end":{"line":218,"column":79}},"type":"cond-expr","locations":[{"start":{"line":218,"column":33},"end":{"line":218,"column":51}},{"start":{"line":218,"column":54},"end":{"line":218,"column":79}}],"line":218},"14":{"loc":{"start":{"line":222,"column":9},"end":{"line":234,"column":9}},"type":"cond-expr","locations":[{"start":{"line":223,"column":10},"end":{"line":223,"column":93}},{"start":{"line":225,"column":10},"end":{"line":233,"column":17}}],"line":222},"15":{"loc":{"start":{"line":226,"column":13},"end":{"line":232,"column":13}},"type":"cond-expr","locations":[{"start":{"line":227,"column":14},"end":{"line":227,"column":80}},{"start":{"line":229,"column":14},"end":{"line":231,"column":16}}],"line":226}},"s":{"0":1,"1":1,"2":1,"3":1,"4":1,"5":1,"6":1,"7":1,"8":6,"9":6,"10":6,"11":6,"12":6,"13":6,"14":6,"15":6,"16":9,"17":9,"18":9,"19":0,"20":9,"21":9,"22":0,"23":9,"24":6,"25":6,"26":6,"27":6,"28":3,"29":3,"30":3,"31":0,"32":0,"33":0,"34":0,"35":0,"36":0,"37":0,"38":0,"39":6,"40":6,"41":0,"42":1,"43":0,"44":0,"45":24,"46":0,"47":0,"48":1},"f":{"0":6,"1":9,"2":9,"3":0,"4":6,"5":3,"6":0,"7":0,"8":0,"9":1,"10":0,"11":0,"12":24,"13":0,"14":0},"b":{"0":[1,0],"1":[9,0],"2":[0,0],"3":[3,0],"4":[0,0],"5":[0,0],"6":[3,3],"7":[3,3],"8":[3,3],"9":[3,3],"10":[0,6],"11":[6,0],"12":[6,0],"13":[0,6],"14":[3,3],"15":[3,0]},"_coverageSchema":"1a1c01bbd47fc00a2c39e90264f33305004495a9","hash":"f12e9a040be63b872d12c1e6191859db2c99a4ee"}
,"/Volumes/ssd/GithubCode/SPA/SPA.FE/SPA.mobile/app/(tabs)/map.tsx": {"path":"/Volumes/ssd/GithubCode/SPA/SPA.FE/SPA.mobile/app/(tabs)/map.tsx","statementMap":{"0":{"start":{"line":26,"column":19},"end":{"line":26,"column":23}},"1":{"start":{"line":27,"column":18},"end":{"line":27,"column":22}},"2":{"start":{"line":28,"column":28},"end":{"line":28,"column":32}},"3":{"start":{"line":29,"column":0},"end":{"line":34,"column":1}},"4":{"start":{"line":30,"column":15},"end":{"line":30,"column":43}},"5":{"start":{"line":31,"column":2},"end":{"line":31,"column":25}},"6":{"start":{"line":32,"column":2},"end":{"line":32,"column":23}},"7":{"start":{"line":33,"column":2},"end":{"line":33,"column":43}},"8":{"start":{"line":36,"column":55},"end":{"line":36,"column":79}},"9":{"start":{"line":39,"column":19},"end":{"line":39,"column":96}},"10":{"start":{"line":40,"column":20},"end":{"line":40,"column":100}},"11":{"start":{"line":41,"column":2},"end":{"line":48,"column":4}},"12":{"start":{"line":52,"column":30},"end":{"line":52,"column":42}},"13":{"start":{"line":53,"column":40},"end":{"line":53,"column":66}},"14":{"start":{"line":54,"column":40},"end":{"line":54,"column":59}},"15":{"start":{"line":55,"column":32},"end":{"line":55,"column":47}},"16":{"start":{"line":56,"column":48},"end":{"line":56,"column":110}},"17":{"start":{"line":57,"column":46},"end":{"line":57,"column":61}},"18":{"start":{"line":58,"column":17},"end":{"line":58,"column":34}},"19":{"start":{"line":59,"column":25},"end":{"line":59,"column":50}},"20":{"start":{"line":60,"column":21},"end":{"line":60,"column":61}},"21":{"start":{"line":60,"column":35},"end":{"line":60,"column":56}},"22":{"start":{"line":62,"column":20},"end":{"line":84,"column":8}},"23":{"start":{"line":63,"column":4},"end":{"line":63,"column":21}},"24":{"start":{"line":64,"column":4},"end":{"line":83,"column":5}},"25":{"start":{"line":66,"column":6},"end":{"line":71,"column":7}},"26":{"start":{"line":67,"column":8},"end":{"line":67,"column":85}},"27":{"start":{"line":68,"column":8},"end":{"line":68,"column":61}},"28":{"start":{"line":70,"column":8},"end":{"line":70,"column":69}},"29":{"start":{"line":73,"column":6},"end":{"line":77,"column":7}},"30":{"start":{"line":74,"column":8},"end":{"line":74,"column":67}},"31":{"start":{"line":76,"column":8},"end":{"line":76,"column":27}},"32":{"start":{"line":79,"column":6},"end":{"line":79,"column":65}},"33":{"start":{"line":80,"column":6},"end":{"line":80,"column":25}},"34":{"start":{"line":82,"column":6},"end":{"line":82,"column":24}},"35":{"start":{"line":87,"column":2},"end":{"line":121,"column":18}},"36":{"start":{"line":88,"column":20},"end":{"line":118,"column":5}},"37":{"start":{"line":89,"column":6},"end":{"line":92,"column":7}},"38":{"start":{"line":90,"column":8},"end":{"line":90,"column":20}},"39":{"start":{"line":91,"column":8},"end":{"line":91,"column":15}},"40":{"start":{"line":94,"column":25},"end":{"line":94,"column":75}},"41":{"start":{"line":95,"column":6},"end":{"line":99,"column":7}},"42":{"start":{"line":96,"column":8},"end":{"line":96,"column":32}},"43":{"start":{"line":97,"column":8},"end":{"line":97,"column":20}},"44":{"start":{"line":98,"column":8},"end":{"line":98,"column":15}},"45":{"start":{"line":101,"column":18},"end":{"line":103,"column":8}},"46":{"start":{"line":104,"column":21},"end":{"line":107,"column":7}},"47":{"start":{"line":108,"column":6},"end":{"line":108,"column":33}},"48":{"start":{"line":109,"column":6},"end":{"line":109,"column":51}},"49":{"start":{"line":111,"column":6},"end":{"line":117,"column":9}},"50":{"start":{"line":112,"column":8},"end":{"line":116,"column":16}},"51":{"start":{"line":120,"column":4},"end":{"line":120,"column":14}},"52":{"start":{"line":124,"column":2},"end":{"line":136,"column":43}},"53":{"start":{"line":125,"column":4},"end":{"line":129,"column":5}},"54":{"start":{"line":126,"column":6},"end":{"line":127,"column":23}},"55":{"start":{"line":126,"column":27},"end":{"line":126,"column":90}},"56":{"start":{"line":127,"column":11},"end":{"line":127,"column":23}},"57":{"start":{"line":128,"column":6},"end":{"line":128,"column":13}},"58":{"start":{"line":131,"column":28},"end":{"line":133,"column":11}},"59":{"start":{"line":132,"column":6},"end":{"line":132,"column":79}},"60":{"start":{"line":135,"column":4},"end":{"line":135,"column":47}},"61":{"start":{"line":135,"column":17},"end":{"line":135,"column":46}},"62":{"start":{"line":138,"column":23},"end":{"line":144,"column":3}},"63":{"start":{"line":139,"column":4},"end":{"line":142,"column":5}},"64":{"start":{"line":140,"column":6},"end":{"line":141,"column":68}},"65":{"start":{"line":146,"column":29},"end":{"line":150,"column":8}},"66":{"start":{"line":147,"column":4},"end":{"line":149,"column":5}},"67":{"start":{"line":148,"column":6},"end":{"line":148,"column":61}},"68":{"start":{"line":152,"column":24},"end":{"line":164,"column":3}},"69":{"start":{"line":153,"column":4},"end":{"line":153,"column":24}},"70":{"start":{"line":154,"column":4},"end":{"line":156,"column":5}},"71":{"start":{"line":155,"column":6},"end":{"line":155,"column":31}},"72":{"start":{"line":157,"column":4},"end":{"line":157,"column":43}},"73":{"start":{"line":158,"column":4},"end":{"line":163,"column":12}},"74":{"start":{"line":166,"column":28},"end":{"line":169,"column":3}},"75":{"start":{"line":167,"column":4},"end":{"line":167,"column":25}},"76":{"start":{"line":168,"column":4},"end":{"line":168,"column":23}},"77":{"start":{"line":171,"column":19},"end":{"line":197,"column":3}},"78":{"start":{"line":172,"column":4},"end":{"line":172,"column":25}},"79":{"start":{"line":174,"column":4},"end":{"line":181,"column":5}},"80":{"start":{"line":175,"column":6},"end":{"line":179,"column":14}},"81":{"start":{"line":180,"column":6},"end":{"line":180,"column":13}},"82":{"start":{"line":183,"column":4},"end":{"line":187,"column":5}},"83":{"start":{"line":184,"column":6},"end":{"line":184,"column":102}},"84":{"start":{"line":185,"column":6},"end":{"line":185,"column":61}},"85":{"start":{"line":186,"column":6},"end":{"line":186,"column":13}},"86":{"start":{"line":189,"column":4},"end":{"line":196,"column":5}},"87":{"start":{"line":190,"column":18},"end":{"line":190,"column":98}},"88":{"start":{"line":191,"column":21},"end":{"line":191,"column":87}},"89":{"start":{"line":192,"column":6},"end":{"line":192,"column":33}},"90":{"start":{"line":193,"column":6},"end":{"line":193,"column":103}},"91":{"start":{"line":195,"column":6},"end":{"line":195,"column":61}},"92":{"start":{"line":199,"column":2},"end":{"line":367,"column":4}},"93":{"start":{"line":222,"column":12},"end":{"line":238,"column":21}},"94":{"start":{"line":225,"column":37},"end":{"line":225,"column":59}},"95":{"start":{"line":225,"column":60},"end":{"line":225,"column":79}},"96":{"start":{"line":251,"column":65},"end":{"line":251,"column":78}},"97":{"start":{"line":267,"column":27},"end":{"line":267,"column":68}},"98":{"start":{"line":323,"column":47},"end":{"line":323,"column":60}},"99":{"start":{"line":332,"column":34},"end":{"line":332,"column":41}},"100":{"start":{"line":334,"column":12},"end":{"line":354,"column":31}},"101":{"start":{"line":338,"column":16},"end":{"line":338,"column":36}},"102":{"start":{"line":339,"column":16},"end":{"line":339,"column":51}},"103":{"start":{"line":370,"column":15},"end":{"line":650,"column":2}}},"fnMap":{"0":{"name":"normalizeParkingLot","decl":{"start":{"line":38,"column":9},"end":{"line":38,"column":28}},"loc":{"start":{"line":38,"column":39},"end":{"line":49,"column":1}},"line":38},"1":{"name":"MapScreen","decl":{"start":{"line":51,"column":24},"end":{"line":51,"column":33}},"loc":{"start":{"line":51,"column":36},"end":{"line":368,"column":1}},"line":51},"2":{"name":"(anonymous_2)","decl":{"start":{"line":60,"column":29},"end":{"line":60,"column":30}},"loc":{"start":{"line":60,"column":35},"end":{"line":60,"column":56}},"line":60},"3":{"name":"(anonymous_3)","decl":{"start":{"line":62,"column":32},"end":{"line":62,"column":33}},"loc":{"start":{"line":62,"column":127},"end":{"line":84,"column":3}},"line":62},"4":{"name":"(anonymous_4)","decl":{"start":{"line":87,"column":12},"end":{"line":87,"column":13}},"loc":{"start":{"line":87,"column":18},"end":{"line":121,"column":3}},"line":87},"5":{"name":"(anonymous_5)","decl":{"start":{"line":88,"column":20},"end":{"line":88,"column":21}},"loc":{"start":{"line":88,"column":32},"end":{"line":118,"column":5}},"line":88},"6":{"name":"(anonymous_6)","decl":{"start":{"line":111,"column":28},"end":{"line":111,"column":29}},"loc":{"start":{"line":111,"column":34},"end":{"line":117,"column":7}},"line":111},"7":{"name":"(anonymous_7)","decl":{"start":{"line":124,"column":12},"end":{"line":124,"column":13}},"loc":{"start":{"line":124,"column":18},"end":{"line":136,"column":3}},"line":124},"8":{"name":"(anonymous_8)","decl":{"start":{"line":131,"column":39},"end":{"line":131,"column":40}},"loc":{"start":{"line":131,"column":45},"end":{"line":133,"column":5}},"line":131},"9":{"name":"(anonymous_9)","decl":{"start":{"line":135,"column":11},"end":{"line":135,"column":12}},"loc":{"start":{"line":135,"column":17},"end":{"line":135,"column":46}},"line":135},"10":{"name":"(anonymous_10)","decl":{"start":{"line":138,"column":31},"end":{"line":138,"column":32}},"loc":{"start":{"line":139,"column":4},"end":{"line":142,"column":5}},"line":139},"11":{"name":"(anonymous_11)","decl":{"start":{"line":139,"column":23},"end":{"line":139,"column":24}},"loc":{"start":{"line":140,"column":6},"end":{"line":141,"column":68}},"line":140},"12":{"name":"(anonymous_12)","decl":{"start":{"line":146,"column":41},"end":{"line":146,"column":42}},"loc":{"start":{"line":146,"column":60},"end":{"line":150,"column":3}},"line":146},"13":{"name":"(anonymous_13)","decl":{"start":{"line":152,"column":24},"end":{"line":152,"column":25}},"loc":{"start":{"line":152,"column":38},"end":{"line":164,"column":3}},"line":152},"14":{"name":"(anonymous_14)","decl":{"start":{"line":166,"column":28},"end":{"line":166,"column":29}},"loc":{"start":{"line":166,"column":34},"end":{"line":169,"column":3}},"line":166},"15":{"name":"(anonymous_15)","decl":{"start":{"line":171,"column":19},"end":{"line":171,"column":20}},"loc":{"start":{"line":171,"column":31},"end":{"line":197,"column":3}},"line":171},"16":{"name":"(anonymous_16)","decl":{"start":{"line":221,"column":37},"end":{"line":221,"column":38}},"loc":{"start":{"line":222,"column":12},"end":{"line":238,"column":21}},"line":222},"17":{"name":"(anonymous_17)","decl":{"start":{"line":225,"column":23},"end":{"line":225,"column":24}},"loc":{"start":{"line":225,"column":35},"end":{"line":225,"column":81}},"line":225},"18":{"name":"(anonymous_18)","decl":{"start":{"line":251,"column":59},"end":{"line":251,"column":60}},"loc":{"start":{"line":251,"column":65},"end":{"line":251,"column":78}},"line":251},"19":{"name":"(anonymous_19)","decl":{"start":{"line":267,"column":21},"end":{"line":267,"column":22}},"loc":{"start":{"line":267,"column":27},"end":{"line":267,"column":68}},"line":267},"20":{"name":"(anonymous_20)","decl":{"start":{"line":323,"column":41},"end":{"line":323,"column":42}},"loc":{"start":{"line":323,"column":47},"end":{"line":323,"column":60}},"line":323},"21":{"name":"(anonymous_21)","decl":{"start":{"line":332,"column":24},"end":{"line":332,"column":25}},"loc":{"start":{"line":332,"column":34},"end":{"line":332,"column":41}},"line":332},"22":{"name":"(anonymous_22)","decl":{"start":{"line":333,"column":22},"end":{"line":333,"column":23}},"loc":{"start":{"line":334,"column":12},"end":{"line":354,"column":31}},"line":334},"23":{"name":"(anonymous_23)","decl":{"start":{"line":337,"column":23},"end":{"line":337,"column":24}},"loc":{"start":{"line":337,"column":29},"end":{"line":340,"column":15}},"line":337}},"branchMap":{"0":{"loc":{"start":{"line":29,"column":0},"end":{"line":34,"column":1}},"type":"if","locations":[{"start":{"line":29,"column":0},"end":{"line":34,"column":1}},{"start":{},"end":{}}],"line":29},"1":{"loc":{"start":{"line":39,"column":26},"end":{"line":39,"column":95}},"type":"binary-expr","locations":[{"start":{"line":39,"column":26},"end":{"line":39,"column":38}},{"start":{"line":39,"column":42},"end":{"line":39,"column":66}},{"start":{"line":39,"column":70},"end":{"line":39,"column":95}}],"line":39},"2":{"loc":{"start":{"line":40,"column":27},"end":{"line":40,"column":99}},"type":"binary-expr","locations":[{"start":{"line":40,"column":27},"end":{"line":40,"column":40}},{"start":{"line":40,"column":44},"end":{"line":40,"column":69}},{"start":{"line":40,"column":73},"end":{"line":40,"column":99}}],"line":40},"3":{"loc":{"start":{"line":43,"column":16},"end":{"line":43,"column":57}},"type":"binary-expr","locations":[{"start":{"line":43,"column":16},"end":{"line":43,"column":30}},{"start":{"line":43,"column":34},"end":{"line":43,"column":57}}],"line":43},"4":{"loc":{"start":{"line":44,"column":11},"end":{"line":44,"column":51}},"type":"binary-expr","locations":[{"start":{"line":44,"column":11},"end":{"line":44,"column":20}},{"start":{"line":44,"column":24},"end":{"line":44,"column":51}}],"line":44},"5":{"loc":{"start":{"line":44,"column":31},"end":{"line":44,"column":50}},"type":"binary-expr","locations":[{"start":{"line":44,"column":31},"end":{"line":44,"column":45}},{"start":{"line":44,"column":49},"end":{"line":44,"column":50}}],"line":44},"6":{"loc":{"start":{"line":45,"column":15},"end":{"line":45,"column":55}},"type":"binary-expr","locations":[{"start":{"line":45,"column":15},"end":{"line":45,"column":28}},{"start":{"line":45,"column":32},"end":{"line":45,"column":50}},{"start":{"line":45,"column":54},"end":{"line":45,"column":55}}],"line":45},"7":{"loc":{"start":{"line":46,"column":14},"end":{"line":46,"column":68}},"type":"cond-expr","locations":[{"start":{"line":46,"column":49},"end":{"line":46,"column":61}},{"start":{"line":46,"column":64},"end":{"line":46,"column":68}}],"line":46},"8":{"loc":{"start":{"line":47,"column":14},"end":{"line":47,"column":88}},"type":"binary-expr","locations":[{"start":{"line":47,"column":14},"end":{"line":47,"column":26}},{"start":{"line":47,"column":30},"end":{"line":47,"column":88}}],"line":47},"9":{"loc":{"start":{"line":47,"column":60},"end":{"line":47,"column":78}},"type":"binary-expr","locations":[{"start":{"line":47,"column":60},"end":{"line":47,"column":68}},{"start":{"line":47,"column":72},"end":{"line":47,"column":78}}],"line":47},"10":{"loc":{"start":{"line":62,"column":39},"end":{"line":62,"column":70}},"type":"default-arg","locations":[{"start":{"line":62,"column":45},"end":{"line":62,"column":70}}],"line":62},"11":{"loc":{"start":{"line":62,"column":72},"end":{"line":62,"column":104}},"type":"default-arg","locations":[{"start":{"line":62,"column":78},"end":{"line":62,"column":104}}],"line":62},"12":{"loc":{"start":{"line":62,"column":106},"end":{"line":62,"column":122}},"type":"default-arg","locations":[{"start":{"line":62,"column":120},"end":{"line":62,"column":122}}],"line":62},"13":{"loc":{"start":{"line":66,"column":6},"end":{"line":71,"column":7}},"type":"if","locations":[{"start":{"line":66,"column":6},"end":{"line":71,"column":7}},{"start":{"line":69,"column":13},"end":{"line":71,"column":7}}],"line":66},"14":{"loc":{"start":{"line":68,"column":15},"end":{"line":68,"column":60}},"type":"cond-expr","locations":[{"start":{"line":68,"column":37},"end":{"line":68,"column":41}},{"start":{"line":68,"column":44},"end":{"line":68,"column":60}}],"line":68},"15":{"loc":{"start":{"line":68,"column":44},"end":{"line":68,"column":60}},"type":"binary-expr","locations":[{"start":{"line":68,"column":44},"end":{"line":68,"column":54}},{"start":{"line":68,"column":58},"end":{"line":68,"column":60}}],"line":68},"16":{"loc":{"start":{"line":73,"column":6},"end":{"line":77,"column":7}},"type":"if","locations":[{"start":{"line":73,"column":6},"end":{"line":77,"column":7}},{"start":{"line":75,"column":13},"end":{"line":77,"column":7}}],"line":73},"17":{"loc":{"start":{"line":73,"column":10},"end":{"line":73,"column":33}},"type":"binary-expr","locations":[{"start":{"line":73,"column":10},"end":{"line":73,"column":14}},{"start":{"line":73,"column":18},"end":{"line":73,"column":33}}],"line":73},"18":{"loc":{"start":{"line":89,"column":6},"end":{"line":92,"column":7}},"type":"if","locations":[{"start":{"line":89,"column":6},"end":{"line":92,"column":7}},{"start":{},"end":{}}],"line":89},"19":{"loc":{"start":{"line":95,"column":6},"end":{"line":99,"column":7}},"type":"if","locations":[{"start":{"line":95,"column":6},"end":{"line":99,"column":7}},{"start":{},"end":{}}],"line":95},"20":{"loc":{"start":{"line":125,"column":4},"end":{"line":129,"column":5}},"type":"if","locations":[{"start":{"line":125,"column":4},"end":{"line":129,"column":5}},{"start":{},"end":{}}],"line":125},"21":{"loc":{"start":{"line":126,"column":6},"end":{"line":127,"column":23}},"type":"if","locations":[{"start":{"line":126,"column":6},"end":{"line":127,"column":23}},{"start":{"line":127,"column":11},"end":{"line":127,"column":23}}],"line":126},"22":{"loc":{"start":{"line":140,"column":6},"end":{"line":141,"column":68}},"type":"binary-expr","locations":[{"start":{"line":140,"column":6},"end":{"line":140,"column":65}},{"start":{"line":141,"column":6},"end":{"line":141,"column":68}}],"line":140},"23":{"loc":{"start":{"line":140,"column":7},"end":{"line":140,"column":19}},"type":"binary-expr","locations":[{"start":{"line":140,"column":7},"end":{"line":140,"column":13}},{"start":{"line":140,"column":17},"end":{"line":140,"column":19}}],"line":140},"24":{"loc":{"start":{"line":141,"column":7},"end":{"line":141,"column":22}},"type":"binary-expr","locations":[{"start":{"line":141,"column":7},"end":{"line":141,"column":16}},{"start":{"line":141,"column":20},"end":{"line":141,"column":22}}],"line":141},"25":{"loc":{"start":{"line":147,"column":4},"end":{"line":149,"column":5}},"type":"if","locations":[{"start":{"line":147,"column":4},"end":{"line":149,"column":5}},{"start":{},"end":{}}],"line":147},"26":{"loc":{"start":{"line":154,"column":4},"end":{"line":156,"column":5}},"type":"if","locations":[{"start":{"line":154,"column":4},"end":{"line":156,"column":5}},{"start":{},"end":{}}],"line":154},"27":{"loc":{"start":{"line":174,"column":4},"end":{"line":181,"column":5}},"type":"if","locations":[{"start":{"line":174,"column":4},"end":{"line":181,"column":5}},{"start":{},"end":{}}],"line":174},"28":{"loc":{"start":{"line":183,"column":4},"end":{"line":187,"column":5}},"type":"if","locations":[{"start":{"line":183,"column":4},"end":{"line":187,"column":5}},{"start":{},"end":{}}],"line":183},"29":{"loc":{"start":{"line":202,"column":7},"end":{"line":246,"column":7}},"type":"cond-expr","locations":[{"start":{"line":203,"column":8},"end":{"line":240,"column":18}},{"start":{"line":242,"column":8},"end":{"line":245,"column":15}}],"line":202},"30":{"loc":{"start":{"line":212,"column":11},"end":{"line":219,"column":11}},"type":"binary-expr","locations":[{"start":{"line":212,"column":11},"end":{"line":212,"column":17}},{"start":{"line":212,"column":21},"end":{"line":212,"column":36}},{"start":{"line":213,"column":12},"end":{"line":218,"column":21}}],"line":212},"31":{"loc":{"start":{"line":221,"column":11},"end":{"line":239,"column":12}},"type":"binary-expr","locations":[{"start":{"line":221,"column":11},"end":{"line":221,"column":17}},{"start":{"line":221,"column":21},"end":{"line":239,"column":12}}],"line":221},"32":{"loc":{"start":{"line":227,"column":52},"end":{"line":227,"column":103}},"type":"binary-expr","locations":[{"start":{"line":227,"column":52},"end":{"line":227,"column":78}},{"start":{"line":227,"column":82},"end":{"line":227,"column":103}}],"line":227},"33":{"loc":{"start":{"line":228,"column":53},"end":{"line":228,"column":112}},"type":"binary-expr","locations":[{"start":{"line":228,"column":53},"end":{"line":228,"column":79}},{"start":{"line":228,"column":83},"end":{"line":228,"column":112}}],"line":228},"34":{"loc":{"start":{"line":229,"column":48},"end":{"line":229,"column":100}},"type":"binary-expr","locations":[{"start":{"line":229,"column":48},"end":{"line":229,"column":74}},{"start":{"line":229,"column":78},"end":{"line":229,"column":100}}],"line":229},"35":{"loc":{"start":{"line":231,"column":17},"end":{"line":236,"column":17}},"type":"binary-expr","locations":[{"start":{"line":231,"column":17},"end":{"line":231,"column":43}},{"start":{"line":232,"column":18},"end":{"line":235,"column":25}}],"line":231},"36":{"loc":{"start":{"line":262,"column":7},"end":{"line":292,"column":7}},"type":"binary-expr","locations":[{"start":{"line":262,"column":7},"end":{"line":262,"column":18}},{"start":{"line":263,"column":8},"end":{"line":291,"column":15}}],"line":262},"37":{"loc":{"start":{"line":306,"column":15},"end":{"line":306,"column":84}},"type":"cond-expr","locations":[{"start":{"line":306,"column":25},"end":{"line":306,"column":38}},{"start":{"line":306,"column":41},"end":{"line":306,"column":84}}],"line":306},"38":{"loc":{"start":{"line":322,"column":13},"end":{"line":326,"column":13}},"type":"binary-expr","locations":[{"start":{"line":322,"column":13},"end":{"line":322,"column":30}},{"start":{"line":323,"column":14},"end":{"line":325,"column":33}}],"line":322},"39":{"loc":{"start":{"line":348,"column":50},"end":{"line":348,"column":114}},"type":"cond-expr","locations":[{"start":{"line":348,"column":72},"end":{"line":348,"column":91}},{"start":{"line":348,"column":94},"end":{"line":348,"column":114}}],"line":348}},"s":{"0":1,"1":1,"2":1,"3":1,"4":1,"5":1,"6":1,"7":1,"8":1,"9":0,"10":0,"11":0,"12":3,"13":3,"14":3,"15":3,"16":3,"17":3,"18":3,"19":3,"20":3,"21":1,"22":3,"23":3,"24":3,"25":3,"26":0,"27":0,"28":3,"29":3,"30":0,"31":3,"32":0,"33":0,"34":3,"35":3,"36":1,"37":1,"38":0,"39":0,"40":1,"41":1,"42":0,"43":0,"44":0,"45":1,"46":1,"47":1,"48":1,"49":1,"50":1,"51":1,"52":3,"53":2,"54":2,"55":1,"56":1,"57":2,"58":0,"59":0,"60":0,"61":0,"62":3,"63":2,"64":0,"65":3,"66":0,"67":0,"68":3,"69":0,"70":0,"71":0,"72":0,"73":0,"74":3,"75":0,"76":0,"77":3,"78":0,"79":0,"80":0,"81":0,"82":0,"83":0,"84":0,"85":0,"86":0,"87":0,"88":0,"89":0,"90":0,"91":0,"92":3,"93":0,"94":0,"95":0,"96":0,"97":0,"98":0,"99":0,"100":0,"101":0,"102":0,"103":1},"f":{"0":0,"1":3,"2":1,"3":3,"4":1,"5":1,"6":1,"7":2,"8":0,"9":0,"10":2,"11":0,"12":0,"13":0,"14":0,"15":0,"16":0,"17":0,"18":0,"19":0,"20":0,"21":0,"22":0,"23":0},"b":{"0":[1,0],"1":[0,0,0],"2":[0,0,0],"3":[0,0],"4":[0,0],"5":[0,0],"6":[0,0,0],"7":[0,0],"8":[0,0],"9":[0,0],"10":[1],"11":[1],"12":[3],"13":[0,3],"14":[0,0],"15":[0,0],"16":[0,3],"17":[3,3],"18":[0,1],"19":[0,1],"20":[2,0],"21":[1,1],"22":[0,0],"23":[0,0],"24":[0,0],"25":[0,0],"26":[0,0],"27":[0,0],"28":[0,0],"29":[3,0],"30":[3,3,1],"31":[3,3],"32":[0,0],"33":[0,0],"34":[0,0],"35":[0,0],"36":[3,0],"37":[1,2],"38":[3,0],"39":[0,0]},"_coverageSchema":"1a1c01bbd47fc00a2c39e90264f33305004495a9","hash":"c439fa803e4aca3bdb2d852c7b41860363e32008"}
,"/Volumes/ssd/GithubCode/SPA/SPA.FE/SPA.mobile/app/(tabs)/profile.tsx": {"path":"/Volumes/ssd/GithubCode/SPA/SPA.FE/SPA.mobile/app/(tabs)/profile.tsx","statementMap":{"0":{"start":{"line":22,"column":41},"end":{"line":22,"column":50}},"1":{"start":{"line":23,"column":22},"end":{"line":23,"column":34}},"2":{"start":{"line":24,"column":32},"end":{"line":24,"column":51}},"3":{"start":{"line":25,"column":34},"end":{"line":25,"column":63}},"4":{"start":{"line":26,"column":32},"end":{"line":26,"column":47}},"5":{"start":{"line":27,"column":17},"end":{"line":27,"column":36}},"6":{"start":{"line":29,"column":25},"end":{"line":32,"column":3}},"7":{"start":{"line":30,"column":17},"end":{"line":30,"column":52}},"8":{"start":{"line":31,"column":4},"end":{"line":31,"column":22}},"9":{"start":{"line":34,"column":21},"end":{"line":45,"column":3}},"10":{"start":{"line":35,"column":4},"end":{"line":35,"column":21}},"11":{"start":{"line":36,"column":4},"end":{"line":44,"column":5}},"12":{"start":{"line":37,"column":6},"end":{"line":37,"column":43}},"13":{"start":{"line":38,"column":6},"end":{"line":38,"column":40}},"14":{"start":{"line":39,"column":6},"end":{"line":39,"column":29}},"15":{"start":{"line":41,"column":6},"end":{"line":41,"column":39}},"16":{"start":{"line":43,"column":6},"end":{"line":43,"column":24}},"17":{"start":{"line":47,"column":22},"end":{"line":53,"column":3}},"18":{"start":{"line":48,"column":4},"end":{"line":48,"column":24}},"19":{"start":{"line":48,"column":17},"end":{"line":48,"column":24}},"20":{"start":{"line":49,"column":4},"end":{"line":52,"column":18}},"21":{"start":{"line":50,"column":19},"end":{"line":50,"column":44}},"22":{"start":{"line":51,"column":6},"end":{"line":51,"column":23}},"23":{"start":{"line":55,"column":2},"end":{"line":58,"column":17}},"24":{"start":{"line":56,"column":4},"end":{"line":56,"column":18}},"25":{"start":{"line":57,"column":4},"end":{"line":57,"column":21}},"26":{"start":{"line":60,"column":23},"end":{"line":62,"column":3}},"27":{"start":{"line":61,"column":4},"end":{"line":61,"column":19}},"28":{"start":{"line":64,"column":22},"end":{"line":66,"column":19}},"29":{"start":{"line":68,"column":2},"end":{"line":166,"column":4}},"30":{"start":{"line":99,"column":35},"end":{"line":99,"column":63}},"31":{"start":{"line":126,"column":29},"end":{"line":126,"column":57}},"32":{"start":{"line":133,"column":29},"end":{"line":133,"column":60}},"33":{"start":{"line":184,"column":2},"end":{"line":200,"column":4}},"34":{"start":{"line":203,"column":15},"end":{"line":334,"column":2}}},"fnMap":{"0":{"name":"ProfileScreen","decl":{"start":{"line":21,"column":24},"end":{"line":21,"column":37}},"loc":{"start":{"line":21,"column":40},"end":{"line":167,"column":1}},"line":21},"1":{"name":"(anonymous_1)","decl":{"start":{"line":29,"column":25},"end":{"line":29,"column":26}},"loc":{"start":{"line":29,"column":37},"end":{"line":32,"column":3}},"line":29},"2":{"name":"(anonymous_2)","decl":{"start":{"line":34,"column":21},"end":{"line":34,"column":22}},"loc":{"start":{"line":34,"column":33},"end":{"line":45,"column":3}},"line":34},"3":{"name":"(anonymous_3)","decl":{"start":{"line":47,"column":22},"end":{"line":47,"column":23}},"loc":{"start":{"line":47,"column":34},"end":{"line":53,"column":3}},"line":47},"4":{"name":"(anonymous_4)","decl":{"start":{"line":55,"column":35},"end":{"line":55,"column":36}},"loc":{"start":{"line":55,"column":41},"end":{"line":58,"column":3}},"line":55},"5":{"name":"(anonymous_5)","decl":{"start":{"line":60,"column":23},"end":{"line":60,"column":24}},"loc":{"start":{"line":60,"column":35},"end":{"line":62,"column":3}},"line":60},"6":{"name":"(anonymous_6)","decl":{"start":{"line":99,"column":29},"end":{"line":99,"column":30}},"loc":{"start":{"line":99,"column":35},"end":{"line":99,"column":63}},"line":99},"7":{"name":"(anonymous_7)","decl":{"start":{"line":126,"column":23},"end":{"line":126,"column":24}},"loc":{"start":{"line":126,"column":29},"end":{"line":126,"column":57}},"line":126},"8":{"name":"(anonymous_8)","decl":{"start":{"line":133,"column":23},"end":{"line":133,"column":24}},"loc":{"start":{"line":133,"column":29},"end":{"line":133,"column":60}},"line":133},"9":{"name":"MenuItem","decl":{"start":{"line":169,"column":9},"end":{"line":169,"column":17}},"loc":{"start":{"line":183,"column":3},"end":{"line":201,"column":1}},"line":183}},"branchMap":{"0":{"loc":{"start":{"line":48,"column":4},"end":{"line":48,"column":24}},"type":"if","locations":[{"start":{"line":48,"column":4},"end":{"line":48,"column":24}},{"start":{},"end":{}}],"line":48},"1":{"loc":{"start":{"line":64,"column":22},"end":{"line":66,"column":19}},"type":"cond-expr","locations":[{"start":{"line":65,"column":6},"end":{"line":65,"column":83}},{"start":{"line":66,"column":6},"end":{"line":66,"column":19}}],"line":64},"2":{"loc":{"start":{"line":65,"column":6},"end":{"line":65,"column":83}},"type":"binary-expr","locations":[{"start":{"line":65,"column":6},"end":{"line":65,"column":67}},{"start":{"line":65,"column":71},"end":{"line":65,"column":83}}],"line":65},"3":{"loc":{"start":{"line":65,"column":9},"end":{"line":65,"column":31}},"type":"binary-expr","locations":[{"start":{"line":65,"column":9},"end":{"line":65,"column":25}},{"start":{"line":65,"column":29},"end":{"line":65,"column":31}}],"line":65},"4":{"loc":{"start":{"line":65,"column":35},"end":{"line":65,"column":58}},"type":"binary-expr","locations":[{"start":{"line":65,"column":35},"end":{"line":65,"column":52}},{"start":{"line":65,"column":56},"end":{"line":65,"column":58}}],"line":65},"5":{"loc":{"start":{"line":81,"column":13},"end":{"line":85,"column":13}},"type":"cond-expr","locations":[{"start":{"line":82,"column":14},"end":{"line":82,"column":84}},{"start":{"line":84,"column":14},"end":{"line":84,"column":76}}],"line":81},"6":{"loc":{"start":{"line":88,"column":13},"end":{"line":106,"column":13}},"type":"cond-expr","locations":[{"start":{"line":89,"column":14},"end":{"line":92,"column":17}},{"start":{"line":94,"column":14},"end":{"line":105,"column":17}}],"line":88},"7":{"loc":{"start":{"line":104,"column":66},"end":{"line":104,"column":90}},"type":"binary-expr","locations":[{"start":{"line":104,"column":66},"end":{"line":104,"column":80}},{"start":{"line":104,"column":84},"end":{"line":104,"column":90}}],"line":104},"8":{"loc":{"start":{"line":117,"column":9},"end":{"line":139,"column":9}},"type":"binary-expr","locations":[{"start":{"line":117,"column":9},"end":{"line":117,"column":16}},{"start":{"line":118,"column":10},"end":{"line":138,"column":17}}],"line":117},"9":{"loc":{"start":{"line":142,"column":9},"end":{"line":159,"column":9}},"type":"binary-expr","locations":[{"start":{"line":142,"column":9},"end":{"line":142,"column":17}},{"start":{"line":143,"column":10},"end":{"line":158,"column":17}}],"line":142},"10":{"loc":{"start":{"line":145,"column":20},"end":{"line":145,"column":63}},"type":"cond-expr","locations":[{"start":{"line":145,"column":30},"end":{"line":145,"column":46}},{"start":{"line":145,"column":49},"end":{"line":145,"column":63}}],"line":145},"11":{"loc":{"start":{"line":146,"column":21},"end":{"line":146,"column":68}},"type":"cond-expr","locations":[{"start":{"line":146,"column":31},"end":{"line":146,"column":48}},{"start":{"line":146,"column":51},"end":{"line":146,"column":68}}],"line":146},"12":{"loc":{"start":{"line":147,"column":24},"end":{"line":147,"column":109}},"type":"cond-expr","locations":[{"start":{"line":147,"column":35},"end":{"line":147,"column":92}},{"start":{"line":147,"column":95},"end":{"line":147,"column":109}}],"line":147},"13":{"loc":{"start":{"line":186,"column":31},"end":{"line":186,"column":59}},"type":"binary-expr","locations":[{"start":{"line":186,"column":31},"end":{"line":186,"column":39}},{"start":{"line":186,"column":43},"end":{"line":186,"column":59}}],"line":186},"14":{"loc":{"start":{"line":191,"column":39},"end":{"line":191,"column":72}},"type":"binary-expr","locations":[{"start":{"line":191,"column":39},"end":{"line":191,"column":45}},{"start":{"line":191,"column":49},"end":{"line":191,"column":72}}],"line":191},"15":{"loc":{"start":{"line":192,"column":47},"end":{"line":192,"column":92}},"type":"cond-expr","locations":[{"start":{"line":192,"column":56},"end":{"line":192,"column":70}},{"start":{"line":192,"column":73},"end":{"line":192,"column":92}}],"line":192},"16":{"loc":{"start":{"line":195,"column":40},"end":{"line":195,"column":72}},"type":"binary-expr","locations":[{"start":{"line":195,"column":40},"end":{"line":195,"column":46}},{"start":{"line":195,"column":50},"end":{"line":195,"column":72}}],"line":195},"17":{"loc":{"start":{"line":196,"column":9},"end":{"line":196,"column":74}},"type":"binary-expr","locations":[{"start":{"line":196,"column":9},"end":{"line":196,"column":19}},{"start":{"line":196,"column":23},"end":{"line":196,"column":74}}],"line":196},"18":{"loc":{"start":{"line":198,"column":7},"end":{"line":198,"column":93}},"type":"binary-expr","locations":[{"start":{"line":198,"column":7},"end":{"line":198,"column":14}},{"start":{"line":198,"column":18},"end":{"line":198,"column":93}}],"line":198}},"s":{"0":3,"1":3,"2":3,"3":2,"4":2,"5":2,"6":2,"7":0,"8":0,"9":2,"10":0,"11":0,"12":0,"13":0,"14":0,"15":0,"16":0,"17":2,"18":0,"19":0,"20":0,"21":0,"22":0,"23":2,"24":0,"25":0,"26":0,"27":0,"28":0,"29":0,"30":0,"31":0,"32":0,"33":0,"34":1},"f":{"0":3,"1":0,"2":0,"3":0,"4":0,"5":0,"6":0,"7":0,"8":0,"9":0},"b":{"0":[0,0],"1":[0,0],"2":[0,0],"3":[0,0],"4":[0,0],"5":[0,0],"6":[0,0],"7":[0,0],"8":[0,0],"9":[0,0],"10":[0,0],"11":[0,0],"12":[0,0],"13":[0,0],"14":[0,0],"15":[0,0],"16":[0,0],"17":[0,0],"18":[0,0]},"_coverageSchema":"1a1c01bbd47fc00a2c39e90264f33305004495a9","hash":"a78814f47e943680a4c25f2fe9e54f9846d74b5d"}
,"/Volumes/ssd/GithubCode/SPA/SPA.FE/SPA.mobile/app/(tabs)/saved.tsx": {"path":"/Volumes/ssd/GithubCode/SPA/SPA.FE/SPA.mobile/app/(tabs)/saved.tsx","statementMap":{"0":{"start":{"line":11,"column":37},"end":{"line":11,"column":52}},"1":{"start":{"line":12,"column":17},"end":{"line":12,"column":36}},"2":{"start":{"line":14,"column":2},"end":{"line":54,"column":4}},"3":{"start":{"line":31,"column":14},"end":{"line":31,"column":109}},"4":{"start":{"line":47,"column":14},"end":{"line":47,"column":52}},"5":{"start":{"line":57,"column":15},"end":{"line":117,"column":2}}},"fnMap":{"0":{"name":"SavedScreen","decl":{"start":{"line":10,"column":24},"end":{"line":10,"column":35}},"loc":{"start":{"line":10,"column":38},"end":{"line":55,"column":1}},"line":10},"1":{"name":"(anonymous_1)","decl":{"start":{"line":30,"column":27},"end":{"line":30,"column":28}},"loc":{"start":{"line":31,"column":14},"end":{"line":31,"column":109}},"line":31},"2":{"name":"(anonymous_2)","decl":{"start":{"line":46,"column":31},"end":{"line":46,"column":32}},"loc":{"start":{"line":47,"column":14},"end":{"line":47,"column":52}},"line":47}},"branchMap":{"0":{"loc":{"start":{"line":28,"column":9},"end":{"line":50,"column":9}},"type":"cond-expr","locations":[{"start":{"line":29,"column":10},"end":{"line":33,"column":17}},{"start":{"line":34,"column":12},"end":{"line":50,"column":9}}],"line":28},"1":{"loc":{"start":{"line":28,"column":9},"end":{"line":28,"column":46}},"type":"binary-expr","locations":[{"start":{"line":28,"column":9},"end":{"line":28,"column":16}},{"start":{"line":28,"column":20},"end":{"line":28,"column":46}}],"line":28},"2":{"loc":{"start":{"line":34,"column":12},"end":{"line":50,"column":9}},"type":"cond-expr","locations":[{"start":{"line":35,"column":10},"end":{"line":43,"column":17}},{"start":{"line":45,"column":10},"end":{"line":49,"column":17}}],"line":34}},"s":{"0":0,"1":0,"2":0,"3":0,"4":0,"5":0},"f":{"0":0,"1":0,"2":0},"b":{"0":[0,0],"1":[0,0],"2":[0,0]}}
[...]
,"/Volumes/ssd/GithubCode/SPA/SPA.FE/SPA.mobile/components/external-link.tsx": {"path":"/Volumes/ssd/GithubCode/SPA/SPA.FE/SPA.mobile/components/external-link.tsx","statementMap":{"0":{"start":{"line":8,"column":2},"end":{"line":24,"column":4}},"1":{"start":{"line":14,"column":8},"end":{"line":21,"column":9}},"2":{"start":{"line":16,"column":10},"end":{"line":16,"column":33}},"3":{"start":{"line":18,"column":10},"end":{"line":20,"column":13}}},"fnMap":{"0":{"name":"ExternalLink","decl":{"start":{"line":7,"column":16},"end":{"line":7,"column":28}},"loc":{"start":{"line":7,"column":55},"end":{"line":25,"column":1}},"line":7},"1":{"name":"(anonymous_1)","decl":{"start":{"line":13,"column":15},"end":{"line":13,"column":16}},"loc":{"start":{"line":13,"column":32},"end":{"line":22,"column":7}},"line":13}},"branchMap":{"0":{"loc":{"start":{"line":14,"column":8},"end":{"line":21,"column":9}},"type":"if","locations":[{"start":{"line":14,"column":8},"end":{"line":21,"column":9}},{"start":{},"end":{}}],"line":14}},"s":{"0":1,"1":0,"2":0,"3":0},"f":{"0":1,"1":0},"b":{"0":[0,0]},"_coverageSchema":"1a1c01bbd47fc00a2c39e90264f33305004495a9","hash":"d6666d16459a63acde7e8f1c442caef4f483ab7b"}
,"/Volumes/ssd/GithubCode/SPA/SPA.FE/SPA.mobile/components/haptic-tab.tsx": {"path":"/Volumes/ssd/GithubCode/SPA/SPA.FE/SPA.mobile/components/haptic-tab.tsx","statementMap":{"0":{"start":{"line":6,"column":2},"end":{"line":17,"column":4}},"1":{"start":{"line":10,"column":8},"end":{"line":13,"column":9}},"2":{"start":{"line":12,"column":10},"end":{"line":12,"column":65}},"3":{"start":{"line":14,"column":8},"end":{"line":14,"column":30}}},"fnMap":{"0":{"name":"HapticTab","decl":{"start":{"line":5,"column":16},"end":{"line":5,"column":25}},"loc":{"start":{"line":5,"column":58},"end":{"line":18,"column":1}},"line":5},"1":{"name":"(anonymous_1)","decl":{"start":{"line":9,"column":17},"end":{"line":9,"column":18}},"loc":{"start":{"line":9,"column":25},"end":{"line":15,"column":7}},"line":9}},"branchMap":{"0":{"loc":{"start":{"line":10,"column":8},"end":{"line":13,"column":9}},"type":"if","locations":[{"start":{"line":10,"column":8},"end":{"line":13,"column":9}},{"start":{},"end":{}}],"line":10}},"s":{"0":1,"1":0,"2":0,"3":0},"f":{"0":1,"1":0},"b":{"0":[0,0]},"_coverageSchema":"1a1c01bbd47fc00a2c39e90264f33305004495a9","hash":"bfd6fb59483a4323ed1b2ccea30a894fda75d08d"}
,"/Volumes/ssd/GithubCode/SPA/SPA.FE/SPA.mobile/components/hello-wave.tsx": {"path":"/Volumes/ssd/GithubCode/SPA/SPA.FE/SPA.mobile/components/hello-wave.tsx","statementMap":{"0":{"start":{"line":4,"column":2},"end":{"line":18,"column":4}}},"fnMap":{"0":{"name":"HelloWave","decl":{"start":{"line":3,"column":16},"end":{"line":3,"column":25}},"loc":{"start":{"line":3,"column":28},"end":{"line":19,"column":1}},"line":3}},"branchMap":{},"s":{"0":1},"f":{"0":1},"b":{},"_coverageSchema":"1a1c01bbd47fc00a2c39e90264f33305004495a9","hash":"df027b86eed6d0f3271b4b459f53c3b05b0b9ff6"}
,"/Volumes/ssd/GithubCode/SPA/SPA.FE/SPA.mobile/components/parallax-scroll-view.tsx": {"path":"/Volumes/ssd/GithubCode/SPA/SPA.FE/SPA.mobile/components/parallax-scroll-view.tsx","statementMap":{"0":{"start":{"line":14,"column":22},"end":{"line":14,"column":25}},"1":{"start":{"line":26,"column":26},"end":{"line":26,"column":57}},"2":{"start":{"line":27,"column":22},"end":{"line":27,"column":49}},"3":{"start":{"line":28,"column":20},"end":{"line":28,"column":57}},"4":{"start":{"line":29,"column":23},"end":{"line":29,"column":49}},"5":{"start":{"line":30,"column":30},"end":{"line":45,"column":4}},"6":{"start":{"line":31,"column":4},"end":{"line":44,"column":6}},"7":{"start":{"line":47,"column":2},"end":{"line":62,"column":4}},"8":{"start":{"line":65,"column":15},"end":{"line":79,"column":2}}},"fnMap":{"0":{"name":"ParallaxScrollView","decl":{"start":{"line":21,"column":24},"end":{"line":21,"column":42}},"loc":{"start":{"line":25,"column":10},"end":{"line":63,"column":1}},"line":25},"1":{"name":"(anonymous_1)","decl":{"start":{"line":30,"column":47},"end":{"line":30,"column":48}},"loc":{"start":{"line":30,"column":53},"end":{"line":45,"column":3}},"line":30}},"branchMap":{"0":{"loc":{"start":{"line":27,"column":22},"end":{"line":27,"column":49}},"type":"binary-expr","locations":[{"start":{"line":27,"column":22},"end":{"line":27,"column":38}},{"start":{"line":27,"column":42},"end":{"line":27,"column":49}}],"line":27}},"s":{"0":1,"1":1,"2":1,"3":1,"4":1,"5":1,"6":1,"7":1,"8":1},"f":{"0":1,"1":1},"b":{"0":[1,0]},"_coverageSchema":"1a1c01bbd47fc00a2c39e90264f33305004495a9","hash":"ead4bd9b8c69a3360fc33c4e5f545e55b1dd2743"}
,"/Volumes/ssd/GithubCode/SPA/SPA.FE/SPA.mobile/components/themed-text.tsx": {"path":"/Volumes/ssd/GithubCode/SPA/SPA.FE/SPA.mobile/components/themed-text.tsx","statementMap":{"0":{"start":{"line":18,"column":16},"end":{"line":18,"column":77}},"1":{"start":{"line":20,"column":2},"end":{"line":33,"column":4}},"2":{"start":{"line":36,"column":15},"end":{"line":60,"column":2}}},"fnMap":{"0":{"name":"ThemedText","decl":{"start":{"line":11,"column":16},"end":{"line":11,"column":26}},"loc":{"start":{"line":17,"column":20},"end":{"line":34,"column":1}},"line":17}},"branchMap":{"0":{"loc":{"start":{"line":15,"column":2},"end":{"line":15,"column":18}},"type":"default-arg","locations":[{"start":{"line":15,"column":9},"end":{"line":15,"column":18}}],"line":15},"1":{"loc":{"start":{"line":24,"column":8},"end":{"line":24,"column":55}},"type":"cond-expr","locations":[{"start":{"line":24,"column":29},"end":{"line":24,"column":43}},{"start":{"line":24,"column":46},"end":{"line":24,"column":55}}],"line":24},"2":{"loc":{"start":{"line":25,"column":8},"end":{"line":25,"column":51}},"type":"cond-expr","locations":[{"start":{"line":25,"column":27},"end":{"line":25,"column":39}},{"start":{"line":25,"column":42},"end":{"line":25,"column":51}}],"line":25},"3":{"loc":{"start":{"line":26,"column":8},"end":{"line":26,"column":71}},"type":"cond-expr","locations":[{"start":{"line":26,"column":37},"end":{"line":26,"column":59}},{"start":{"line":26,"column":62},"end":{"line":26,"column":71}}],"line":26},"4":{"loc":{"start":{"line":27,"column":8},"end":{"line":27,"column":57}},"type":"cond-expr","locations":[{"start":{"line":27,"column":30},"end":{"line":27,"column":45}},{"start":{"line":27,"column":48},"end":{"line":27,"column":57}}],"line":27},"5":{"loc":{"start":{"line":28,"column":8},"end":{"line":28,"column":49}},"type":"cond-expr","locations":[{"start":{"line":28,"column":26},"end":{"line":28,"column":37}},{"start":{"line":28,"column":40},"end":{"line":28,"column":49}}],"line":28}},"s":{"0":3,"1":3,"2":1},"f":{"0":3},"b":{"0":[0],"1":[0,3],"2":[1,2],"3":[1,2],"4":[0,3],"5":[1,2]},"_coverageSchema":"1a1c01bbd47fc00a2c39e90264f33305004495a9","hash":"f9067ca7cb9aeec4888f89b27b389155b48d5354"}
,"/Volumes/ssd/GithubCode/SPA/SPA.FE/SPA.mobile/components/themed-view.tsx": {"path":"/Volumes/ssd/GithubCode/SPA/SPA.FE/SPA.mobile/components/themed-view.tsx","statementMap":{"0":{"start":{"line":11,"column":26},"end":{"line":11,"column":93}},"1":{"start":{"line":13,"column":2},"end":{"line":13,"column":71}}},"fnMap":{"0":{"name":"ThemedView","decl":{"start":{"line":10,"column":16},"end":{"line":10,"column":26}},"loc":{"start":{"line":10,"column":93},"end":{"line":14,"column":1}},"line":10}},"branchMap":{},"s":{"0":3,"1":3},"f":{"0":3},"b":{},"_coverageSchema":"1a1c01bbd47fc00a2c39e90264f33305004495a9","hash":"49893cc94aa777d4588b9c0cad223e393dfc9290"}
,"/Volumes/ssd/GithubCode/SPA/SPA.FE/SPA.mobile/components/ui/CategoryButton.tsx": {"path":"/Volumes/ssd/GithubCode/SPA/SPA.FE/SPA.mobile/components/ui/CategoryButton.tsx","statementMap":{"0":{"start":{"line":15,"column":66},"end":{"line":20,"column":1}},"1":{"start":{"line":22,"column":74},"end":{"line":27,"column":1}},"2":{"start":{"line":30,"column":2},"end":{"line":43,"column":4}},"3":{"start":{"line":46,"column":15},"end":{"line":71,"column":2}}},"fnMap":{"0":{"name":"CategoryButton","decl":{"start":{"line":29,"column":16},"end":{"line":29,"column":30}},"loc":{"start":{"line":29,"column":90},"end":{"line":44,"column":1}},"line":29}},"branchMap":{"0":{"loc":{"start":{"line":32,"column":26},"end":{"line":32,"column":58}},"type":"binary-expr","locations":[{"start":{"line":32,"column":26},"end":{"line":32,"column":36}},{"start":{"line":32,"column":40},"end":{"line":32,"column":58}}],"line":32},"1":{"loc":{"start":{"line":37,"column":14},"end":{"line":37,"column":64}},"type":"cond-expr","locations":[{"start":{"line":37,"column":27},"end":{"line":37,"column":48}},{"start":{"line":37,"column":51},"end":{"line":37,"column":64}}],"line":37},"2":{"loc":{"start":{"line":39,"column":15},"end":{"line":39,"column":71}},"type":"cond-expr","locations":[{"start":{"line":39,"column":28},"end":{"line":39,"column":47}},{"start":{"line":39,"column":50},"end":{"line":39,"column":71}}],"line":39},"3":{"loc":{"start":{"line":41,"column":34},"end":{"line":41,"column":68}},"type":"binary-expr","locations":[{"start":{"line":41,"column":34},"end":{"line":41,"column":44}},{"start":{"line":41,"column":48},"end":{"line":41,"column":68}}],"line":41}},"s":{"0":1,"1":1,"2":24,"3":1},"f":{"0":24},"b":{"0":[24,6],"1":[6,18],"2":[6,18],"3":[24,6]},"_coverageSchema":"1a1c01bbd47fc00a2c39e90264f33305004495a9","hash":"56183d4fe740ddbaf03c93d04afac2ba28105967"}
,"/Volumes/ssd/GithubCode/SPA/SPA.FE/SPA.mobile/components/ui/ParkingCard.tsx": {"path":"/Volumes/ssd/GithubCode/SPA/SPA.FE/SPA.mobile/components/ui/ParkingCard.tsx","statementMap":{"0":{"start":{"line":15,"column":43},"end":{"line":15,"column":58}},"1":{"start":{"line":16,"column":19},"end":{"line":16,"column":83}},"2":{"start":{"line":17,"column":16},"end":{"line":17,"column":56}},"3":{"start":{"line":18,"column":20},"end":{"line":18,"column":60}},"4":{"start":{"line":19,"column":19},"end":{"line":19,"column":73}},"5":{"start":{"line":21,"column":16},"end":{"line":21,"column":35}},"6":{"start":{"line":23,"column":2},"end":{"line":57,"column":4}},"7":{"start":{"line":27,"column":21},"end":{"line":27,"column":54}},"8":{"start":{"line":33,"column":25},"end":{"line":33,"column":48}},"9":{"start":{"line":60,"column":15},"end":{"line":129,"column":2}}},"fnMap":{"0":{"name":"ParkingCard","decl":{"start":{"line":14,"column":16},"end":{"line":14,"column":27}},"loc":{"start":{"line":14,"column":76},"end":{"line":58,"column":1}},"line":14},"1":{"name":"(anonymous_1)","decl":{"start":{"line":27,"column":15},"end":{"line":27,"column":16}},"loc":{"start":{"line":27,"column":21},"end":{"line":27,"column":54}},"line":27},"2":{"name":"(anonymous_2)","decl":{"start":{"line":33,"column":19},"end":{"line":33,"column":20}},"loc":{"start":{"line":33,"column":25},"end":{"line":33,"column":48}},"line":33}},"branchMap":{"0":{"loc":{"start":{"line":14,"column":35},"end":{"line":14,"column":54}},"type":"default-arg","locations":[{"start":{"line":14,"column":45},"end":{"line":14,"column":54}}],"line":14},"1":{"loc":{"start":{"line":16,"column":19},"end":{"line":16,"column":83}},"type":"binary-expr","locations":[{"start":{"line":16,"column":19},"end":{"line":16,"column":31}},{"start":{"line":16,"column":35},"end":{"line":16,"column":83}}],"line":16},"2":{"loc":{"start":{"line":17,"column":16},"end":{"line":17,"column":56}},"type":"binary-expr","locations":[{"start":{"line":17,"column":16},"end":{"line":17,"column":25}},{"start":{"line":17,"column":29},"end":{"line":17,"column":56}}],"line":17},"3":{"loc":{"start":{"line":17,"column":36},"end":{"line":17,"column":55}},"type":"binary-expr","locations":[{"start":{"line":17,"column":36},"end":{"line":17,"column":50}},{"start":{"line":17,"column":54},"end":{"line":17,"column":55}}],"line":17},"4":{"loc":{"start":{"line":18,"column":20},"end":{"line":18,"column":60}},"type":"binary-expr","locations":[{"start":{"line":18,"column":20},"end":{"line":18,"column":33}},{"start":{"line":18,"column":37},"end":{"line":18,"column":55}},{"start":{"line":18,"column":59},"end":{"line":18,"column":60}}],"line":18},"5":{"loc":{"start":{"line":19,"column":19},"end":{"line":19,"column":73}},"type":"cond-expr","locations":[{"start":{"line":19,"column":54},"end":{"line":19,"column":66}},{"start":{"line":19,"column":69},"end":{"line":19,"column":73}}],"line":19},"6":{"loc":{"start":{"line":25,"column":27},"end":{"line":25,"column":70}},"type":"binary-expr","locations":[{"start":{"line":25,"column":27},"end":{"line":25,"column":48}},{"start":{"line":25,"column":52},"end":{"line":25,"column":70}}],"line":25},"7":{"loc":{"start":{"line":37,"column":18},"end":{"line":37,"column":51}},"type":"cond-expr","locations":[{"start":{"line":37,"column":26},"end":{"line":37,"column":33}},{"start":{"line":37,"column":36},"end":{"line":37,"column":51}}],"line":37},"8":{"loc":{"start":{"line":39,"column":19},"end":{"line":39,"column":60}},"type":"cond-expr","locations":[{"start":{"line":39,"column":27},"end":{"line":39,"column":36}},{"start":{"line":39,"column":39},"end":{"line":39,"column":60}}],"line":39},"9":{"loc":{"start":{"line":54,"column":43},"end":{"line":54,"column":99}},"type":"cond-expr","locations":[{"start":{"line":54,"column":63},"end":{"line":54,"column":90}},{"start":{"line":54,"column":93},"end":{"line":54,"column":99}}],"line":54}},"s":{"0":0,"1":0,"2":0,"3":0,"4":0,"5":0,"6":0,"7":0,"8":0,"9":1},"f":{"0":0,"1":0,"2":0},"b":{"0":[0],"1":[0,0],"2":[0,0],"3":[0,0],"4":[0,0,0],"5":[0,0],"6":[0,0],"7":[0,0],"8":[0,0],"9":[0,0]},"_coverageSchema":"1a1c01bbd47fc00a2c39e90264f33305004495a9","hash":"b286ad65e87d23f49a0086b0c2ac26b84b8f399f"}
,"/Volumes/ssd/GithubCode/SPA/SPA.FE/SPA.mobile/components/ui/SearchBar.tsx": {"path":"/Volumes/ssd/GithubCode/SPA/SPA.FE/SPA.mobile/components/ui/SearchBar.tsx","statementMap":{"0":{"start":{"line":13,"column":2},"end":{"line":24,"column":4}},"1":{"start":{"line":27,"column":15},"end":{"line":42,"column":2}}},"fnMap":{"0":{"name":"SearchBar","decl":{"start":{"line":12,"column":16},"end":{"line":12,"column":25}},"loc":{"start":{"line":12,"column":96},"end":{"line":25,"column":1}},"line":12}},"branchMap":{"0":{"loc":{"start":{"line":12,"column":49},"end":{"line":12,"column":76}},"type":"default-arg","locations":[{"start":{"line":12,"column":63},"end":{"line":12,"column":76}}],"line":12}},"s":{"0":1,"1":1},"f":{"0":1},"b":{"0":[0]},"_coverageSchema":"1a1c01bbd47fc00a2c39e90264f33305004495a9","hash":"8e9c23a5d1607021467c905c7dbbe0745122bae0"}
,"/Volumes/ssd/GithubCode/SPA/SPA.FE/SPA.mobile/components/ui/Skeleton.tsx": {"path":"/Volumes/ssd/GithubCode/SPA/SPA.FE/SPA.mobile/components/ui/Skeleton.tsx","statementMap":{"0":{"start":{"line":12,"column":24},"end":{"line":48,"column":1}},"1":{"start":{"line":13,"column":24},"end":{"line":13,"column":45}},"2":{"start":{"line":15,"column":2},"end":{"line":32,"column":9}},"3":{"start":{"line":16,"column":22},"end":{"line":29,"column":5}},"4":{"start":{"line":30,"column":4},"end":{"line":30,"column":22}},"5":{"start":{"line":31,"column":4},"end":{"line":31,"column":34}},"6":{"start":{"line":31,"column":17},"end":{"line":31,"column":33}},"7":{"start":{"line":34,"column":18},"end":{"line":37,"column":4}},"8":{"start":{"line":39,"column":2},"end":{"line":47,"column":4}},"9":{"start":{"line":50,"column":15},"end":{"line":54,"column":2}}},"fnMap":{"0":{"name":"(anonymous_0)","decl":{"start":{"line":12,"column":24},"end":{"line":12,"column":25}},"loc":{"start":{"line":12,"column":87},"end":{"line":48,"column":1}},"line":12},"1":{"name":"(anonymous_1)","decl":{"start":{"line":15,"column":12},"end":{"line":15,"column":13}},"loc":{"start":{"line":15,"column":18},"end":{"line":32,"column":3}},"line":15},"2":{"name":"(anonymous_2)","decl":{"start":{"line":31,"column":11},"end":{"line":31,"column":12}},"loc":{"start":{"line":31,"column":17},"end":{"line":31,"column":33}},"line":31}},"branchMap":{"0":{"loc":{"start":{"line":12,"column":42},"end":{"line":12,"column":58}},"type":"default-arg","locations":[{"start":{"line":12,"column":57},"end":{"line":12,"column":58}}],"line":12}},"s":{"0":0,"1":0,"2":0,"3":0,"4":0,"5":0,"6":0,"7":0,"8":0,"9":0},"f":{"0":0,"1":0,"2":0},"b":{"0":[0]}}
,"/Volumes/ssd/GithubCode/SPA/SPA.FE/SPA.mobile/components/ui/collapsible.tsx": {"path":"/Volumes/ssd/GithubCode/SPA/SPA.FE/SPA.mobile/components/ui/collapsible.tsx","statementMap":{"0":{"start":{"line":11,"column":30},"end":{"line":11,"column":45}},"1":{"start":{"line":12,"column":16},"end":{"line":12,"column":43}},"2":{"start":{"line":14,"column":2},"end":{"line":32,"column":4}},"3":{"start":{"line":18,"column":23},"end":{"line":18,"column":51}},"4":{"start":{"line":18,"column":44},"end":{"line":18,"column":50}},"5":{"start":{"line":35,"column":15},"end":{"line":45,"column":2}}},"fnMap":{"0":{"name":"Collapsible","decl":{"start":{"line":10,"column":16},"end":{"line":10,"column":27}},"loc":{"start":{"line":10,"column":88},"end":{"line":33,"column":1}},"line":10},"1":{"name":"(anonymous_1)","decl":{"start":{"line":18,"column":17},"end":{"line":18,"column":18}},"loc":{"start":{"line":18,"column":23},"end":{"line":18,"column":51}},"line":18},"2":{"name":"(anonymous_2)","decl":{"start":{"line":18,"column":33},"end":{"line":18,"column":34}},"loc":{"start":{"line":18,"column":44},"end":{"line":18,"column":50}},"line":18}},"branchMap":{"0":{"loc":{"start":{"line":12,"column":16},"end":{"line":12,"column":43}},"type":"binary-expr","locations":[{"start":{"line":12,"column":16},"end":{"line":12,"column":32}},{"start":{"line":12,"column":36},"end":{"line":12,"column":43}}],"line":12},"1":{"loc":{"start":{"line":24,"column":17},"end":{"line":24,"column":73}},"type":"cond-expr","locations":[{"start":{"line":24,"column":37},"end":{"line":24,"column":54}},{"start":{"line":24,"column":57},"end":{"line":24,"column":73}}],"line":24},"2":{"loc":{"start":{"line":25,"column":41},"end":{"line":25,"column":66}},"type":"cond-expr","locations":[{"start":{"line":25,"column":50},"end":{"line":25,"column":57}},{"start":{"line":25,"column":60},"end":{"line":25,"column":66}}],"line":25},"3":{"loc":{"start":{"line":30,"column":7},"end":{"line":30,"column":75}},"type":"binary-expr","locations":[{"start":{"line":30,"column":7},"end":{"line":30,"column":13}},{"start":{"line":30,"column":17},"end":{"line":30,"column":75}}],"line":30}},"s":{"0":1,"1":1,"2":1,"3":0,"4":0,"5":1},"f":{"0":1,"1":0,"2":0},"b":{"0":[1,0],"1":[1,0],"2":[0,1],"3":[1,0]},"_coverageSchema":"1a1c01bbd47fc00a2c39e90264f33305004495a9","hash":"1c67ffe9d2950e62ba17802cd92c351350f0f613"}
,"/Volumes/ssd/GithubCode/SPA/SPA.FE/SPA.mobile/components/ui/icon-symbol.tsx": {"path":"/Volumes/ssd/GithubCode/SPA/SPA.FE/SPA.mobile/components/ui/icon-symbol.tsx","statementMap":{"0":{"start":{"line":6,"column":16},"end":{"line":17,"column":10}},"1":{"start":{"line":34,"column":2},"end":{"line":34,"column":83}}},"fnMap":{"0":{"name":"IconSymbol","decl":{"start":{"line":21,"column":16},"end":{"line":21,"column":26}},"loc":{"start":{"line":31,"column":3},"end":{"line":35,"column":1}},"line":31}},"branchMap":{"0":{"loc":{"start":{"line":23,"column":2},"end":{"line":23,"column":11}},"type":"default-arg","locations":[{"start":{"line":23,"column":9},"end":{"line":23,"column":11}}],"line":23}},"s":{"0":2,"1":3},"f":{"0":3},"b":{"0":[2]},"_coverageSchema":"1a1c01bbd47fc00a2c39e90264f33305004495a9","hash":"9706112b355f2420aedfabab9a7f73db46a0972e"}
}
