TN:
SF:app/_layout.tsx
FN:22,RootNavigator
FN:40,RootLayout
FN:41,(anonymous_2)
FNF:3
FNH:2
FNDA:0,RootNavigator
FNDA:3,RootLayout
FNDA:1,(anonymous_2)
DA:18,1
DA:23,0
DA:25,0
DA:41,3
DA:42,1
DA:45,2
LF:6
LH:4
BRDA:26,0,0,0
BRDA:26,0,1,0
BRF:2
BRH:0
end_of_record
TN:
SF:app/modal.tsx
FN:7,ModalScreen
FNF:1
FNH:1
FNDA:1,ModalScreen
DA:8,1
DA:18,1
LF:2
LH:2
BRF:0
BRH:0
end_of_record
TN:
SF:app/onboarding.tsx
FN:18,OnboardingScreen
FN:19,(anonymous_1)
FNF:2
FNH:2
FNDA:3,OnboardingScreen
FNDA:1,(anonymous_1)
DA:16,1
DA:19,3
DA:20,1
DA:23,3
DA:59,1
LF:5
LH:5
BRF:0
BRH:0
end_of_record
TN:
SF:app/(auth)/_layout.tsx
FN:3,AuthLayout
FNF:1
FNH:1
FNDA:1,AuthLayout
DA:4,1
LF:1
LH:1
BRF:0
BRH:0
end_of_record
TN:
SF:app/(auth)/login.tsx
FN:24,LoginScreen
FN:34,(anonymous_1)
FN:122,(anonymous_2)
FN:123,(anonymous_3)
FN:151,(anonymous_4)
FN:152,(anonymous_5)
FN:154,(anonymous_6)
FN:205,(anonymous_7)
FNF:8
FNH:1
FNDA:2,LoginScreen
FNDA:0,(anonymous_1)
FNDA:0,(anonymous_2)
FNDA:0,(anonymous_3)
FNDA:0,(anonymous_4)
FNDA:0,(anonymous_5)
FNDA:0,(anonymous_6)
FNDA:0,(anonymous_7)
DA:20,1
DA:25,2
DA:26,2
DA:27,2
DA:28,2
DA:29,2
DA:30,2
DA:31,2
DA:32,2
DA:34,2
DA:35,0
DA:36,0
DA:37,0
DA:39,0
DA:40,0
DA:41,0
DA:42,0
DA:44,0
DA:45,0
DA:47,0
DA:49,0
DA:51,0
DA:52,0
DA:54,0
DA:58,2
DA:122,0
DA:123,0
DA:151,0
DA:152,0
DA:154,0
DA:205,0
DA:217,1
LF:32
LH:12
BRDA:35,0,0,0
BRDA:35,0,1,0
BRDA:35,1,0,0
BRDA:35,1,1,0
BRDA:52,2,0,0
BRDA:52,2,1,0
BRDA:52,3,0,0
BRDA:52,3,1,0
BRDA:75,4,0,2
BRDA:75,4,1,0
BRDA:96,5,0,0
BRDA:96,5,1,2
BRDA:106,6,0,2
BRDA:106,6,1,0
BRDA:111,7,0,0
BRDA:111,7,1,2
BRDA:137,8,0,2
BRDA:137,8,1,0
BRDA:142,9,0,0
BRDA:142,9,1,2
BRDA:156,10,0,0
BRDA:156,10,1,2
BRDA:166,11,0,2
BRDA:166,11,1,0
BRDA:171,12,0,0
BRDA:171,12,1,2
BRF:26
BRH:9
end_of_record
TN:
SF:app/(auth)/register.tsx
FN:13,RegisterScreen
FN:23,(anonymous_1)
FN:33,(anonymous_2)
FN:70,(anonymous_3)
FN:87,(anonymous_4)
FN:100,(anonymous_5)
FNF:6
FNH:0
FNDA:0,RegisterScreen
FNDA:0,(anonymous_1)
FNDA:0,(anonymous_2)
FNDA:0,(anonymous_3)
FNDA:0,(anonymous_4)
FNDA:0,(anonymous_5)
DA:14,0
DA:15,0
DA:16,0
DA:17,0
DA:18,0
DA:19,0
DA:20,0
DA:21,0
DA:23,0
DA:24,0
DA:25,0
DA:26,0
DA:28,0
DA:29,0
DA:30,0
DA:31,0
DA:32,0
DA:33,0
DA:36,0
DA:37,0
DA:39,0
DA:43,0
DA:71,0
DA:87,0
DA:100,0
DA:111,0
LF:26
LH:0
BRDA:24,0,0,0
BRDA:24,0,1,0
BRDA:24,1,0,0
BRDA:24,1,1,0
BRDA:24,1,2,0
BRDA:24,1,3,0
BRDA:37,2,0,0
BRDA:37,2,1,0
BRDA:37,3,0,0
BRDA:37,3,1,0
BRDA:50,4,0,0
BRDA:50,4,1,0
BRDA:64,5,0,0
BRDA:64,5,1,0
BRDA:88,6,0,0
BRDA:88,6,1,0
BRDA:93,7,0,0
BRDA:93,7,1,0
BRDA:94,8,0,0
BRDA:94,8,1,0
BRF:20
BRH:0
end_of_record
TN:
SF:app/(tabs)/_layout.tsx
FN:7,ScanButton
FN:15,TabLayout
FN:31,(anonymous_2)
FN:42,(anonymous_3)
FN:53,(anonymous_4)
FN:54,(anonymous_5)
FN:63,(anonymous_6)
FN:74,(anonymous_7)
FNF:8
FNH:7
FNDA:0,ScanButton
FNDA:1,TabLayout
FNDA:2,(anonymous_2)
FNDA:2,(anonymous_3)
FNDA:1,(anonymous_4)
FNDA:2,(anonymous_5)
FNDA:2,(anonymous_6)
FNDA:2,(anonymous_7)
DA:8,0
DA:16,1
DA:32,2
DA:43,2
DA:53,1
DA:54,2
DA:64,2
DA:75,2
DA:86,1
LF:9
LH:8
BRDA:32,0,0,1
BRDA:32,0,1,1
BRDA:43,1,0,1
BRDA:43,1,1,1
BRDA:64,2,0,1
BRDA:64,2,1,1
BRDA:75,3,0,1
BRDA:75,3,1,1
BRF:8
BRH:8
end_of_record
TN:
SF:app/(tabs)/history.tsx
FN:15,formatDate
FN:20,formatDuration
FN:29,CurrentSpotCard
FN:34,(anonymous_3)
FN:54,(anonymous_4)
FN:58,(anonymous_5)
FN:67,SpotHistoryCard
FN:72,(anonymous_7)
FN:95,HistoryScreen
FN:113,(anonymous_9)
FN:143,(anonymous_10)
FN:161,(anonymous_11)
FN:172,(anonymous_12)
FN:187,(anonymous_13)
FN:192,(anonymous_14)
FNF:15
FNH:0
FNDA:0,formatDate
FNDA:0,formatDuration
FNDA:0,CurrentSpotCard
FNDA:0,(anonymous_3)
FNDA:0,(anonymous_4)
FNDA:0,(anonymous_5)
FNDA:0,SpotHistoryCard
FNDA:0,(anonymous_7)
FNDA:0,HistoryScreen
FNDA:0,(anonymous_9)
FNDA:0,(anonymous_10)
FNDA:0,(anonymous_11)
FNDA:0,(anonymous_12)
FNDA:0,(anonymous_13)
FNDA:0,(anonymous_14)
DA:16,0
DA:17,0
DA:21,0
DA:22,0
DA:23,0
DA:24,0
DA:25,0
DA:26,0
DA:30,0
DA:31,0
DA:33,0
DA:34,0
DA:54,0
DA:58,0
DA:68,0
DA:69,0
DA:72,0
DA:96,0
DA:97,0
DA:99,0
DA:100,0
DA:102,0
DA:103,0
DA:114,0
DA:121,0
DA:143,0
DA:161,0
DA:173,0
DA:188,0
DA:192,0
DA:222,0
LF:31
LH:0
BRDA:21,0,0,0
BRDA:21,0,1,0
BRDA:23,1,0,0
BRDA:23,1,1,0
BRDA:26,2,0,0
BRDA:26,2,1,0
BRDA:41,3,0,0
BRDA:41,3,1,0
BRDA:43,4,0,0
BRDA:43,4,1,0
BRDA:50,5,0,0
BRDA:50,5,1,0
BRDA:80,6,0,0
BRDA:80,6,1,0
BRDA:82,7,0,0
BRDA:82,7,1,0
BRDA:87,8,0,0
BRDA:87,8,1,0
BRDA:99,9,0,0
BRDA:99,9,1,0
BRDA:100,10,0,0
BRDA:100,10,1,0
BRDA:100,10,2,0
BRDA:102,11,0,0
BRDA:102,11,1,0
BRDA:102,12,0,0
BRDA:102,12,1,0
BRDA:132,13,0,0
BRDA:132,13,1,0
BRDA:152,14,0,0
BRDA:152,14,1,0
BRDA:160,15,0,0
BRDA:160,15,1,0
BRDA:168,16,0,0
BRDA:168,16,1,0
BRDA:175,17,0,0
BRDA:175,17,1,0
BRDA:183,18,0,0
BRDA:183,18,1,0
BRDA:203,19,0,0
BRDA:203,19,1,0
BRDA:204,20,0,0
BRDA:204,20,1,0
BRDA:208,21,0,0
BRDA:208,21,1,0
BRF:45
BRH:0
end_of_record
TN:
SF:app/(tabs)/index.tsx
FN:48,HomeScreen
FN:56,(anonymous_1)
FN:71,(anonymous_2)
FN:77,(anonymous_3)
FN:82,(anonymous_4)
FN:92,(anonymous_5)
FN:108,(anonymous_6)
FN:128,(anonymous_7)
FN:158,(anonymous_8)
FN:173,(anonymous_9)
FN:204,(anonymous_10)
FN:210,(anonymous_11)
FN:229,(anonymous_12)
FNF:13
FNH:6
FNDA:6,HomeScreen
FNDA:9,(anonymous_1)
FNDA:6,(anonymous_2)
FNDA:3,(anonymous_3)
FNDA:0,(anonymous_4)
FNDA:0,(anonymous_5)
FNDA:0,(anonymous_6)
FNDA:1,(anonymous_7)
FNDA:0,(anonymous_8)
FNDA:0,(anonymous_9)
FNDA:24,(anonymous_10)
FNDA:0,(anonymous_11)
FNDA:0,(anonymous_12)
DA:29,1
DA:30,1
DA:31,1
DA:32,1
DA:33,1
DA:34,1
DA:37,1
DA:41,1
DA:49,6
DA:50,6
DA:51,6
DA:52,6
DA:53,6
DA:54,6
DA:56,6
DA:57,9
DA:58,9
DA:62,9
DA:63,9
DA:65,0
DA:67,9
DA:71,6
DA:72,6
DA:73,6
DA:77,6
DA:78,3
DA:79,3
DA:80,3
DA:82,0
DA:83,0
DA:84,0
DA:85,0
DA:86,0
DA:89,0
DA:92,0
DA:95,6
DA:99,6
DA:108,0
DA:128,1
DA:158,0
DA:173,0
DA:205,24
DA:210,0
DA:230,0
DA:242,1
LF:45
LH:32
BRDA:31,0,0,1
BRDA:31,0,1,0
BRDA:63,1,0,9
BRDA:63,1,1,0
BRDA:63,2,0,0
BRDA:63,2,1,0
BRDA:78,3,0,3
BRDA:78,3,1,0
BRDA:86,4,0,0
BRDA:86,4,1,0
BRDA:86,5,0,0
BRDA:86,5,1,0
BRDA:95,6,0,3
BRDA:95,6,1,3
BRDA:96,7,0,3
BRDA:96,7,1,3
BRDA:96,8,0,3
BRDA:96,8,1,3
BRDA:96,9,0,3
BRDA:96,9,1,3
BRDA:109,10,0,0
BRDA:109,10,1,6
BRDA:157,11,0,6
BRDA:157,11,1,0
BRDA:174,12,0,6
BRDA:174,12,1,0
BRDA:218,13,0,0
BRDA:218,13,1,6
BRDA:222,14,0,3
BRDA:222,14,1,3
BRDA:226,15,0,3
BRDA:226,15,1,0
BRF:32
BRH:18
end_of_record
TN:
SF:app/(tabs)/map.tsx
FN:38,normalizeParkingLot
FN:51,MapScreen
FN:60,(anonymous_2)
FN:62,(anonymous_3)
FN:84,(anonymous_4)
FN:85,(anonymous_5)
FN:108,(anonymous_6)
FN:121,(anonymous_7)
FN:128,(anonymous_8)
FN:132,(anonymous_9)
FN:135,(anonymous_10)
FN:136,(anonymous_11)
FN:143,(anonymous_12)
FN:149,(anonymous_13)
FN:163,(anonymous_14)
FN:168,(anonymous_15)
FN:218,(anonymous_16)
FN:222,(anonymous_17)
FN:248,(anonymous_18)
FN:264,(anonymous_19)
FN:320,(anonymous_20)
FN:329,(anonymous_21)
FN:330,(anonymous_22)
FN:334,(anonymous_23)
FNF:24
FNH:13
FNDA:15,normalizeParkingLot
FNDA:3,MapScreen
FNDA:1,(anonymous_2)
FNDA:3,(anonymous_3)
FNDA:1,(anonymous_4)
FNDA:1,(anonymous_5)
FNDA:1,(anonymous_6)
FNDA:2,(anonymous_7)
FNDA:0,(anonymous_8)
FNDA:0,(anonymous_9)
FNDA:1,(anonymous_10)
FNDA:5,(anonymous_11)
FNDA:0,(anonymous_12)
FNDA:0,(anonymous_13)
FNDA:0,(anonymous_14)
FNDA:0,(anonymous_15)
FNDA:15,(anonymous_16)
FNDA:1,(anonymous_17)
FNDA:0,(anonymous_18)
FNDA:0,(anonymous_19)
FNDA:0,(anonymous_20)
FNDA:0,(anonymous_21)
FNDA:15,(anonymous_22)
FNDA:0,(anonymous_23)
DA:26,1
DA:27,1
DA:28,1
DA:29,1
DA:30,1
DA:31,1
DA:32,1
DA:33,1
DA:36,1
DA:39,15
DA:40,15
DA:41,15
DA:52,3
DA:53,3
DA:54,3
DA:55,3
DA:56,3
DA:57,3
DA:58,3
DA:59,3
DA:60,3
DA:62,3
DA:63,3
DA:64,3
DA:66,3
DA:67,0
DA:68,0
DA:70,3
DA:73,3
DA:74,0
DA:77,0
DA:79,3
DA:84,3
DA:85,1
DA:86,1
DA:87,0
DA:88,0
DA:91,1
DA:92,1
DA:93,0
DA:94,0
DA:95,0
DA:98,1
DA:101,1
DA:105,1
DA:106,1
DA:108,1
DA:109,1
DA:117,1
DA:121,3
DA:122,2
DA:123,2
DA:124,1
DA:125,2
DA:128,0
DA:129,0
DA:132,0
DA:135,3
DA:136,1
DA:137,5
DA:143,3
DA:144,0
DA:145,0
DA:149,3
DA:150,0
DA:151,0
DA:152,0
DA:154,0
DA:155,0
DA:163,3
DA:164,0
DA:165,0
DA:168,3
DA:169,0
DA:171,0
DA:172,0
DA:177,0
DA:180,0
DA:181,0
DA:182,0
DA:183,0
DA:186,0
DA:187,0
DA:188,0
DA:189,0
DA:190,0
DA:192,0
DA:196,3
DA:219,15
DA:222,1
DA:248,0
DA:264,0
DA:320,0
DA:329,0
DA:331,15
DA:335,0
DA:336,0
DA:367,1
LF:98
LH:57
BRDA:29,0,0,1
BRDA:29,0,1,0
BRDA:39,1,0,15
BRDA:39,1,1,15
BRDA:39,1,2,0
BRDA:40,2,0,15
BRDA:40,2,1,15
BRDA:40,2,2,0
BRDA:43,3,0,15
BRDA:43,3,1,0
BRDA:44,4,0,15
BRDA:44,4,1,0
BRDA:44,5,0,0
BRDA:44,5,1,0
BRDA:45,6,0,15
BRDA:45,6,1,0
BRDA:45,6,2,0
BRDA:46,7,0,15
BRDA:46,7,1,0
BRDA:47,8,0,15
BRDA:47,8,1,0
BRDA:47,9,0,0
BRDA:47,9,1,0
BRDA:62,10,0,1
BRDA:62,11,0,1
BRDA:62,12,0,3
BRDA:66,13,0,0
BRDA:66,13,1,3
BRDA:68,14,0,0
BRDA:68,14,1,0
BRDA:68,15,0,0
BRDA:68,15,1,0
BRDA:73,16,0,0
BRDA:73,16,1,3
BRDA:73,17,0,3
BRDA:73,17,1,3
BRDA:86,18,0,0
BRDA:86,18,1,1
BRDA:92,19,0,0
BRDA:92,19,1,1
BRDA:122,20,0,2
BRDA:122,20,1,0
BRDA:123,21,0,1
BRDA:123,21,1,1
BRDA:137,22,0,5
BRDA:137,22,1,0
BRDA:137,23,0,5
BRDA:137,23,1,0
BRDA:138,24,0,0
BRDA:138,24,1,0
BRDA:144,25,0,0
BRDA:144,25,1,0
BRDA:151,26,0,0
BRDA:151,26,1,0
BRDA:171,27,0,0
BRDA:171,27,1,0
BRDA:180,28,0,0
BRDA:180,28,1,0
BRDA:199,29,0,3
BRDA:199,29,1,0
BRDA:209,30,0,3
BRDA:209,30,1,3
BRDA:209,30,2,1
BRDA:218,31,0,3
BRDA:218,31,1,3
BRDA:224,32,0,15
BRDA:224,32,1,0
BRDA:225,33,0,15
BRDA:225,33,1,0
BRDA:226,34,0,15
BRDA:226,34,1,0
BRDA:228,35,0,15
BRDA:228,35,1,0
BRDA:259,36,0,3
BRDA:259,36,1,0
BRDA:303,37,0,1
BRDA:303,37,1,2
BRDA:319,38,0,3
BRDA:319,38,1,0
BRDA:345,39,0,15
BRDA:345,39,1,0
BRF:81
BRH:39
end_of_record
TN:
SF:app/(tabs)/profile.tsx
FN:21,ProfileScreen
FN:28,(anonymous_1)
FN:33,(anonymous_2)
FN:46,(anonymous_3)
FN:54,(anonymous_4)
FN:59,(anonymous_5)
FN:99,(anonymous_6)
FN:127,(anonymous_7)
FN:134,(anonymous_8)
FN:170,MenuItem
FNF:10
FNH:1
FNDA:3,ProfileScreen
FNDA:0,(anonymous_1)
FNDA:0,(anonymous_2)
FNDA:0,(anonymous_3)
FNDA:0,(anonymous_4)
FNDA:0,(anonymous_5)
FNDA:0,(anonymous_6)
FNDA:0,(anonymous_7)
FNDA:0,(anonymous_8)
FNDA:0,MenuItem
DA:22,3
DA:23,3
DA:24,3
DA:25,2
DA:26,2
DA:28,2
DA:29,0
DA:30,0
DA:33,2
DA:34,0
DA:35,0
DA:36,0
DA:37,0
DA:38,0
DA:40,0
DA:42,0
DA:46,2
DA:47,0
DA:48,0
DA:49,0
DA:50,0
DA:54,2
DA:55,0
DA:56,0
DA:59,0
DA:60,0
DA:63,0
DA:67,0
DA:99,0
DA:127,0
DA:134,0
DA:185,0
DA:204,1
LF:33
LH:10
BRDA:47,0,0,0
BRDA:47,0,1,0
BRDA:63,1,0,0
BRDA:63,1,1,0
BRDA:64,2,0,0
BRDA:64,2,1,0
BRDA:64,3,0,0
BRDA:64,3,1,0
BRDA:64,4,0,0
BRDA:64,4,1,0
BRDA:81,5,0,0
BRDA:81,5,1,0
BRDA:88,6,0,0
BRDA:88,6,1,0
BRDA:104,7,0,0
BRDA:104,7,1,0
BRDA:118,8,0,0
BRDA:118,8,1,0
BRDA:143,9,0,0
BRDA:143,9,1,0
BRDA:146,10,0,0
BRDA:146,10,1,0
BRDA:147,11,0,0
BRDA:147,11,1,0
BRDA:148,12,0,0
BRDA:148,12,1,0
BRDA:187,13,0,0
BRDA:187,13,1,0
BRDA:192,14,0,0
BRDA:192,14,1,0
BRDA:193,15,0,0
BRDA:193,15,1,0
BRDA:196,16,0,0
BRDA:196,16,1,0
BRDA:197,17,0,0
BRDA:197,17,1,0
BRDA:199,18,0,0
BRDA:199,18,1,0
BRF:38
BRH:0
end_of_record
TN:
SF:app/(tabs)/saved.tsx
FN:9,SavedScreen
FN:30,(anonymous_1)
FN:46,(anonymous_2)
FNF:3
FNH:0
FNDA:0,SavedScreen
FNDA:0,(anonymous_1)
FNDA:0,(anonymous_2)
DA:10,0
DA:12,0
DA:31,0
DA:47,0
DA:57,0
LF:5
LH:0
BRDA:28,0,0,0
BRDA:28,0,1,0
BRDA:28,1,0,0
BRDA:28,1,1,0
BRDA:34,2,0,0
BRDA:34,2,1,0
BRF:6
BRH:0
end_of_record
TN:
SF:app/(tabs)/sessions.tsx
FN:23,formatDate
FN:28,formatDuration
FN:36,SessionCard
FN:70,(anonymous_3)
FN:74,(anonymous_4)
FN:84,MetaItem
FN:94,SessionsScreen
FN:100,(anonymous_7)
FN:112,(anonymous_8)
FN:114,(anonymous_9)
FN:120,(anonymous_10)
FN:133,(anonymous_11)
FN:139,(anonymous_12)
FN:159,(anonymous_13)
FN:170,(anonymous_14)
FN:174,(anonymous_15)
FN:197,(anonymous_16)
FNF:17
FNH:1
FNDA:0,formatDate
FNDA:0,formatDuration
FNDA:0,SessionCard
FNDA:0,(anonymous_3)
FNDA:0,(anonymous_4)
FNDA:0,MetaItem
FNDA:3,SessionsScreen
FNDA:0,(anonymous_7)
FNDA:0,(anonymous_8)
FNDA:0,(anonymous_9)
FNDA:0,(anonymous_10)
FNDA:0,(anonymous_11)
FNDA:0,(anonymous_12)
FNDA:0,(anonymous_13)
FNDA:0,(anonymous_14)
FNDA:0,(anonymous_15)
FNDA:0,(anonymous_16)
DA:12,1
DA:17,1
DA:24,0
DA:25,0
DA:29,0
DA:30,0
DA:31,0
DA:32,0
DA:33,0
DA:37,0
DA:38,0
DA:39,0
DA:40,0
DA:42,0
DA:70,0
DA:74,0
DA:85,0
DA:95,3
DA:96,3
DA:97,2
DA:98,2
DA:100,2
DA:101,0
DA:102,0
DA:103,0
DA:104,0
DA:108,0
DA:112,2
DA:114,0
DA:115,0
DA:121,0
DA:122,0
DA:123,0
DA:124,0
DA:126,0
DA:133,0
DA:134,0
DA:140,0
DA:141,0
DA:142,0
DA:143,0
DA:145,0
DA:152,0
DA:159,0
DA:161,0
DA:171,0
DA:174,0
DA:198,0
DA:208,1
LF:49
LH:9
BRDA:29,0,0,0
BRDA:29,0,1,0
BRDA:30,1,0,0
BRDA:30,1,1,0
BRDA:33,2,0,0
BRDA:33,2,1,0
BRDA:37,3,0,0
BRDA:37,3,1,0
BRDA:38,4,0,0
BRDA:38,4,1,0
BRDA:39,5,0,0
BRDA:39,5,1,0
BRDA:40,6,0,0
BRDA:40,6,1,0
BRDA:58,7,0,0
BRDA:58,7,1,0
BRDA:60,8,0,0
BRDA:60,8,1,0
BRDA:63,9,0,0
BRDA:63,9,1,0
BRDA:68,10,0,0
BRDA:68,10,1,0
BRDA:89,11,0,0
BRDA:89,11,1,0
BRDA:104,12,0,0
BRDA:104,12,1,0
BRDA:104,13,0,0
BRDA:104,13,1,0
BRDA:126,14,0,0
BRDA:126,14,1,0
BRDA:145,15,0,0
BRDA:145,15,1,0
BRDA:159,16,0,0
BRDA:159,16,1,0
BRDA:173,17,0,0
BRDA:173,17,1,0
BRDA:176,18,0,0
BRDA:176,18,1,0
BRDA:185,19,0,0
BRDA:185,19,1,0
BRDA:191,20,0,0
BRDA:191,20,1,0
BRF:42
BRH:0
end_of_record
TN:
SF:app/booking/[id].tsx
FN:10,BookingDetailScreen
FN:16,(anonymous_1)
FN:18,(anonymous_2)
FN:22,(anonymous_3)
FN:35,(anonymous_4)
FN:41,(anonymous_5)
FN:59,(anonymous_6)
FN:107,(anonymous_7)
FN:121,(anonymous_8)
FN:148,Info
FNF:10
FNH:0
FNDA:0,BookingDetailScreen
FNDA:0,(anonymous_1)
FNDA:0,(anonymous_2)
FNDA:0,(anonymous_3)
FNDA:0,(anonymous_4)
FNDA:0,(anonymous_5)
FNDA:0,(anonymous_6)
FNDA:0,(anonymous_7)
FNDA:0,(anonymous_8)
FNDA:0,Info
DA:11,0
DA:12,0
DA:13,0
DA:14,0
DA:16,0
DA:17,0
DA:18,0
DA:19,0
DA:20,0
DA:25,0
DA:26,0
DA:35,0
DA:36,0
DA:42,0
DA:43,0
DA:49,0
DA:53,0
DA:59,0
DA:108,0
DA:122,0
DA:123,0
DA:125,0
DA:149,0
DA:157,0
LF:24
LH:0
BRDA:17,0,0,0
BRDA:17,0,1,0
BRDA:19,1,0,0
BRDA:19,1,1,0
BRDA:19,2,0,0
BRDA:19,2,1,0
BRDA:25,3,0,0
BRDA:25,3,1,0
BRDA:86,4,0,0
BRDA:86,4,1,0
BRDA:91,5,0,0
BRDA:91,5,1,0
BRDA:98,6,0,0
BRDA:98,6,1,0
BRDA:99,7,0,0
BRDA:99,7,1,0
BRDA:110,8,0,0
BRDA:110,8,1,0
BRDA:119,9,0,0
BRDA:119,9,1,0
BRDA:122,10,0,0
BRDA:122,10,1,0
BRDA:129,11,0,0
BRDA:129,11,1,0
BRDA:130,12,0,0
BRDA:130,12,1,0
BRDA:131,13,0,0
BRDA:131,13,1,0
BRDA:135,14,0,0
BRDA:135,14,1,0
BRF:30
BRH:0
end_of_record
TN:
SF:app/parking/[id].tsx
FN:46,toDisplaySlot
FN:55,SlotCell
FN:86,(anonymous_2)
FN:100,(anonymous_3)
FN:109,ParkingDetailScreen
FN:114,(anonymous_5)
FN:129,(anonymous_6)
FN:132,(anonymous_7)
FN:133,(anonymous_8)
FN:134,(anonymous_9)
FN:138,(anonymous_10)
FN:143,(anonymous_11)
FN:144,(anonymous_12)
FN:145,(anonymous_13)
FN:148,(anonymous_14)
FN:149,(anonymous_15)
FN:150,(anonymous_16)
FN:155,(anonymous_17)
FN:159,(anonymous_18)
FN:160,(anonymous_19)
FN:161,(anonymous_20)
FN:163,(anonymous_21)
FN:168,(anonymous_22)
FN:195,(anonymous_23)
FN:218,(anonymous_24)
FN:222,(anonymous_25)
FN:240,(anonymous_26)
FN:270,(anonymous_27)
FN:275,(anonymous_28)
FN:288,(anonymous_29)
FN:310,(anonymous_30)
FN:334,(anonymous_31)
FN:338,(anonymous_32)
FN:342,(anonymous_33)
FNF:34
FNH:11
FNDA:0,toDisplaySlot
FNDA:0,SlotCell
FNDA:0,(anonymous_2)
FNDA:0,(anonymous_3)
FNDA:2,ParkingDetailScreen
FNDA:2,(anonymous_5)
FNDA:1,(anonymous_6)
FNDA:1,(anonymous_7)
FNDA:0,(anonymous_8)
FNDA:1,(anonymous_9)
FNDA:1,(anonymous_10)
FNDA:1,(anonymous_11)
FNDA:0,(anonymous_12)
FNDA:1,(anonymous_13)
FNDA:0,(anonymous_14)
FNDA:0,(anonymous_15)
FNDA:0,(anonymous_16)
FNDA:0,(anonymous_17)
FNDA:0,(anonymous_18)
FNDA:0,(anonymous_19)
FNDA:0,(anonymous_20)
FNDA:0,(anonymous_21)
FNDA:4,(anonymous_22)
FNDA:0,(anonymous_23)
FNDA:6,(anonymous_24)
FNDA:0,(anonymous_25)
FNDA:0,(anonymous_26)
FNDA:0,(anonymous_27)
FNDA:0,(anonymous_28)
FNDA:0,(anonymous_29)
FNDA:0,(anonymous_30)
FNDA:0,(anonymous_31)
FNDA:14,(anonymous_32)
FNDA:0,(anonymous_33)
DA:21,1
DA:23,1
DA:47,0
DA:62,0
DA:63,0
DA:82,0
DA:83,0
DA:86,0
DA:97,0
DA:100,0
DA:110,2
DA:113,2
DA:114,2
DA:116,2
DA:119,2
DA:120,2
DA:123,2
DA:124,2
DA:125,2
DA:126,2
DA:129,2
DA:130,1
DA:131,1
DA:132,1
DA:134,1
DA:138,2
DA:139,1
DA:140,1
DA:141,1
DA:142,1
DA:143,1
DA:144,0
DA:145,1
DA:148,2
DA:149,0
DA:150,0
DA:155,0
DA:159,2
DA:160,2
DA:161,2
DA:163,2
DA:166,2
DA:168,4
DA:169,2
DA:170,2
DA:171,2
DA:173,2
DA:174,2
DA:175,2
DA:176,2
DA:177,2
DA:179,2
DA:185,2
DA:195,0
DA:219,6
DA:222,0
DA:240,0
DA:271,0
DA:276,0
DA:289,0
DA:311,0
DA:334,0
DA:339,14
DA:342,0
DA:359,1
LF:65
LH:44
BRDA:62,0,0,0
BRDA:62,0,1,0
BRDA:82,1,0,0
BRDA:82,1,1,0
BRDA:114,2,0,2
BRDA:114,2,1,0
BRDA:130,3,0,0
BRDA:130,3,1,1
BRDA:139,4,0,0
BRDA:139,4,1,1
BRDA:152,5,0,0
BRDA:152,5,1,0
BRDA:155,6,0,0
BRDA:155,6,1,0
BRDA:170,7,0,2
BRDA:170,7,1,1
BRDA:170,8,0,1
BRDA:170,8,1,1
BRDA:173,9,0,2
BRDA:173,9,1,1
BRDA:174,10,0,2
BRDA:174,10,1,1
BRDA:175,11,0,2
BRDA:175,11,1,1
BRDA:176,12,0,2
BRDA:176,12,1,2
BRDA:177,13,0,0
BRDA:177,13,1,2
BRDA:177,14,0,2
BRDA:177,14,1,2
BRDA:177,15,0,2
BRDA:177,15,1,2
BRDA:221,16,0,6
BRDA:221,16,1,2
BRDA:227,17,0,2
BRDA:227,17,1,4
BRDA:229,18,0,6
BRDA:229,18,1,2
BRDA:247,19,0,1
BRDA:247,19,1,1
BRDA:252,20,0,1
BRDA:252,20,1,0
BRDA:291,21,0,0
BRDA:291,21,1,0
BRDA:307,22,0,2
BRDA:307,22,1,2
BRDA:314,23,0,0
BRDA:314,23,1,0
BRDA:323,24,0,0
BRDA:323,24,1,2
BRDA:341,25,0,14
BRDA:341,25,1,2
BRDA:344,26,0,14
BRDA:344,26,1,2
BRDA:347,27,0,14
BRDA:347,27,1,2
BRF:56
BRH:38
end_of_record
TN:
SF:app/payment/checkout.tsx
FN:23,CheckoutScreen
FN:35,(anonymous_1)
FN:37,(anonymous_2)
FN:40,(anonymous_3)
FN:41,(anonymous_4)
FN:44,(anonymous_5)
FN:56,(anonymous_6)
FN:62,(anonymous_7)
FN:109,(anonymous_8)
FN:159,(anonymous_9)
FN:164,(anonymous_10)
FN:172,(anonymous_11)
FNF:12
FNH:6
FNDA:2,CheckoutScreen
FNDA:2,(anonymous_1)
FNDA:1,(anonymous_2)
FNDA:1,(anonymous_3)
FNDA:0,(anonymous_4)
FNDA:2,(anonymous_5)
FNDA:0,(anonymous_6)
FNDA:0,(anonymous_7)
FNDA:0,(anonymous_8)
FNDA:0,(anonymous_9)
FNDA:8,(anonymous_10)
FNDA:0,(anonymous_11)
DA:21,1
DA:24,2
DA:25,2
DA:26,2
DA:27,2
DA:28,2
DA:29,2
DA:31,2
DA:34,2
DA:35,2
DA:37,2
DA:38,1
DA:39,1
DA:40,1
DA:44,2
DA:45,2
DA:46,2
DA:48,2
DA:49,2
DA:50,2
DA:52,2
DA:56,2
DA:57,0
DA:58,0
DA:62,0
DA:66,0
DA:69,0
DA:70,0
DA:72,0
DA:79,0
DA:82,0
DA:84,0
DA:96,0
DA:97,0
DA:99,0
DA:103,2
DA:109,0
DA:159,0
DA:165,8
DA:166,8
DA:167,8
DA:168,8
DA:172,0
DA:232,1
LF:44
LH:28
BRDA:28,0,0,2
BRDA:28,0,1,0
BRDA:35,1,0,2
BRDA:35,1,1,0
BRDA:38,2,0,0
BRDA:38,2,1,1
BRDA:48,3,0,2
BRDA:48,3,1,1
BRDA:49,4,0,2
BRDA:49,4,1,1
BRDA:50,5,0,2
BRDA:50,5,1,1
BRDA:52,6,0,2
BRDA:52,6,1,0
BRDA:57,7,0,0
BRDA:57,7,1,0
BRDA:75,8,0,0
BRDA:75,8,1,0
BRDA:90,9,0,0
BRDA:90,9,1,0
BRDA:96,10,0,0
BRDA:96,10,1,0
BRDA:129,11,0,2
BRDA:129,11,1,0
BRDA:167,12,0,8
BRDA:167,12,1,2
BRDA:171,13,0,8
BRDA:171,13,1,2
BRDA:174,14,0,8
BRDA:174,14,1,2
BRDA:176,15,0,2
BRDA:176,15,1,6
BRDA:178,16,0,2
BRDA:178,16,1,6
BRDA:182,17,0,8
BRDA:182,17,1,2
BRDA:185,18,0,8
BRDA:185,18,1,2
BRDA:188,19,0,2
BRDA:188,19,1,2
BRDA:189,20,0,2
BRDA:189,20,1,0
BRDA:192,21,0,0
BRDA:192,21,1,2
BRDA:196,22,0,8
BRDA:196,22,1,2
BRDA:197,23,0,8
BRDA:197,23,1,2
BRDA:215,24,0,2
BRDA:215,24,1,2
BRDA:215,24,2,0
BRDA:219,25,0,0
BRDA:219,25,1,2
BRDA:223,26,0,0
BRDA:223,26,1,2
BRF:55
BRH:37
end_of_record
TN:
SF:app/payment/success.tsx
FN:9,PaymentSuccessScreen
FN:18,(anonymous_1)
FN:22,(anonymous_2)
FN:74,(anonymous_3)
FN:80,(anonymous_4)
FN:89,InfoRow
FNF:6
FNH:0
FNDA:0,PaymentSuccessScreen
FNDA:0,(anonymous_1)
FNDA:0,(anonymous_2)
FNDA:0,(anonymous_3)
FNDA:0,(anonymous_4)
FNDA:0,InfoRow
DA:10,0
DA:11,0
DA:13,0
DA:14,0
DA:15,0
DA:16,0
DA:17,0
DA:18,0
DA:19,0
DA:20,0
DA:22,0
DA:23,0
DA:34,0
DA:74,0
DA:80,0
DA:90,0
DA:103,0
LF:17
LH:0
BRDA:16,0,0,0
BRDA:16,0,1,0
BRDA:25,1,0,0
BRDA:25,1,1,0
BRDA:26,2,0,0
BRDA:26,2,1,0
BRDA:27,3,0,0
BRDA:27,3,1,0
BRDA:28,4,0,0
BRDA:28,4,1,0
BRDA:30,5,0,0
BRDA:30,5,1,0
BRDA:55,6,0,0
BRDA:55,6,1,0
BRDA:56,7,0,0
BRDA:56,7,1,0
BRDA:57,8,0,0
BRDA:57,8,1,0
BRDA:58,9,0,0
BRDA:58,9,1,0
BRDA:97,10,0,0
BRDA:97,10,1,0
BRF:22
BRH:0
end_of_record
TN:
SF:app/profile/edit.tsx
FN:12,ProfileEditScreen
FN:23,(anonymous_1)
FN:27,(anonymous_2)
FN:44,(anonymous_3)
FN:61,(anonymous_4)
FN:88,(anonymous_5)
FN:139,(anonymous_6)
FN:149,(anonymous_7)
FN:160,(anonymous_8)
FNF:9
FNH:0
FNDA:0,ProfileEditScreen
FNDA:0,(anonymous_1)
FNDA:0,(anonymous_2)
FNDA:0,(anonymous_3)
FNDA:0,(anonymous_4)
FNDA:0,(anonymous_5)
FNDA:0,(anonymous_6)
FNDA:0,(anonymous_7)
FNDA:0,(anonymous_8)
DA:13,0
DA:14,0
DA:15,0
DA:23,0
DA:24,0
DA:27,0
DA:28,0
DA:29,0
DA:30,0
DA:38,0
DA:40,0
DA:44,0
DA:45,0
DA:46,0
DA:47,0
DA:53,0
DA:55,0
DA:57,0
DA:61,0
DA:62,0
DA:68,0
DA:71,0
DA:75,0
DA:76,0
DA:83,0
DA:88,0
DA:139,0
DA:149,0
DA:160,0
DA:173,0
LF:30
LH:0
BRDA:31,0,0,0
BRDA:31,0,1,0
BRDA:32,1,0,0
BRDA:32,1,1,0
BRDA:33,2,0,0
BRDA:33,2,1,0
BRDA:34,3,0,0
BRDA:34,3,1,0
BRDA:35,4,0,0
BRDA:35,4,1,0
BRDA:68,5,0,0
BRDA:68,5,1,0
BRDA:75,6,0,0
BRDA:75,6,1,0
BRDA:97,7,0,0
BRDA:97,7,1,0
BRDA:109,8,0,0
BRDA:109,8,1,0
BRF:18
BRH:0
end_of_record
TN:
SF:app/spot/current.tsx
FN:20,formatDuration
FN:28,formatDatetime
FN:33,CurrentSpotScreen
FN:50,(anonymous_3)
FN:61,(anonymous_4)
FN:68,(anonymous_5)
FN:84,(anonymous_6)
FN:157,(anonymous_7)
FN:168,(anonymous_8)
FN:189,DetailItem
FNF:10
FNH:0
FNDA:0,formatDuration
FNDA:0,formatDatetime
FNDA:0,CurrentSpotScreen
FNDA:0,(anonymous_3)
FNDA:0,(anonymous_4)
FNDA:0,(anonymous_5)
FNDA:0,(anonymous_6)
FNDA:0,(anonymous_7)
FNDA:0,(anonymous_8)
FNDA:0,DetailItem
DA:12,0
DA:13,0
DA:14,0
DA:15,0
DA:16,0
DA:17,0
DA:21,0
DA:22,0
DA:23,0
DA:24,0
DA:25,0
DA:29,0
DA:30,0
DA:34,0
DA:36,0
DA:37,0
DA:44,0
DA:45,0
DA:50,0
DA:57,0
DA:58,0
DA:59,0
DA:61,0
DA:62,0
DA:69,0
DA:70,0
DA:77,0
DA:84,0
DA:158,0
DA:168,0
DA:190,0
DA:201,0
LF:32
LH:0
BRDA:14,0,0,0
BRDA:14,0,1,0
BRDA:22,1,0,0
BRDA:22,1,1,0
BRDA:25,2,0,0
BRDA:25,2,1,0
BRDA:36,3,0,0
BRDA:36,3,1,0
BRDA:44,4,0,0
BRDA:44,4,1,0
BRDA:57,5,0,0
BRDA:57,5,1,0
BRDA:102,6,0,0
BRDA:102,6,1,0
BRDA:102,7,0,0
BRDA:102,7,1,0
BRDA:123,8,0,0
BRDA:123,8,1,0
BRDA:131,9,0,0
BRDA:131,9,1,0
BRDA:133,10,0,0
BRDA:133,10,1,0
BRDA:134,11,0,0
BRDA:134,11,1,0
BRDA:135,12,0,0
BRDA:135,12,1,0
BRDA:139,13,0,0
BRDA:139,13,1,0
BRDA:153,14,0,0
BRDA:153,14,1,0
BRDA:165,15,0,0
BRDA:165,15,1,0
BRF:32
BRH:0
end_of_record
TN:
SF:app/spot/save.tsx
FN:17,SaveSpotScreen
FN:34,(anonymous_1)
FN:35,(anonymous_2)
FN:42,(anonymous_3)
FN:53,(anonymous_4)
FN:57,(anonymous_5)
FN:60,(anonymous_6)
FN:60,(anonymous_7)
FN:63,(anonymous_8)
FN:64,(anonymous_9)
FN:111,(anonymous_10)
FN:160,(anonymous_11)
FN:163,(anonymous_12)
FN:170,(anonymous_13)
FN:174,(anonymous_14)
FN:198,FormField
FNF:16
FNH:0
FNDA:0,SaveSpotScreen
FNDA:0,(anonymous_1)
FNDA:0,(anonymous_2)
FNDA:0,(anonymous_3)
FNDA:0,(anonymous_4)
FNDA:0,(anonymous_5)
FNDA:0,(anonymous_6)
FNDA:0,(anonymous_7)
FNDA:0,(anonymous_8)
FNDA:0,(anonymous_9)
FNDA:0,(anonymous_10)
FNDA:0,(anonymous_11)
FNDA:0,(anonymous_12)
FNDA:0,(anonymous_13)
FNDA:0,(anonymous_14)
FNDA:0,FormField
DA:15,0
DA:18,0
DA:23,0
DA:25,0
DA:26,0
DA:27,0
DA:28,0
DA:29,0
DA:30,0
DA:31,0
DA:32,0
DA:34,0
DA:35,0
DA:36,0
DA:37,0
DA:38,0
DA:42,0
DA:43,0
DA:44,0
DA:45,0
DA:47,0
DA:51,0
DA:52,0
DA:53,0
DA:57,0
DA:58,0
DA:59,0
DA:60,0
DA:63,0
DA:64,0
DA:65,0
DA:66,0
DA:67,0
DA:83,0
DA:85,0
DA:86,0
DA:88,0
DA:89,0
DA:92,0
DA:93,0
DA:102,0
DA:106,0
DA:111,0
DA:161,0
DA:163,0
DA:170,0
DA:174,0
DA:204,0
DA:225,0
LF:49
LH:0
BRDA:43,0,0,0
BRDA:43,0,1,0
BRDA:47,1,0,0
BRDA:47,1,1,0
BRDA:51,2,0,0
BRDA:51,2,1,0
BRDA:51,3,0,0
BRDA:51,3,1,0
BRDA:70,4,0,0
BRDA:70,4,1,0
BRDA:71,5,0,0
BRDA:71,5,1,0
BRDA:72,6,0,0
BRDA:72,6,1,0
BRDA:73,7,0,0
BRDA:73,7,1,0
BRDA:74,8,0,0
BRDA:74,8,1,0
BRDA:75,9,0,0
BRDA:75,9,1,0
BRDA:78,10,0,0
BRDA:78,10,1,0
BRDA:86,11,0,0
BRDA:86,11,1,0
BRDA:92,12,0,0
BRDA:92,12,1,0
BRDA:121,13,0,0
BRDA:121,13,1,0
BRDA:131,14,0,0
BRDA:131,14,1,0
BRDA:131,15,0,0
BRDA:131,15,1,0
BRDA:133,16,0,0
BRDA:133,16,1,0
BRDA:135,17,0,0
BRDA:135,17,1,0
BRDA:138,18,0,0
BRDA:138,18,1,0
BRDA:139,19,0,0
BRDA:139,19,1,0
BRDA:140,20,0,0
BRDA:140,20,1,0
BRDA:168,21,0,0
BRDA:168,21,1,0
BRDA:187,22,0,0
BRDA:187,22,1,0
BRDA:188,23,0,0
BRDA:188,23,1,0
BRDA:212,24,0,0
BRDA:212,24,1,0
BRDA:218,25,0,0
BRDA:218,25,1,0
BRF:52
BRH:0
end_of_record
TN:
SF:app/spot/history/[id].tsx
FN:13,formatDatetime
FN:18,formatDuration
FN:27,SpotHistoryDetailScreen
FN:32,(anonymous_3)
FN:33,(anonymous_4)
FN:51,(anonymous_5)
FN:65,(anonymous_6)
FN:117,(anonymous_7)
FN:127,(anonymous_8)
FN:140,DetailRow
FNF:10
FNH:0
FNDA:0,formatDatetime
FNDA:0,formatDuration
FNDA:0,SpotHistoryDetailScreen
FNDA:0,(anonymous_3)
FNDA:0,(anonymous_4)
FNDA:0,(anonymous_5)
FNDA:0,(anonymous_6)
FNDA:0,(anonymous_7)
FNDA:0,(anonymous_8)
FNDA:0,DetailRow
DA:14,0
DA:15,0
DA:19,0
DA:20,0
DA:21,0
DA:22,0
DA:23,0
DA:24,0
DA:28,0
DA:29,0
DA:30,0
DA:32,0
DA:33,0
DA:34,0
DA:35,0
DA:39,0
DA:40,0
DA:47,0
DA:48,0
DA:51,0
DA:58,0
DA:60,0
DA:65,0
DA:118,0
DA:127,0
DA:141,0
DA:150,0
LF:27
LH:0
BRDA:19,0,0,0
BRDA:19,0,1,0
BRDA:21,1,0,0
BRDA:21,1,1,0
BRDA:24,2,0,0
BRDA:24,2,1,0
BRDA:39,3,0,0
BRDA:39,3,1,0
BRDA:47,4,0,0
BRDA:47,4,1,0
BRDA:58,5,0,0
BRDA:58,5,1,0
BRDA:80,6,0,0
BRDA:80,6,1,0
BRDA:88,7,0,0
BRDA:88,7,1,0
BRDA:89,8,0,0
BRDA:89,8,1,0
BRDA:90,9,0,0
BRDA:90,9,1,0
BRDA:93,10,0,0
BRDA:93,10,1,0
BRDA:105,11,0,0
BRDA:105,11,1,0
BRDA:113,12,0,0
BRDA:113,12,1,0
BRDA:124,13,0,0
BRDA:124,13,1,0
BRF:28
BRH:0
end_of_record
TN:
SF:app/wallet/add-card.tsx
FN:18,AddCardScreen
FN:25,(anonymous_1)
FN:31,(anonymous_2)
FN:39,(anonymous_3)
FN:41,(anonymous_4)
FN:47,(anonymous_5)
FN:61,(anonymous_6)
FN:121,(anonymous_7)
FN:136,(anonymous_8)
FNF:9
FNH:2
FNDA:1,AddCardScreen
FNDA:0,(anonymous_1)
FNDA:0,(anonymous_2)
FNDA:0,(anonymous_3)
FNDA:0,(anonymous_4)
FNDA:1,(anonymous_5)
FNDA:0,(anonymous_6)
FNDA:0,(anonymous_7)
FNDA:0,(anonymous_8)
DA:19,1
DA:20,1
DA:21,1
DA:22,1
DA:23,1
DA:25,1
DA:26,0
DA:27,0
DA:28,0
DA:31,1
DA:32,0
DA:33,0
DA:34,0
DA:36,0
DA:39,1
DA:40,0
DA:41,0
DA:42,0
DA:43,0
DA:47,1
DA:48,1
DA:49,1
DA:50,1
DA:53,1
DA:55,1
DA:61,0
DA:121,0
DA:136,0
DA:196,1
LF:29
LH:15
BRDA:28,0,0,0
BRDA:28,0,1,0
BRDA:33,1,0,0
BRDA:33,1,1,0
BRDA:48,2,0,0
BRDA:48,2,1,1
BRDA:49,3,0,0
BRDA:49,3,1,1
BRDA:71,4,0,1
BRDA:71,4,1,0
BRDA:82,5,0,1
BRDA:82,5,1,0
BRDA:85,6,0,0
BRDA:85,6,1,0
BRDA:95,7,0,1
BRDA:95,7,1,1
BRDA:102,8,0,1
BRDA:102,8,1,1
BRDA:106,9,0,1
BRDA:106,9,1,1
BRDA:184,10,0,1
BRDA:184,10,1,0
BRDA:188,11,0,0
BRDA:188,11,1,1
BRF:24
BRH:12
end_of_record
TN:
SF:app/wallet/index.tsx
FN:20,TransactionItem
FN:49,WalletScreen
FN:54,(anonymous_2)
FN:67,(anonymous_3)
FN:118,(anonymous_4)
FN:128,(anonymous_5)
FN:170,(anonymous_6)
FNF:7
FNH:1
FNDA:0,TransactionItem
FNDA:3,WalletScreen
FNDA:0,(anonymous_2)
FNDA:0,(anonymous_3)
FNDA:0,(anonymous_4)
FNDA:0,(anonymous_5)
FNDA:0,(anonymous_6)
DA:21,0
DA:22,0
DA:23,0
DA:25,0
DA:50,3
DA:53,3
DA:55,0
DA:59,0
DA:67,0
DA:118,0
DA:128,0
DA:171,0
DA:185,1
LF:13
LH:3
BRDA:22,0,0,0
BRDA:22,0,1,0
BRDA:22,1,0,0
BRDA:22,1,1,0
BRDA:23,2,0,0
BRDA:23,2,1,0
BRDA:23,3,0,0
BRDA:23,3,1,0
BRDA:36,4,0,0
BRDA:36,4,1,0
BRDA:37,5,0,0
BRDA:37,5,1,0
BRDA:39,6,0,0
BRDA:39,6,1,0
BRDA:40,7,0,0
BRDA:40,7,1,0
BRDA:41,8,0,0
BRDA:41,8,1,0
BRDA:159,9,0,0
BRDA:159,9,1,0
BRDA:163,10,0,0
BRDA:163,10,1,0
BRDA:173,11,0,0
BRDA:173,11,1,0
BRF:24
BRH:0
end_of_record
TN:
SF:app/wallet/top-up.tsx
FN:21,TopUpScreen
FN:28,(anonymous_1)
FN:51,(anonymous_2)
FN:72,(anonymous_3)
FN:79,(anonymous_4)
FN:83,(anonymous_5)
FN:97,(anonymous_6)
FN:103,(anonymous_7)
FN:103,(anonymous_8)
FN:107,(anonymous_9)
FNF:10
FNH:5
FNDA:3,TopUpScreen
FNDA:1,(anonymous_1)
FNDA:0,(anonymous_2)
FNDA:0,(anonymous_3)
FNDA:18,(anonymous_4)
FNDA:0,(anonymous_5)
FNDA:0,(anonymous_6)
FNDA:12,(anonymous_7)
FNDA:9,(anonymous_8)
FNDA:0,(anonymous_9)
DA:19,1
DA:22,3
DA:23,3
DA:24,3
DA:26,3
DA:28,3
DA:29,1
DA:30,1
DA:31,0
DA:32,0
DA:34,1
DA:35,1
DA:36,1
DA:37,1
DA:39,0
DA:41,1
DA:45,3
DA:51,0
DA:72,0
DA:80,18
DA:83,0
DA:97,0
DA:103,12
DA:104,9
DA:107,0
DA:151,1
LF:26
LH:18
BRDA:29,0,0,1
BRDA:29,0,1,0
BRDA:30,1,0,0
BRDA:30,1,1,1
BRDA:39,2,0,0
BRDA:39,2,1,0
BRDA:71,3,0,3
BRDA:71,3,1,0
BRDA:82,4,0,18
BRDA:82,4,1,3
BRDA:85,5,0,18
BRDA:85,5,1,3
BRDA:86,6,0,6
BRDA:86,6,1,12
BRDA:106,7,0,9
BRDA:106,7,1,3
BRDA:111,8,0,3
BRDA:111,8,1,6
BRDA:113,9,0,3
BRDA:113,9,1,6
BRDA:117,10,0,9
BRDA:117,10,1,3
BRDA:120,11,0,9
BRDA:120,11,1,6
BRDA:121,12,0,6
BRDA:121,12,1,3
BRDA:126,13,0,9
BRDA:126,13,1,3
BRDA:140,14,0,3
BRDA:140,14,1,1
BRDA:144,15,0,1
BRDA:144,15,1,2
BRF:32
BRH:27
end_of_record
TN:
SF:components/ErrorBoundary.tsx
FN:19,(anonymous_0)
FN:23,(anonymous_1)
FN:27,(anonymous_2)
FN:31,(anonymous_3)
FNF:4
FNH:3
FNDA:2,(anonymous_0)
FNDA:1,(anonymous_1)
FNDA:0,(anonymous_2)
FNDA:4,(anonymous_3)
DA:15,2
DA:20,2
DA:24,1
DA:27,2
DA:28,0
DA:32,4
DA:33,2
DA:51,2
DA:55,1
LF:9
LH:8
BRDA:32,0,0,2
BRDA:32,0,1,2
BRF:2
BRH:2
end_of_record
TN:
SF:components/external-link.tsx
FN:7,ExternalLink
FN:13,(anonymous_1)
FNF:2
FNH:1
FNDA:1,ExternalLink
FNDA:0,(anonymous_1)
DA:8,1
DA:14,0
DA:16,0
DA:18,0
LF:4
LH:1
BRDA:14,0,0,0
BRDA:14,0,1,0
BRF:2
BRH:0
end_of_record
TN:
SF:components/haptic-tab.tsx
FN:5,HapticTab
FN:9,(anonymous_1)
FNF:2
FNH:1
FNDA:1,HapticTab
FNDA:0,(anonymous_1)
DA:6,1
DA:10,0
DA:12,0
DA:14,0
LF:4
LH:1
BRDA:10,0,0,0
BRDA:10,0,1,0
BRF:2
BRH:0
end_of_record
TN:
SF:components/hello-wave.tsx
FN:3,HelloWave
FNF:1
FNH:1
FNDA:1,HelloWave
DA:4,1
LF:1
LH:1
BRF:0
BRH:0
end_of_record
TN:
SF:components/parallax-scroll-view.tsx
FN:21,ParallaxScrollView
FN:30,(anonymous_1)
FNF:2
FNH:2
FNDA:1,ParallaxScrollView
FNDA:1,(anonymous_1)
DA:14,1
DA:26,1
DA:27,1
DA:28,1
DA:29,1
DA:30,1
DA:31,1
DA:47,1
DA:65,1
LF:9
LH:9
BRDA:27,0,0,1
BRDA:27,0,1,0
BRF:2
BRH:1
end_of_record
TN:
SF:components/themed-text.tsx
FN:11,ThemedText
FNF:1
FNH:1
FNDA:3,ThemedText
DA:18,3
DA:20,3
DA:36,1
LF:3
LH:3
BRDA:15,0,0,0
BRDA:24,1,0,0
BRDA:24,1,1,3
BRDA:25,2,0,1
BRDA:25,2,1,2
BRDA:26,3,0,1
BRDA:26,3,1,2
BRDA:27,4,0,0
BRDA:27,4,1,3
BRDA:28,5,0,1
BRDA:28,5,1,2
BRF:11
BRH:8
end_of_record
TN:
SF:components/themed-view.tsx
FN:10,ThemedView
FNF:1
FNH:1
FNDA:3,ThemedView
DA:11,3
DA:13,3
LF:2
LH:2
BRF:0
BRH:0
end_of_record
TN:
SF:components/ui/CategoryButton.tsx
FN:29,CategoryButton
FNF:1
FNH:1
FNDA:24,CategoryButton
DA:15,1
DA:22,1
DA:30,24
DA:46,1
LF:4
LH:4
BRDA:32,0,0,24
BRDA:32,0,1,6
BRDA:37,1,0,6
BRDA:37,1,1,18
BRDA:39,2,0,6
BRDA:39,2,1,18
BRDA:41,3,0,24
BRDA:41,3,1,6
BRF:8
BRH:8
end_of_record
TN:
SF:components/ui/ParkingCard.tsx
FN:14,ParkingCard
FN:27,(anonymous_1)
FN:33,(anonymous_2)
FNF:3
FNH:0
FNDA:0,ParkingCard
FNDA:0,(anonymous_1)
FNDA:0,(anonymous_2)
DA:15,0
DA:16,0
DA:17,0
DA:18,0
DA:19,0
DA:21,0
DA:23,0
DA:27,0
DA:33,0
DA:60,1
LF:10
LH:1
BRDA:14,0,0,0
BRDA:16,1,0,0
BRDA:16,1,1,0
BRDA:17,2,0,0
BRDA:17,2,1,0
BRDA:17,3,0,0
BRDA:17,3,1,0
BRDA:18,4,0,0
BRDA:18,4,1,0
BRDA:18,4,2,0
BRDA:19,5,0,0
BRDA:19,5,1,0
BRDA:25,6,0,0
BRDA:25,6,1,0
BRDA:37,7,0,0
BRDA:37,7,1,0
BRDA:39,8,0,0
BRDA:39,8,1,0
BRDA:54,9,0,0
BRDA:54,9,1,0
BRF:20
BRH:0
end_of_record
TN:
SF:components/ui/SearchBar.tsx
FN:12,SearchBar
FNF:1
FNH:1
FNDA:1,SearchBar
DA:13,1
DA:27,1
LF:2
LH:2
BRDA:12,0,0,0
BRF:1
BRH:0
end_of_record
TN:
SF:components/ui/Skeleton.tsx
FN:12,(anonymous_0)
FN:15,(anonymous_1)
FN:31,(anonymous_2)
FNF:3
FNH:0
FNDA:0,(anonymous_0)
FNDA:0,(anonymous_1)
FNDA:0,(anonymous_2)
DA:12,0
DA:13,0
DA:15,0
DA:16,0
DA:30,0
DA:31,0
DA:34,0
DA:39,0
DA:50,0
LF:9
LH:0
BRDA:12,0,0,0
BRF:1
BRH:0
end_of_record
TN:
SF:components/ui/collapsible.tsx
FN:10,Collapsible
FN:18,(anonymous_1)
FN:18,(anonymous_2)
FNF:3
FNH:1
FNDA:1,Collapsible
FNDA:0,(anonymous_1)
FNDA:0,(anonymous_2)
DA:11,1
DA:12,1
DA:14,1
DA:18,0
DA:35,1
LF:5
LH:4
BRDA:12,0,0,1
BRDA:12,0,1,0
BRDA:24,1,0,1
BRDA:24,1,1,0
BRDA:25,2,0,0
BRDA:25,2,1,1
BRDA:30,3,0,1
BRDA:30,3,1,0
BRF:8
BRH:4
end_of_record
TN:
SF:components/ui/icon-symbol.tsx
FN:21,IconSymbol
FNF:1
FNH:1
FNDA:3,IconSymbol
DA:6,2
DA:34,3
LF:2
LH:2
BRDA:23,0,0,2
BRF:1
BRH:1
end_of_record
